#
# There is insufficient memory for the Java Runtime Environment to continue.
# Native memory allocation (malloc) failed to allocate 937376 bytes for Chunk::new
# Possible reasons:
#   The system is out of physical RAM or swap space
#   In 32 bit mode, the process size limit was hit
# Possible solutions:
#   Reduce memory load on the system
#   Increase physical memory or swap space
#   Check if swap backing store is full
#   Use 64 bit Java on a 64 bit OS
#   Decrease Java heap size (-Xmx/-Xms)
#   Decrease number of Java threads
#   Decrease Java thread stack sizes (-Xss)
#   Set larger code cache with -XX:ReservedCodeCacheSize=
# This output file may be truncated or incomplete.
#
#  Out of Memory Error (allocation.cpp:390), pid=15468, tid=0x0000000000003cb0
#
# JRE version: OpenJDK Runtime Environment (8.0_76-b03) (build 1.8.0_76-release-b03)
# Java VM: OpenJDK 64-Bit Server VM (25.76-b03 mixed mode windows-amd64 compressed oops)
# Failed to write core dump. Minidumps are not enabled by default on client versions of Windows
#

---------------  T H R E A D  ---------------

Current thread (0x0000000017c30000):  JavaThread "C2 CompilerThread2" daemon [_thread_in_native, id=15536, stack(0x00000000185f0000,0x00000000186f0000)]

Stack: [0x00000000185f0000,0x00000000186f0000]
[error occurred during error reporting (printing stack bounds), id 0xc0000005]

Native frames: (J=compiled Java code, j=interpreted, Vv=VM code, C=native code)


Current CompileTask:
C2:   3872 1309   !   4       com.android.dx.cf.code.BytecodeArray::parseInstruction (2764 bytes)


---------------  P R O C E S S  ---------------

Java Threads: ( => current thread )
  0x0000000017f4f000 JavaThread "pool-1-thread-1" [_thread_in_Java, id=9352, stack(0x000000001ba80000,0x000000001bb80000)]
  0x0000000017cb2000 JavaThread "Service Thread" daemon [_thread_blocked, id=15708, stack(0x00000000187f0000,0x00000000188f0000)]
  0x0000000017c34000 JavaThread "C1 CompilerThread3" daemon [_thread_blocked, id=15568, stack(0x00000000186f0000,0x00000000187f0000)]
=>0x0000000017c30000 JavaThread "C2 CompilerThread2" daemon [_thread_in_native, id=15536, stack(0x00000000185f0000,0x00000000186f0000)]
  0x0000000017c2e800 JavaThread "C2 CompilerThread1" daemon [_thread_in_native, id=15508, stack(0x00000000184f0000,0x00000000185f0000)]
  0x0000000017c2b800 JavaThread "C2 CompilerThread0" daemon [_thread_in_native, id=1384, stack(0x00000000183f0000,0x00000000184f0000)]
  0x0000000017c2a800 JavaThread "Attach Listener" daemon [_thread_blocked, id=8520, stack(0x00000000182f0000,0x00000000183f0000)]
  0x0000000017c29800 JavaThread "Signal Dispatcher" daemon [_thread_blocked, id=6476, stack(0x00000000181f0000,0x00000000182f0000)]
  0x0000000017c20800 JavaThread "Finalizer" daemon [_thread_blocked, id=9080, stack(0x0000000018000000,0x0000000018100000)]
  0x0000000001d54000 JavaThread "Reference Handler" daemon [_thread_blocked, id=15652, stack(0x0000000017b00000,0x0000000017c00000)]
  0x0000000001c60800 JavaThread "main" [_thread_blocked, id=9624, stack(0x0000000001b60000,0x0000000001c60000)]

Other Threads:
  0x0000000015d05800 VMThread [stack: 0x0000000017a00000,0x0000000017b00000] [id=15788]
  0x0000000017cb5000 WatcherThread [stack: 0x00000000188f0000,0x00000000189f0000] [id=15784]

VM state:not at safepoint (normal execution)

VM Mutex/Monitor currently owned by a thread: None

Heap:
 PSYoungGen      total 71680K, used 9206K [0x00000000eab00000, 0x00000000f4d00000, 0x0000000100000000)
  eden space 66560K, 6% used [0x00000000eab00000,0x00000000eaeff658,0x00000000eec00000)
  from space 5120K, 99% used [0x00000000eec00000,0x00000000ef0fe4d8,0x00000000ef100000)
  to   space 16384K, 0% used [0x00000000f3d00000,0x00000000f3d00000,0x00000000f4d00000)
 ParOldGen       total 87552K, used 25234K [0x00000000c0000000, 0x00000000c5580000, 0x00000000eab00000)
  object space 87552K, 28% used [0x00000000c0000000,0x00000000c18a4b40,0x00000000c5580000)
 Metaspace       used 6275K, capacity 7216K, committed 7296K, reserved 1056768K
  class space    used 572K, capacity 616K, committed 640K, reserved 1048576K

Card table byte_map: [0x0000000001d60000,0x0000000001f70000] byte_map_base: 0x0000000001760000

Marking Bits: (ParMarkBitMap*) 0x00000000614d9d00
 Begin Bits: [0x0000000013120000, 0x0000000014120000)
 End Bits:   [0x0000000014120000, 0x0000000015120000)

Polling page: 0x0000000001910000

CodeCache: size=245760Kb used=7621Kb max_used=7634Kb free=238138Kb
 bounds [0x0000000003400000, 0x0000000003b80000, 0x0000000012400000]
 total_blobs=2186 nmethods=1923 adapters=176
 compilation: enabled

Compilation events (10 events):
Event: 3.847 Thread 0x0000000017c34000 1956       3       com.android.dx.dex.file.DebugInfoItem::<init> (36 bytes)
Event: 3.848 Thread 0x0000000017c34000 nmethod 1956 0x0000000003b66790 code [0x0000000003b66900, 0x0000000003b66bd8]
Event: 3.849 Thread 0x0000000017c34000 1957       3       java.util.HashMap::getNode (148 bytes)
Event: 3.849 Thread 0x0000000017c2e800 nmethod 1953 0x0000000003b60410 code [0x0000000003b60560, 0x0000000003b60798]
Event: 3.849 Thread 0x0000000017c2e800 1955       4       java.util.HashMap::putVal (300 bytes)
Event: 3.849 Thread 0x0000000017c34000 nmethod 1957 0x0000000003b62410 code [0x0000000003b62600, 0x0000000003b63268]
Event: 3.850 Thread 0x0000000017c34000 1958       3       com.android.dx.rop.cst.CstMemberRef::hashCode (19 bytes)
Event: 3.851 Thread 0x0000000017c34000 nmethod 1958 0x0000000003b65a10 code [0x0000000003b65bc0, 0x0000000003b663e8]
Event: 3.862 Thread 0x0000000017c2e800 nmethod 1955 0x0000000003b7a450 code [0x0000000003b7a600, 0x0000000003b7ad90]
Event: 3.862 Thread 0x0000000017c2e800 1954       4       com.android.dx.dex.code.OutputFinisher::addConstants (68 bytes)

GC Heap History (10 events):
Event: 2.389 GC heap before
{Heap before GC invocations=1 (full 0):
 PSYoungGen      total 38400K, used 33280K [0x00000000eab00000, 0x00000000ed580000, 0x0000000100000000)
  eden space 33280K, 100% used [0x00000000eab00000,0x00000000ecb80000,0x00000000ecb80000)
  from space 5120K, 0% used [0x00000000ed080000,0x00000000ed080000,0x00000000ed580000)
  to   space 5120K, 0% used [0x00000000ecb80000,0x00000000ecb80000,0x00000000ed080000)
 ParOldGen       total 87552K, used 0K [0x00000000c0000000, 0x00000000c5580000, 0x00000000eab00000)
  object space 87552K, 0% used [0x00000000c0000000,0x00000000c0000000,0x00000000c5580000)
 Metaspace       used 5797K, capacity 6896K, committed 7040K, reserved 1056768K
  class space    used 566K, capacity 616K, committed 640K, reserved 1048576K
Event: 2.399 GC heap after
Heap after GC invocations=1 (full 0):
 PSYoungGen      total 38400K, used 5089K [0x00000000eab00000, 0x00000000ed580000, 0x0000000100000000)
  eden space 33280K, 0% used [0x00000000eab00000,0x00000000eab00000,0x00000000ecb80000)
  from space 5120K, 99% used [0x00000000ecb80000,0x00000000ed078450,0x00000000ed080000)
  to   space 5120K, 0% used [0x00000000ed080000,0x00000000ed080000,0x00000000ed580000)
 ParOldGen       total 87552K, used 815K [0x00000000c0000000, 0x00000000c5580000, 0x00000000eab00000)
  object space 87552K, 0% used [0x00000000c0000000,0x00000000c00cbe88,0x00000000c5580000)
 Metaspace       used 5797K, capacity 6896K, committed 7040K, reserved 1056768K
  class space    used 566K, capacity 616K, committed 640K, reserved 1048576K
}
Event: 2.757 GC heap before
{Heap before GC invocations=2 (full 0):
 PSYoungGen      total 38400K, used 38369K [0x00000000eab00000, 0x00000000ed580000, 0x0000000100000000)
  eden space 33280K, 100% used [0x00000000eab00000,0x00000000ecb80000,0x00000000ecb80000)
  from space 5120K, 99% used [0x00000000ecb80000,0x00000000ed078450,0x00000000ed080000)
  to   space 5120K, 0% used [0x00000000ed080000,0x00000000ed080000,0x00000000ed580000)
 ParOldGen       total 87552K, used 815K [0x00000000c0000000, 0x00000000c5580000, 0x00000000eab00000)
  object space 87552K, 0% used [0x00000000c0000000,0x00000000c00cbe88,0x00000000c5580000)
 Metaspace       used 6041K, capacity 7088K, committed 7296K, reserved 1056768K
  class space    used 566K, capacity 616K, committed 640K, reserved 1048576K
Event: 2.776 GC heap after
Heap after GC invocations=2 (full 0):
 PSYoungGen      total 38400K, used 5098K [0x00000000eab00000, 0x00000000ef600000, 0x0000000100000000)
  eden space 33280K, 0% used [0x00000000eab00000,0x00000000eab00000,0x00000000ecb80000)
  from space 5120K, 99% used [0x00000000ed080000,0x00000000ed57aab8,0x00000000ed580000)
  to   space 5120K, 0% used [0x00000000ecb80000,0x00000000ecb80000,0x00000000ed080000)
 ParOldGen       total 87552K, used 4624K [0x00000000c0000000, 0x00000000c5580000, 0x00000000eab00000)
  object space 87552K, 5% used [0x00000000c0000000,0x00000000c0484378,0x00000000c5580000)
 Metaspace       used 6041K, capacity 7088K, committed 7296K, reserved 1056768K
  class space    used 566K, capacity 616K, committed 640K, reserved 1048576K
}
Event: 2.946 GC heap before
{Heap before GC invocations=3 (full 0):
 PSYoungGen      total 38400K, used 38378K [0x00000000eab00000, 0x00000000ef600000, 0x0000000100000000)
  eden space 33280K, 100% used [0x00000000eab00000,0x00000000ecb80000,0x00000000ecb80000)
  from space 5120K, 99% used [0x00000000ed080000,0x00000000ed57aab8,0x00000000ed580000)
  to   space 5120K, 0% used [0x00000000ecb80000,0x00000000ecb80000,0x00000000ed080000)
 ParOldGen       total 87552K, used 4624K [0x00000000c0000000, 0x00000000c5580000, 0x00000000eab00000)
  object space 87552K, 5% used [0x00000000c0000000,0x00000000c0484378,0x00000000c5580000)
 Metaspace       used 6088K, capacity 7152K, committed 7296K, reserved 1056768K
  class space    used 566K, capacity 616K, committed 640K, reserved 1048576K
Event: 2.966 GC heap after
Heap after GC invocations=3 (full 0):
 PSYoungGen      total 38400K, used 5088K [0x00000000eab00000, 0x00000000ef600000, 0x0000000100000000)
  eden space 33280K, 0% used [0x00000000eab00000,0x00000000eab00000,0x00000000ecb80000)
  from space 5120K, 99% used [0x00000000ecb80000,0x00000000ed078038,0x00000000ed080000)
  to   space 5120K, 0% used [0x00000000ef100000,0x00000000ef100000,0x00000000ef600000)
 ParOldGen       total 87552K, used 10073K [0x00000000c0000000, 0x00000000c5580000, 0x00000000eab00000)
  object space 87552K, 11% used [0x00000000c0000000,0x00000000c09d6630,0x00000000c5580000)
 Metaspace       used 6088K, capacity 7152K, committed 7296K, reserved 1056768K
  class space    used 566K, capacity 616K, committed 640K, reserved 1048576K
}
Event: 3.106 GC heap before
{Heap before GC invocations=4 (full 0):
 PSYoungGen      total 38400K, used 38368K [0x00000000eab00000, 0x00000000ef600000, 0x0000000100000000)
  eden space 33280K, 100% used [0x00000000eab00000,0x00000000ecb80000,0x00000000ecb80000)
  from space 5120K, 99% used [0x00000000ecb80000,0x00000000ed078038,0x00000000ed080000)
  to   space 5120K, 0% used [0x00000000ef100000,0x00000000ef100000,0x00000000ef600000)
 ParOldGen       total 87552K, used 10073K [0x00000000c0000000, 0x00000000c5580000, 0x00000000eab00000)
  object space 87552K, 11% used [0x00000000c0000000,0x00000000c09d6630,0x00000000c5580000)
 Metaspace       used 6147K, capacity 7152K, committed 7296K, reserved 1056768K
  class space    used 566K, capacity 616K, committed 640K, reserved 1048576K
Event: 3.121 GC heap after
Heap after GC invocations=4 (full 0):
 PSYoungGen      total 71680K, used 5104K [0x00000000eab00000, 0x00000000ef600000, 0x0000000100000000)
  eden space 66560K, 0% used [0x00000000eab00000,0x00000000eab00000,0x00000000eec00000)
  from space 5120K, 99% used [0x00000000ef100000,0x00000000ef5fc0b8,0x00000000ef600000)
  to   space 5120K, 0% used [0x00000000eec00000,0x00000000eec00000,0x00000000ef100000)
 ParOldGen       total 87552K, used 15514K [0x00000000c0000000, 0x00000000c5580000, 0x00000000eab00000)
  object space 87552K, 17% used [0x00000000c0000000,0x00000000c0f269b0,0x00000000c5580000)
 Metaspace       used 6147K, capacity 7152K, committed 7296K, reserved 1056768K
  class space    used 566K, capacity 616K, committed 640K, reserved 1048576K
}
Event: 3.414 GC heap before
{Heap before GC invocations=5 (full 0):
 PSYoungGen      total 71680K, used 71664K [0x00000000eab00000, 0x00000000ef600000, 0x0000000100000000)
  eden space 66560K, 100% used [0x00000000eab00000,0x00000000eec00000,0x00000000eec00000)
  from space 5120K, 99% used [0x00000000ef100000,0x00000000ef5fc0b8,0x00000000ef600000)
  to   space 5120K, 0% used [0x00000000eec00000,0x00000000eec00000,0x00000000ef100000)
 ParOldGen       total 87552K, used 15514K [0x00000000c0000000, 0x00000000c5580000, 0x00000000eab00000)
  object space 87552K, 17% used [0x00000000c0000000,0x00000000c0f269b0,0x00000000c5580000)
 Metaspace       used 6195K, capacity 7216K, committed 7296K, reserved 1056768K
  class space    used 567K, capacity 616K, committed 640K, reserved 1048576K
Event: 3.438 GC heap after
Heap after GC invocations=5 (full 0):
 PSYoungGen      total 71680K, used 5113K [0x00000000eab00000, 0x00000000f4d00000, 0x0000000100000000)
  eden space 66560K, 0% used [0x00000000eab00000,0x00000000eab00000,0x00000000eec00000)
  from space 5120K, 99% used [0x00000000eec00000,0x00000000ef0fe4d8,0x00000000ef100000)
  to   space 16384K, 0% used [0x00000000f3d00000,0x00000000f3d00000,0x00000000f4d00000)
 ParOldGen       total 87552K, used 25234K [0x00000000c0000000, 0x00000000c5580000, 0x00000000eab00000)
  object space 87552K, 28% used [0x00000000c0000000,0x00000000c18a4b40,0x00000000c5580000)
 Metaspace       used 6195K, capacity 7216K, committed 7296K, reserved 1056768K
  class space    used 567K, capacity 616K, committed 640K, reserved 1048576K
}

Deoptimization events (10 events):
Event: 3.069 Thread 0x0000000017fce000 Uncommon trap: reason=bimorphic action=maybe_recompile pc=0x0000000003804140 method=java.util.HashMap.getNode(ILjava/lang/Object;)Ljava/util/HashMap$Node; @ 126
Event: 3.215 Thread 0x0000000017fcd000 Uncommon trap: reason=unstable_if action=reinterpret pc=0x0000000003a3dd34 method=java.util.HashMap.putVal(ILjava/lang/Object;Ljava/lang/Object;ZZ)Ljava/lang/Object; @ 162
Event: 3.216 Thread 0x0000000017fcd000 Uncommon trap: reason=unstable_if action=reinterpret pc=0x00000000037f6514 method=java.util.HashMap.getNode(ILjava/lang/Object;)Ljava/util/HashMap$Node; @ 84
Event: 3.540 Thread 0x0000000017f4f000 Uncommon trap: reason=class_check action=maybe_recompile pc=0x00000000038a31d8 method=java.util.Arrays.hashCode([Ljava/lang/Object;)I @ 43
Event: 3.540 Thread 0x0000000017f4f000 Uncommon trap: reason=class_check action=maybe_recompile pc=0x00000000038a31d8 method=java.util.Arrays.hashCode([Ljava/lang/Object;)I @ 43
Event: 3.541 Thread 0x0000000017f4f000 Uncommon trap: reason=class_check action=maybe_recompile pc=0x00000000038a31d8 method=java.util.Arrays.hashCode([Ljava/lang/Object;)I @ 43
Event: 3.541 Thread 0x0000000017f4f000 Uncommon trap: reason=class_check action=maybe_recompile pc=0x00000000038a31d8 method=java.util.Arrays.hashCode([Ljava/lang/Object;)I @ 43
Event: 3.541 Thread 0x0000000017f4f000 Uncommon trap: reason=class_check action=maybe_recompile pc=0x000000000388b9b8 method=java.util.Arrays.hashCode([Ljava/lang/Object;)I @ 43
Event: 3.552 Thread 0x0000000017f4f000 Uncommon trap: reason=bimorphic action=maybe_recompile pc=0x0000000003804140 method=java.util.HashMap.getNode(ILjava/lang/Object;)Ljava/util/HashMap$Node; @ 126
Event: 3.615 Thread 0x0000000017f4f000 Uncommon trap: reason=bimorphic action=maybe_recompile pc=0x0000000003804140 method=java.util.HashMap.getNode(ILjava/lang/Object;)Ljava/util/HashMap$Node; @ 126

Internal exceptions (4 events):
Event: 0.043 Thread 0x0000000001c60800 Exception <a 'java/lang/NoSuchMethodError': Method sun.misc.Unsafe.defineClass(Ljava/lang/String;[BII)Ljava/lang/Class; name or signature does not match> (0x00000000eab07cc0) thrown at [C:\src\android\AOSP-openjdk\external\jetbrains\jdk\hotspot\src\share\vS‡_Hµ¦?
Event: 0.043 Thread 0x0000000001c60800 Exception <a 'java/lang/NoSuchMethodError': Method sun.misc.Unsafe.prefetchRead(Ljava/lang/Object;J)V name or signature does not match> (0x00000000eab07fa8) thrown at [C:\src\android\AOSP-openjdk\external\jetbrains\jdk\hotspot\src\share\vm\prims\jni.cpp, lû[{O¤@
Event: 2.580 Thread 0x0000000017fcd000 Implicit null exception at 0x00000000037a24d9 to 0x00000000037a49bd
Event: 2.735 Thread 0x0000000017fce000 Implicit null exception at 0x00000000037d00a2 to 0x00000000037d019a

Events (10 events):
Event: 3.541 loading class com/android/dx/rop/cst/Zeroes
Event: 3.541 loading class com/android/dx/rop/cst/Zeroes done
Event: 3.552 Thread 0x0000000017f4f000 Uncommon trap: trap_request=0xffffffc6 fr.pc=0x0000000003804140
Event: 3.552 Thread 0x0000000017f4f000 DEOPT PACKING pc=0x0000000003804140 sp=0x000000001bb7ed30
Event: 3.552 Thread 0x0000000017f4f000 DEOPT UNPACKING pc=0x000000000344556a sp=0x000000001bb7ec68 mode 2
Event: 3.615 Thread 0x0000000017f4f000 Uncommon trap: trap_request=0xffffffc6 fr.pc=0x0000000003804140
Event: 3.615 Thread 0x0000000017f4f000 DEOPT PACKING pc=0x0000000003804140 sp=0x000000001bb7ed30
Event: 3.615 Thread 0x0000000017f4f000 DEOPT UNPACKING pc=0x000000000344556a sp=0x000000001bb7ec68 mode 2
Event: 3.639 loading class com/android/dx/dex/file/CatchStructs
Event: 3.639 loading class com/android/dx/dex/file/CatchStructs done


Dynamic libraries:
0x00007ff7eadd0000 - 0x00007ff7eae01000 	E:\Programming\Android\Android Studio\jre\bin\java.exe
0x00007ff974fb0000 - 0x00007ff975181000 	C:\WINDOWS\SYSTEM32\ntdll.dll
0x00007ff972570000 - 0x00007ff97261b000 	C:\WINDOWS\System32\KERNEL32.DLL
0x00007ff9714a0000 - 0x00007ff9716bd000 	C:\WINDOWS\System32\KERNELBASE.dll
0x00007ff972850000 - 0x00007ff9728f2000 	C:\WINDOWS\System32\ADVAPI32.dll
0x00007ff972ab0000 - 0x00007ff972b4e000 	C:\WINDOWS\System32\msvcrt.dll
0x00007ff974730000 - 0x00007ff974789000 	C:\WINDOWS\System32\sechost.dll
0x00007ff972720000 - 0x00007ff972841000 	C:\WINDOWS\System32\RPCRT4.dll
0x00007ff974e30000 - 0x00007ff974f95000 	C:\WINDOWS\System32\USER32.dll
0x00007ff971bd0000 - 0x00007ff971bee000 	C:\WINDOWS\System32\win32u.dll
0x00007ff974270000 - 0x00007ff9742a4000 	C:\WINDOWS\System32\GDI32.dll
0x00007ff971770000 - 0x00007ff9718f2000 	C:\WINDOWS\System32\gdi32full.dll
0x00007ff96c600000 - 0x00007ff96c879000 	C:\WINDOWS\WinSxS\amd64_microsoft.windows.common-controls_6595b64144ccf1df_6.0.14393.447_none_42191651c6827bb3\COMCTL32.dll
0x00007ff974370000 - 0x00007ff974637000 	C:\WINDOWS\System32\combase.dll
0x00007ff971ad0000 - 0x00007ff971bc5000 	C:\WINDOWS\System32\ucrtbase.dll
0x00007ff971bf0000 - 0x00007ff971c5a000 	C:\WINDOWS\System32\bcryptPrimitives.dll
0x00007ff972540000 - 0x00007ff97256e000 	C:\WINDOWS\System32\IMM32.DLL
0x0000000060c40000 - 0x0000000060d12000 	E:\Programming\Android\Android Studio\jre\jre\bin\msvcr100.dll
0x0000000060d20000 - 0x0000000061554000 	E:\Programming\Android\Android Studio\jre\jre\bin\server\jvm.dll
0x00007ff974fa0000 - 0x00007ff974fa8000 	C:\WINDOWS\System32\PSAPI.DLL
0x00007ff95f6c0000 - 0x00007ff95f6c9000 	C:\WINDOWS\SYSTEM32\WSOCK32.dll
0x00007ff96d3a0000 - 0x00007ff96d3aa000 	C:\WINDOWS\SYSTEM32\VERSION.dll
0x00007ff96f3b0000 - 0x00007ff96f3d3000 	C:\WINDOWS\SYSTEM32\WINMM.dll
0x00007ff974790000 - 0x00007ff9747fa000 	C:\WINDOWS\System32\WS2_32.dll
0x00000000018e0000 - 0x000000000190b000 	C:\WINDOWS\SYSTEM32\WINMMBASE.dll
0x00007ff971720000 - 0x00007ff971762000 	C:\WINDOWS\System32\cfgmgr32.dll
0x00007ff96df40000 - 0x00007ff96df4f000 	E:\Programming\Android\Android Studio\jre\jre\bin\verify.dll
0x00007ff967ec0000 - 0x00007ff967ee9000 	E:\Programming\Android\Android Studio\jre\jre\bin\java.dll
0x00007ff96ca40000 - 0x00007ff96ca56000 	E:\Programming\Android\Android Studio\jre\jre\bin\zip.dll
0x00007ff972b50000 - 0x00007ff974059000 	C:\WINDOWS\System32\SHELL32.dll
0x00007ff971db0000 - 0x00007ff97248a000 	C:\WINDOWS\System32\windows.storage.dll
0x00007ff971440000 - 0x00007ff97148c000 	C:\WINDOWS\System32\powrprof.dll
0x00007ff9742b0000 - 0x00007ff974302000 	C:\WINDOWS\System32\shlwapi.dll
0x00007ff971490000 - 0x00007ff97149f000 	C:\WINDOWS\System32\kernel.appcore.dll
0x00007ff972490000 - 0x00007ff972539000 	C:\WINDOWS\System32\shcore.dll
0x00007ff971420000 - 0x00007ff971434000 	C:\WINDOWS\System32\profapi.dll

VM Arguments:
jvm_args: -Djava.awt.headless=true -Xmx1024M -Dfile.encoding=windows-1251 -Duser.country=RU -Duser.language=ru -Duser.variant 
java_command: com.android.dx.command.Main --dex --force-jumbo --num-threads=4 --multi-dex --output E:\Programming\JAVALABS\lw05\app\build\intermediates\transforms\dex\debug\folders\1000\10\com.android.support-support-compat-24.2.1_e7e954b522a6346a1f500cddb58d00fe8012997f E:\Programming\JAVALABS\lw05\app\build\intermediates\exploded-aar\com.android.support\support-compat\24.2.1\jars\classes.jar
java_class_path (initial): E:\Programming\Android\sdk\build-tools\25.0.1\lib\dx.jar
Launcher Type: SUN_STANDARD

Environment Variables:
CLASSPATH=.;
PATH=C:\ProgramData\Oracle\Java\javapath;C:\Program Files (x86)\Lenovo\FusionEngine;C:\Windows\system32;C:\Windows;C:\Windows\System32\Wbem;C:\Windows\System32\WindowsPowerShell\v1.0\;C:\Program Files\Intel\WiFi\bin\;C:\Program Files\Common Files\Intel\WirelessCommon\;C:\Program Files (x86)\Skype\Phone\;C:\WINDOWS\system32;C:\WINDOWS;C:\WINDOWS\System32\Wbem;C:\WINDOWS\System32\WindowsPowerShell\v1.0\;C:\Program Files (x86)\NVIDIA Corporation\PhysX\Common;E:\Programming\Matlab R2015a\runtime\win64;E:\Programming\Matlab R2015a\bin;E:\Programming\Matlab R2015a\polyspace\bin;C:\WINDOWS\system32;C:\WINDOWS;C:\WINDOWS\System32\Wbem;C:\WINDOWS\System32\WindowsPowerShell\v1.0\;C:\Program Files\Java\jdk1.8.0_102\bin\\;C:\Program Files\Git\cmd;C:\Users\USER\AppData\Local\Microsoft\WindowsApps;
USERNAME=USER
OS=Windows_NT
PROCESSOR_IDENTIFIER=Intel64 Family 6 Model 60 Stepping 3, GenuineIntel



---------------  S Y S T E M  ---------------

OS: Windows 10.0 , 64 bit Build 14393 (10.0.14393.0)

CPU:total 8 (4 cores per cpu, 2 threads per core) family 6 model 60 stepping 3, cmov, cx8, fxsr, mmx, sse, sse2, sse3, ssse3, sse4.1, sse4.2, popcnt, avx, avx2, aes, clmul, erms, lzcnt, ht, tsc, tscinvbit, bmi1, bmi2

Memory: 4k page, physical 8298776k(2231096k free), swap 9609496k(5208k free)

vm_info: OpenJDK 64-Bit Server VM (25.76-b03) for windows-amd64 JRE (1.8.0_76-release-b03), built on Jun 29 2016 19:09:20 by "ralucas" with MS VC++ 10.0 (VS2010)

time: Mon Nov 28 22:33:16 2016
elapsed time: 3 seconds (0d 0h 0m 3s)

