#
# There is insufficient memory for the Java Runtime Environment to continue.
# Native memory allocation (malloc) failed to allocate 65552 bytes for Chunk::new
# Possible reasons:
#   The system is out of physical RAM or swap space
#   In 32 bit mode, the process size limit was hit
# Possible solutions:
#   Reduce memory load on the system
#   Increase physical memory or swap space
#   Check if swap backing store is full
#   Use 64 bit Java on a 64 bit OS
#   Decrease Java heap size (-Xmx/-Xms)
#   Decrease number of Java threads
#   Decrease Java thread stack sizes (-Xss)
#   Set larger code cache with -XX:ReservedCodeCacheSize=
# This output file may be truncated or incomplete.
#
#  Out of Memory Error (allocation.cpp:390), pid=11488, tid=0x0000000000003eb0
#
# JRE version: OpenJDK Runtime Environment (8.0_76-b03) (build 1.8.0_76-release-b03)
# Java VM: OpenJDK 64-Bit Server VM (25.76-b03 mixed mode windows-amd64 compressed oops)
# Failed to write core dump. Minidumps are not enabled by default on client versions of Windows
#

---------------  T H R E A D  ---------------

Current thread (0x000000001700f800):  JavaThread "C2 CompilerThread1" daemon [_thread_in_native, id=16048, stack(0x00000000178d0000,0x00000000179d0000)]

Stack: [0x00000000178d0000,0x00000000179d0000]
[error occurred during error reporting (printing stack bounds), id 0xc0000005]

Native frames: (J=compiled Java code, j=interpreted, Vv=VM code, C=native code)


Current CompileTask:
C2:   2950  771       4       com.android.dx.ssa.SsaBasicBlock::forEachInsn (37 bytes)


---------------  P R O C E S S  ---------------

Java Threads: ( => current thread )
  0x00000000172ad000 JavaThread "pool-3-thread-1" [_thread_blocked, id=3064, stack(0x0000000017ed0000,0x0000000017fd0000)]
  0x00000000172a2000 JavaThread "pool-2-thread-1" [_thread_in_Java, id=7460, stack(0x0000000017dd0000,0x0000000017ed0000)]
  0x00000000170a7000 JavaThread "Service Thread" daemon [_thread_blocked, id=8640, stack(0x0000000017bd0000,0x0000000017cd0000)]
  0x0000000017031000 JavaThread "C1 CompilerThread3" daemon [_thread_blocked, id=13156, stack(0x0000000017ad0000,0x0000000017bd0000)]
  0x0000000017014000 JavaThread "C2 CompilerThread2" daemon [_thread_blocked, id=14700, stack(0x00000000179d0000,0x0000000017ad0000)]
=>0x000000001700f800 JavaThread "C2 CompilerThread1" daemon [_thread_in_native, id=16048, stack(0x00000000178d0000,0x00000000179d0000)]
  0x000000001700c800 JavaThread "C2 CompilerThread0" daemon [_thread_blocked, id=8360, stack(0x00000000177d0000,0x00000000178d0000)]
  0x000000001700b000 JavaThread "Attach Listener" daemon [_thread_blocked, id=5984, stack(0x00000000176d0000,0x00000000177d0000)]
  0x000000001700a000 JavaThread "Signal Dispatcher" daemon [_thread_blocked, id=13936, stack(0x00000000175d0000,0x00000000176d0000)]
  0x00000000150f0800 JavaThread "Finalizer" daemon [_thread_blocked, id=14732, stack(0x00000000173e0000,0x00000000174e0000)]
  0x0000000001116000 JavaThread "Reference Handler" daemon [_thread_blocked, id=16180, stack(0x0000000016ee0000,0x0000000016fe0000)]
  0x0000000001020800 JavaThread "main" [_thread_blocked, id=16084, stack(0x0000000000f20000,0x0000000001020000)]

Other Threads:
  0x00000000150e5800 VMThread [stack: 0x0000000016de0000,0x0000000016ee0000] [id=11820]
  0x00000000170a8800 WatcherThread [stack: 0x0000000017cd0000,0x0000000017dd0000] [id=8292]

VM state:not at safepoint (normal execution)

VM Mutex/Monitor currently owned by a thread: None

Heap:
 PSYoungGen      total 38400K, used 14941K [0x00000000eab00000, 0x00000000ed580000, 0x0000000100000000)
  eden space 33280K, 44% used [0x00000000eab00000,0x00000000eb9977d8,0x00000000ecb80000)
  from space 5120K, 0% used [0x00000000ed080000,0x00000000ed080000,0x00000000ed580000)
  to   space 5120K, 0% used [0x00000000ecb80000,0x00000000ecb80000,0x00000000ed080000)
 ParOldGen       total 87552K, used 0K [0x00000000c0000000, 0x00000000c5580000, 0x00000000eab00000)
  object space 87552K, 0% used [0x00000000c0000000,0x00000000c0000000,0x00000000c5580000)
 Metaspace       used 5568K, capacity 6768K, committed 7040K, reserved 1056768K
  class space    used 563K, capacity 616K, committed 640K, reserved 1048576K

Card table byte_map: [0x00000000014e0000,0x00000000016f0000] byte_map_base: 0x0000000000ee0000

Marking Bits: (ParMarkBitMap*) 0x00000000614d9d00
 Begin Bits: [0x0000000012500000, 0x0000000013500000)
 End Bits:   [0x0000000013500000, 0x0000000014500000)

Polling page: 0x0000000000de0000

CodeCache: size=245760Kb used=3559Kb max_used=3559Kb free=242200Kb
 bounds [0x0000000003400000, 0x0000000003780000, 0x0000000012400000]
 total_blobs=1117 nmethods=855 adapters=176
 compilation: enabled

Compilation events (10 events):
Event: 2.873 Thread 0x0000000017031000  849       3       com.android.dx.util.MutabilityControl::isImmutable (13 bytes)
Event: 2.873 Thread 0x0000000017031000 nmethod 849 0x0000000003771c50 code [0x0000000003771da0, 0x0000000003771f50]
Event: 2.874 Thread 0x0000000017031000  853       3       com.android.dx.rop.code.RegisterSpec::<init> (8 bytes)
Event: 2.874 Thread 0x0000000017031000 nmethod 853 0x0000000003774ad0 code [0x0000000003774c40, 0x0000000003774dc8]
Event: 2.874 Thread 0x0000000017031000  854       3       java.util.HashSet::<init> (16 bytes)
Event: 2.875 Thread 0x0000000017031000 nmethod 854 0x0000000003773450 code [0x00000000037735e0, 0x00000000037739f0]
Event: 2.877 Thread 0x0000000017031000  855       3       com.android.dx.rop.code.BasicBlockList$RegCountVisitor::visitPlainCstInsn (6 bytes)
Event: 2.877 Thread 0x0000000017031000 nmethod 855 0x00000000037730d0 code [0x0000000003773240, 0x00000000037733c8]
Event: 2.877 Thread 0x0000000017031000  856       3       com.android.dx.dex.code.OutputFinisher::hasLocalInfo (75 bytes)
Event: 2.878 Thread 0x0000000017031000 nmethod 856 0x000000000377b490 code [0x000000000377b6a0, 0x000000000377c498]

GC Heap History (0 events):
No events

Deoptimization events (3 events):
Event: 1.926 Thread 0x00000000172a2000 Uncommon trap: reason=unstable_if action=reinterpret pc=0x000000000361477c method=java.util.HashMap.getNode(ILjava/lang/Object;)Ljava/util/HashMap$Node; @ 62
Event: 2.864 Thread 0x00000000172a2000 Uncommon trap: reason=class_check action=maybe_recompile pc=0x0000000003678170 method=com.android.dx.ssa.NormalSsaInsn.accept(Lcom/android/dx/ssa/SsaInsn$Visitor;)V @ 9
Event: 2.864 Thread 0x00000000172a2000 Uncommon trap: reason=class_check action=maybe_recompile pc=0x0000000003678170 method=com.android.dx.ssa.NormalSsaInsn.accept(Lcom/android/dx/ssa/SsaInsn$Visitor;)V @ 9

Internal exceptions (2 events):
Event: 0.044 Thread 0x0000000001020800 Exception <a 'java/lang/NoSuchMethodError': Method sun.misc.Unsafe.defineClass(Ljava/lang/String;[BII)Ljava/lang/Class; name or signature does not match> (0x00000000eab07cc0) thrown at [C:\src\android\AOSP-openjdk\external\jetbrains\jdk\hotspot\src\share\v”KG|Çé¶?
Event: 0.044 Thread 0x0000000001020800 Exception <a 'java/lang/NoSuchMethodError': Method sun.misc.Unsafe.prefetchRead(Ljava/lang/Object;J)V name or signature does not match> (0x00000000eab07fa8) thrown at [C:\src\android\AOSP-openjdk\external\jetbrains\jdk\hotspot\src\share\vm\prims\jni.cpp, l

Events (10 events):
Event: 1.972 loading class com/android/dx/dex/file/MethodAnnotationStruct
Event: 1.972 loading class com/android/dx/dex/file/MethodAnnotationStruct done
Event: 2.795 loading class java/util/ArrayList$1
Event: 2.795 loading class java/util/ArrayList$1 done
Event: 2.864 Thread 0x00000000172a2000 Uncommon trap: trap_request=0xffffffde fr.pc=0x0000000003678170
Event: 2.864 Thread 0x00000000172a2000 DEOPT PACKING pc=0x0000000003678170 sp=0x0000000017eceb70
Event: 2.864 Thread 0x00000000172a2000 DEOPT UNPACKING pc=0x000000000344556a sp=0x0000000017eceb00 mode 2
Event: 2.864 Thread 0x00000000172a2000 Uncommon trap: trap_request=0xffffffde fr.pc=0x0000000003678170
Event: 2.864 Thread 0x00000000172a2000 DEOPT PACKING pc=0x0000000003678170 sp=0x0000000017eceb70
Event: 2.864 Thread 0x00000000172a2000 DEOPT UNPACKING pc=0x000000000344556a sp=0x0000000017eceb00 mode 2


Dynamic libraries:
0x00007ff7eadd0000 - 0x00007ff7eae01000 	E:\Programming\Android\Android Studio\jre\bin\java.exe
0x00007ff974fb0000 - 0x00007ff975181000 	C:\WINDOWS\SYSTEM32\ntdll.dll
0x00007ff972570000 - 0x00007ff97261b000 	C:\WINDOWS\System32\KERNEL32.DLL
0x00007ff9714a0000 - 0x00007ff9716bd000 	C:\WINDOWS\System32\KERNELBASE.dll
0x00007ff972850000 - 0x00007ff9728f2000 	C:\WINDOWS\System32\ADVAPI32.dll
0x00007ff972ab0000 - 0x00007ff972b4e000 	C:\WINDOWS\System32\msvcrt.dll
0x00007ff974730000 - 0x00007ff974789000 	C:\WINDOWS\System32\sechost.dll
0x00007ff972720000 - 0x00007ff972841000 	C:\WINDOWS\System32\RPCRT4.dll
0x00007ff974e30000 - 0x00007ff974f95000 	C:\WINDOWS\System32\USER32.dll
0x00007ff971bd0000 - 0x00007ff971bee000 	C:\WINDOWS\System32\win32u.dll
0x00007ff974270000 - 0x00007ff9742a4000 	C:\WINDOWS\System32\GDI32.dll
0x00007ff971770000 - 0x00007ff9718f2000 	C:\WINDOWS\System32\gdi32full.dll
0x00007ff96c600000 - 0x00007ff96c879000 	C:\WINDOWS\WinSxS\amd64_microsoft.windows.common-controls_6595b64144ccf1df_6.0.14393.447_none_42191651c6827bb3\COMCTL32.dll
0x00007ff974370000 - 0x00007ff974637000 	C:\WINDOWS\System32\combase.dll
0x00007ff971ad0000 - 0x00007ff971bc5000 	C:\WINDOWS\System32\ucrtbase.dll
0x00007ff971bf0000 - 0x00007ff971c5a000 	C:\WINDOWS\System32\bcryptPrimitives.dll
0x00007ff972540000 - 0x00007ff97256e000 	C:\WINDOWS\System32\IMM32.DLL
0x0000000060c40000 - 0x0000000060d12000 	E:\Programming\Android\Android Studio\jre\jre\bin\msvcr100.dll
0x0000000060d20000 - 0x0000000061554000 	E:\Programming\Android\Android Studio\jre\jre\bin\server\jvm.dll
0x00007ff974fa0000 - 0x00007ff974fa8000 	C:\WINDOWS\System32\PSAPI.DLL
0x00007ff95f6c0000 - 0x00007ff95f6c9000 	C:\WINDOWS\SYSTEM32\WSOCK32.dll
0x00007ff96d3a0000 - 0x00007ff96d3aa000 	C:\WINDOWS\SYSTEM32\VERSION.dll
0x00007ff96f3b0000 - 0x00007ff96f3d3000 	C:\WINDOWS\SYSTEM32\WINMM.dll
0x00007ff96f350000 - 0x00007ff96f37b000 	C:\WINDOWS\SYSTEM32\WINMMBASE.dll
0x00007ff974790000 - 0x00007ff9747fa000 	C:\WINDOWS\System32\WS2_32.dll
0x00007ff971720000 - 0x00007ff971762000 	C:\WINDOWS\System32\cfgmgr32.dll
0x00007ff96df40000 - 0x00007ff96df4f000 	E:\Programming\Android\Android Studio\jre\jre\bin\verify.dll
0x00007ff967ec0000 - 0x00007ff967ee9000 	E:\Programming\Android\Android Studio\jre\jre\bin\java.dll
0x00007ff96ca40000 - 0x00007ff96ca56000 	E:\Programming\Android\Android Studio\jre\jre\bin\zip.dll
0x00007ff972b50000 - 0x00007ff974059000 	C:\WINDOWS\System32\SHELL32.dll
0x00007ff971db0000 - 0x00007ff97248a000 	C:\WINDOWS\System32\windows.storage.dll
0x00007ff971440000 - 0x00007ff97148c000 	C:\WINDOWS\System32\powrprof.dll
0x00007ff9742b0000 - 0x00007ff974302000 	C:\WINDOWS\System32\shlwapi.dll
0x00007ff971490000 - 0x00007ff97149f000 	C:\WINDOWS\System32\kernel.appcore.dll
0x00007ff972490000 - 0x00007ff972539000 	C:\WINDOWS\System32\shcore.dll
0x00007ff971420000 - 0x00007ff971434000 	C:\WINDOWS\System32\profapi.dll

VM Arguments:
jvm_args: -Djava.awt.headless=true -Xmx1024M -Dfile.encoding=windows-1251 -Duser.country=RU -Duser.language=ru -Duser.variant 
java_command: com.android.dx.command.Main --dex --force-jumbo --num-threads=4 --multi-dex --output E:\Programming\JAVALABS\lw05\app\build\intermediates\transforms\dex\debug\folders\1000\10\com.android.support-animated-vector-drawable-24.2.1_9c3f31baf748f7ddb3e84bb089706ef4dcd09de8 E:\Programming\JAVALABS\lw05\app\build\intermediates\exploded-aar\com.android.support\animated-vector-drawable\24.2.1\jars\classes.jar
java_class_path (initial): E:\Programming\Android\sdk\build-tools\25.0.1\lib\dx.jar
Launcher Type: SUN_STANDARD

Environment Variables:
CLASSPATH=.;
PATH=C:\ProgramData\Oracle\Java\javapath;C:\Program Files (x86)\Lenovo\FusionEngine;C:\Windows\system32;C:\Windows;C:\Windows\System32\Wbem;C:\Windows\System32\WindowsPowerShell\v1.0\;C:\Program Files\Intel\WiFi\bin\;C:\Program Files\Common Files\Intel\WirelessCommon\;C:\Program Files (x86)\Skype\Phone\;C:\WINDOWS\system32;C:\WINDOWS;C:\WINDOWS\System32\Wbem;C:\WINDOWS\System32\WindowsPowerShell\v1.0\;C:\Program Files (x86)\NVIDIA Corporation\PhysX\Common;E:\Programming\Matlab R2015a\runtime\win64;E:\Programming\Matlab R2015a\bin;E:\Programming\Matlab R2015a\polyspace\bin;C:\WINDOWS\system32;C:\WINDOWS;C:\WINDOWS\System32\Wbem;C:\WINDOWS\System32\WindowsPowerShell\v1.0\;C:\Program Files\Java\jdk1.8.0_102\bin\\;C:\Program Files\Git\cmd;C:\Users\USER\AppData\Local\Microsoft\WindowsApps;
USERNAME=USER
OS=Windows_NT
PROCESSOR_IDENTIFIER=Intel64 Family 6 Model 60 Stepping 3, GenuineIntel



---------------  S Y S T E M  ---------------

OS: Windows 10.0 , 64 bit Build 14393 (10.0.14393.0)

CPU:total 8 (4 cores per cpu, 2 threads per core) family 6 model 60 stepping 3, cmov, cx8, fxsr, mmx, sse, sse2, sse3, ssse3, sse4.1, sse4.2, popcnt, avx, avx2, aes, clmul, erms, lzcnt, ht, tsc, tscinvbit, bmi1, bmi2

Memory: 4k page, physical 8298776k(2222936k free), swap 9609496k(3288k free)

vm_info: OpenJDK 64-Bit Server VM (25.76-b03) for windows-amd64 JRE (1.8.0_76-release-b03), built on Jun 29 2016 19:09:20 by "ralucas" with MS VC++ 10.0 (VS2010)

time: Mon Nov 28 22:39:57 2016
elapsed time: 2 seconds (0d 0h 0m 2s)

