#
# There is insufficient memory for the Java Runtime Environment to continue.
# Native memory allocation (malloc) failed to allocate 494096 bytes for Chunk::new
# Possible reasons:
#   The system is out of physical RAM or swap space
#   In 32 bit mode, the process size limit was hit
# Possible solutions:
#   Reduce memory load on the system
#   Increase physical memory or swap space
#   Check if swap backing store is full
#   Use 64 bit Java on a 64 bit OS
#   Decrease Java heap size (-Xmx/-Xms)
#   Decrease number of Java threads
#   Decrease Java thread stack sizes (-Xss)
#   Set larger code cache with -XX:ReservedCodeCacheSize=
# This output file may be truncated or incomplete.
#
#  Out of Memory Error (allocation.cpp:390), pid=9968, tid=0x0000000000001464
#
# JRE version: OpenJDK Runtime Environment (8.0_76-b03) (build 1.8.0_76-release-b03)
# Java VM: OpenJDK 64-Bit Server VM (25.76-b03 mixed mode windows-amd64 compressed oops)
# Failed to write core dump. Minidumps are not enabled by default on client versions of Windows
#

---------------  T H R E A D  ---------------

Current thread (0x0000000017bfc000):  JavaThread "C2 CompilerThread0" daemon [_thread_in_native, id=5220, stack(0x00000000183c0000,0x00000000184c0000)]

Stack: [0x00000000183c0000,0x00000000184c0000]
[error occurred during error reporting (printing stack bounds), id 0xc0000005]

Native frames: (J=compiled Java code, j=interpreted, Vv=VM code, C=native code)


Current CompileTask:
C2:   1241 1160       4       com.android.dx.ssa.SCCP::simulateBlock (54 bytes)


---------------  P R O C E S S  ---------------

Java Threads: ( => current thread )
  0x0000000017f2c000 JavaThread "pool-2-thread-4" [_thread_blocked, id=10960, stack(0x0000000018dc0000,0x0000000018ec0000)]
  0x0000000017f29000 JavaThread "pool-2-thread-3" [_thread_blocked, id=7972, stack(0x0000000018cc0000,0x0000000018dc0000)]
  0x0000000017f24800 JavaThread "pool-2-thread-2" [_thread_in_Java, id=5244, stack(0x0000000018bc0000,0x0000000018cc0000)]
  0x0000000017f50000 JavaThread "pool-3-thread-1" [_thread_blocked, id=14156, stack(0x0000000018ac0000,0x0000000018bc0000)]
  0x0000000017f4f800 JavaThread "pool-2-thread-1" [_thread_blocked, id=7364, stack(0x00000000189c0000,0x0000000018ac0000)]
  0x0000000017c5b800 JavaThread "Service Thread" daemon [_thread_blocked, id=15916, stack(0x00000000187c0000,0x00000000188c0000)]
  0x0000000015d1e000 JavaThread "C1 CompilerThread3" daemon [_thread_in_native, id=8972, stack(0x00000000186c0000,0x00000000187c0000)]
  0x0000000015d1a800 JavaThread "C2 CompilerThread2" daemon [_thread_in_native, id=15800, stack(0x00000000185c0000,0x00000000186c0000)]
  0x0000000017bff000 JavaThread "C2 CompilerThread1" daemon [_thread_in_native, id=11212, stack(0x00000000184c0000,0x00000000185c0000)]
=>0x0000000017bfc000 JavaThread "C2 CompilerThread0" daemon [_thread_in_native, id=5220, stack(0x00000000183c0000,0x00000000184c0000)]
  0x0000000017bfa800 JavaThread "Attach Listener" daemon [_thread_blocked, id=9736, stack(0x00000000182c0000,0x00000000183c0000)]
  0x0000000017bf8000 JavaThread "Signal Dispatcher" daemon [_thread_blocked, id=8408, stack(0x00000000181c0000,0x00000000182c0000)]
  0x0000000017bf1000 JavaThread "Finalizer" daemon [_thread_blocked, id=576, stack(0x0000000017fd0000,0x00000000180d0000)]
  0x0000000001db4000 JavaThread "Reference Handler" daemon [_thread_blocked, id=12548, stack(0x0000000017ad0000,0x0000000017bd0000)]
  0x0000000001cc0800 JavaThread "main" [_thread_in_Java, id=11736, stack(0x0000000001ac0000,0x0000000001bc0000)]

Other Threads:
  0x0000000015d05800 VMThread [stack: 0x00000000179d0000,0x0000000017ad0000] [id=9380]
  0x0000000017c5c800 WatcherThread [stack: 0x00000000188c0000,0x00000000189c0000] [id=3824]

VM state:not at safepoint (normal execution)

VM Mutex/Monitor currently owned by a thread: None

Heap:
 PSYoungGen      total 38400K, used 21470K [0x00000000eab00000, 0x00000000ef600000, 0x0000000100000000)
  eden space 33280K, 49% used [0x00000000eab00000,0x00000000ebafe3a8,0x00000000ecb80000)
  from space 5120K, 99% used [0x00000000ecb80000,0x00000000ed079660,0x00000000ed080000)
  to   space 5120K, 0% used [0x00000000ef100000,0x00000000ef100000,0x00000000ef600000)
 ParOldGen       total 87552K, used 1472K [0x00000000c0000000, 0x00000000c5580000, 0x00000000eab00000)
  object space 87552K, 1% used [0x00000000c0000000,0x00000000c0170220,0x00000000c5580000)
 Metaspace       used 5857K, capacity 6960K, committed 7040K, reserved 1056768K
  class space    used 564K, capacity 616K, committed 640K, reserved 1048576K

Card table byte_map: [0x0000000001dc0000,0x0000000001fd0000] byte_map_base: 0x00000000017c0000

Marking Bits: (ParMarkBitMap*) 0x00000000614d9d00
 Begin Bits: [0x0000000013120000, 0x0000000014120000)
 End Bits:   [0x0000000014120000, 0x0000000015120000)

Polling page: 0x0000000001840000

CodeCache: size=245760Kb used=4772Kb max_used=4772Kb free=240987Kb
 bounds [0x0000000003400000, 0x00000000038b0000, 0x0000000012400000]
 total_blobs=1482 nmethods=1220 adapters=176
 compilation: enabled

Compilation events (10 events):
Event: 1.237 Thread 0x0000000015d1e000 nmethod 1238 0x00000000038a5390 code [0x00000000038a5540, 0x00000000038a5dc8]
Event: 1.237 Thread 0x0000000015d1e000 1239       3       com.android.dx.command.dexer.Main::access$1700 (4 bytes)
Event: 1.237 Thread 0x0000000015d1e000 nmethod 1239 0x00000000038a6110 code [0x00000000038a6260, 0x00000000038a63b0]
Event: 1.237 Thread 0x0000000015d1e000 1231       1       com.android.dx.cf.direct.DirectClassFile$DcfTypeList::size (5 bytes)
Event: 1.237 Thread 0x0000000015d1e000 nmethod 1231 0x00000000038a6410 code [0x00000000038a6560, 0x00000000038a6670]
Event: 1.237 Thread 0x0000000015d1e000 1240       3       com.android.dx.dex.file.DexFile::internIfAppropriate (128 bytes)
Event: 1.239 Thread 0x0000000015d1e000 nmethod 1240 0x00000000038a6a50 code [0x00000000038a6d00, 0x00000000038a8538]
Event: 1.239 Thread 0x0000000015d1e000 1248       3       com.android.dx.util.LabeledList::rebuildLabelToIndex (46 bytes)
Event: 1.239 Thread 0x0000000015d1e000 nmethod 1248 0x00000000038a8b90 code [0x00000000038a8d40, 0x00000000038a93c8]
Event: 1.239 Thread 0x0000000015d1e000 1250       3       com.android.dx.ssa.PhiTypeResolver::run (179 bytes)

GC Heap History (2 events):
Event: 1.033 GC heap before
{Heap before GC invocations=1 (full 0):
 PSYoungGen      total 38400K, used 33280K [0x00000000eab00000, 0x00000000ed580000, 0x0000000100000000)
  eden space 33280K, 100% used [0x00000000eab00000,0x00000000ecb80000,0x00000000ecb80000)
  from space 5120K, 0% used [0x00000000ed080000,0x00000000ed080000,0x00000000ed580000)
  to   space 5120K, 0% used [0x00000000ecb80000,0x00000000ecb80000,0x00000000ed080000)
 ParOldGen       total 87552K, used 0K [0x00000000c0000000, 0x00000000c5580000, 0x00000000eab00000)
  object space 87552K, 0% used [0x00000000c0000000,0x00000000c0000000,0x00000000c5580000)
 Metaspace       used 5713K, capacity 6832K, committed 7040K, reserved 1056768K
  class space    used 563K, capacity 616K, committed 640K, reserved 1048576K
Event: 1.057 GC heap after
Heap after GC invocations=1 (full 0):
 PSYoungGen      total 38400K, used 5093K [0x00000000eab00000, 0x00000000ef600000, 0x0000000100000000)
  eden space 33280K, 0% used [0x00000000eab00000,0x00000000eab00000,0x00000000ecb80000)
  from space 5120K, 99% used [0x00000000ecb80000,0x00000000ed079660,0x00000000ed080000)
  to   space 5120K, 0% used [0x00000000ef100000,0x00000000ef100000,0x00000000ef600000)
 ParOldGen       total 87552K, used 1472K [0x00000000c0000000, 0x00000000c5580000, 0x00000000eab00000)
  object space 87552K, 1% used [0x00000000c0000000,0x00000000c0170220,0x00000000c5580000)
 Metaspace       used 5713K, capacity 6832K, committed 7040K, reserved 1056768K
  class space    used 563K, capacity 616K, committed 640K, reserved 1048576K
}

Deoptimization events (10 events):
Event: 0.979 Thread 0x0000000017f2c000 Uncommon trap: reason=class_check action=maybe_recompile pc=0x00000000036354d4 method=com.android.dx.ssa.NormalSsaInsn.accept(Lcom/android/dx/ssa/SsaInsn$Visitor;)V @ 9
Event: 0.979 Thread 0x0000000017f2c000 Uncommon trap: reason=class_check action=maybe_recompile pc=0x00000000036354d4 method=com.android.dx.ssa.NormalSsaInsn.accept(Lcom/android/dx/ssa/SsaInsn$Visitor;)V @ 9
Event: 0.980 Thread 0x0000000017f2c000 Uncommon trap: reason=class_check action=maybe_recompile pc=0x00000000036354d4 method=com.android.dx.ssa.NormalSsaInsn.accept(Lcom/android/dx/ssa/SsaInsn$Visitor;)V @ 9
Event: 0.980 Thread 0x0000000017f2c000 Uncommon trap: reason=class_check action=maybe_recompile pc=0x000000000362f370 method=com.android.dx.ssa.NormalSsaInsn.accept(Lcom/android/dx/ssa/SsaInsn$Visitor;)V @ 9
Event: 1.096 Thread 0x0000000017f24800 Uncommon trap: reason=class_check action=maybe_recompile pc=0x00000000037d2970 method=com.android.dx.ssa.NormalSsaInsn.accept(Lcom/android/dx/ssa/SsaInsn$Visitor;)V @ 9
Event: 1.110 Thread 0x0000000017f2c000 Uncommon trap: reason=null_check action=make_not_entrant pc=0x0000000003825e28 method=com.android.dx.ssa.SsaRenamer.getLocalForNewReg(I)Lcom/android/dx/rop/code/LocalItem; @ 19
Event: 1.124 Thread 0x0000000017f29000 Uncommon trap: reason=unstable_if action=reinterpret pc=0x00000000036e48ac method=com.android.dx.rop.code.RegisterSpecSet.put(Lcom/android/dx/rop/code/RegisterSpec;)V @ 77
Event: 1.124 Thread 0x0000000017f29000 Uncommon trap: reason=unstable_if action=reinterpret pc=0x00000000036da2ec method=com.android.dx.rop.code.RegisterSpecSet.put(Lcom/android/dx/rop/code/RegisterSpec;)V @ 77
Event: 1.215 Thread 0x0000000017f24800 Uncommon trap: reason=unstable_if action=reinterpret pc=0x000000000368f5fc method=com.android.dx.rop.code.RegisterSpec.equals(ILcom/android/dx/rop/type/TypeBearer;Lcom/android/dx/rop/code/LocalItem;)Z @ 42
Event: 1.216 Thread 0x0000000017f24800 Uncommon trap: reason=unstable_if action=reinterpret pc=0x000000000375a644 method=com.android.dx.ssa.SsaRenamer$BlockRenamer.addMapping(ILcom/android/dx/rop/code/RegisterSpec;)V @ 120

Internal exceptions (3 events):
Event: 0.171 Thread 0x0000000001cc0800 Exception <a 'java/lang/NoSuchMethodError': Method sun.misc.Unsafe.defineClass(Ljava/lang/String;[BII)Ljava/lang/Class; name or signature does not match> (0x00000000eab07cc0) thrown at [C:\src\android\AOSP-openjdk\external\jetbrains\jdk\hotspot\src\share\vÕºøåÅ?
Event: 0.171 Thread 0x0000000001cc0800 Exception <a 'java/lang/NoSuchMethodError': Method sun.misc.Unsafe.prefetchRead(Ljava/lang/Object;J)V name or signature does not match> (0x00000000eab07fa8) thrown at [C:\src\android\AOSP-openjdk\external\jetbrains\jdk\hotspot\src\share\vm\prims\jni.cpp, l2|<ÑÀñ?
Event: 1.110 Thread 0x0000000017f2c000 Implicit null exception at 0x00000000038248c8 to 0x0000000003825e05

Events (10 events):
Event: 1.124 Thread 0x0000000017f29000 DEOPT UNPACKING pc=0x000000000344556a sp=0x0000000018dbea68 mode 2
Event: 1.124 Thread 0x0000000017f29000 Uncommon trap: trap_request=0xffffff65 fr.pc=0x00000000036da2ec
Event: 1.124 Thread 0x0000000017f29000 DEOPT PACKING pc=0x00000000036da2ec sp=0x0000000018dbead0
Event: 1.125 Thread 0x0000000017f29000 DEOPT UNPACKING pc=0x000000000344556a sp=0x0000000018dbe9f0 mode 2
Event: 1.215 Thread 0x0000000017f24800 Uncommon trap: trap_request=0xffffff65 fr.pc=0x000000000368f5fc
Event: 1.215 Thread 0x0000000017f24800 DEOPT PACKING pc=0x000000000368f5fc sp=0x0000000018cbe9c0
Event: 1.215 Thread 0x0000000017f24800 DEOPT UNPACKING pc=0x000000000344556a sp=0x0000000018cbe948 mode 2
Event: 1.216 Thread 0x0000000017f24800 Uncommon trap: trap_request=0xffffff65 fr.pc=0x000000000375a644
Event: 1.216 Thread 0x0000000017f24800 DEOPT PACKING pc=0x000000000375a644 sp=0x0000000018cbe7e0
Event: 1.216 Thread 0x0000000017f24800 DEOPT UNPACKING pc=0x000000000344556a sp=0x0000000018cbe770 mode 2


Dynamic libraries:
0x00007ff7eadd0000 - 0x00007ff7eae01000 	E:\Programming\Android\Android Studio\jre\bin\java.exe
0x00007ff974fb0000 - 0x00007ff975181000 	C:\WINDOWS\SYSTEM32\ntdll.dll
0x00007ff972570000 - 0x00007ff97261b000 	C:\WINDOWS\System32\KERNEL32.DLL
0x00007ff9714a0000 - 0x00007ff9716bd000 	C:\WINDOWS\System32\KERNELBASE.dll
0x00007ff972850000 - 0x00007ff9728f2000 	C:\WINDOWS\System32\ADVAPI32.dll
0x00007ff972ab0000 - 0x00007ff972b4e000 	C:\WINDOWS\System32\msvcrt.dll
0x00007ff974730000 - 0x00007ff974789000 	C:\WINDOWS\System32\sechost.dll
0x00007ff972720000 - 0x00007ff972841000 	C:\WINDOWS\System32\RPCRT4.dll
0x00007ff974e30000 - 0x00007ff974f95000 	C:\WINDOWS\System32\USER32.dll
0x00007ff971bd0000 - 0x00007ff971bee000 	C:\WINDOWS\System32\win32u.dll
0x00007ff974270000 - 0x00007ff9742a4000 	C:\WINDOWS\System32\GDI32.dll
0x00007ff971770000 - 0x00007ff9718f2000 	C:\WINDOWS\System32\gdi32full.dll
0x00007ff96c600000 - 0x00007ff96c879000 	C:\WINDOWS\WinSxS\amd64_microsoft.windows.common-controls_6595b64144ccf1df_6.0.14393.447_none_42191651c6827bb3\COMCTL32.dll
0x00007ff974370000 - 0x00007ff974637000 	C:\WINDOWS\System32\combase.dll
0x00007ff971ad0000 - 0x00007ff971bc5000 	C:\WINDOWS\System32\ucrtbase.dll
0x00007ff971bf0000 - 0x00007ff971c5a000 	C:\WINDOWS\System32\bcryptPrimitives.dll
0x00007ff972540000 - 0x00007ff97256e000 	C:\WINDOWS\System32\IMM32.DLL
0x0000000060c40000 - 0x0000000060d12000 	E:\Programming\Android\Android Studio\jre\jre\bin\msvcr100.dll
0x0000000060d20000 - 0x0000000061554000 	E:\Programming\Android\Android Studio\jre\jre\bin\server\jvm.dll
0x00007ff974fa0000 - 0x00007ff974fa8000 	C:\WINDOWS\System32\PSAPI.DLL
0x00007ff95f6c0000 - 0x00007ff95f6c9000 	C:\WINDOWS\SYSTEM32\WSOCK32.dll
0x00007ff974790000 - 0x00007ff9747fa000 	C:\WINDOWS\System32\WS2_32.dll
0x00007ff96f3b0000 - 0x00007ff96f3d3000 	C:\WINDOWS\SYSTEM32\WINMM.dll
0x00007ff96d3a0000 - 0x00007ff96d3aa000 	C:\WINDOWS\SYSTEM32\VERSION.dll
0x00007ff96f350000 - 0x00007ff96f37b000 	C:\WINDOWS\SYSTEM32\WINMMBASE.dll
0x00007ff971720000 - 0x00007ff971762000 	C:\WINDOWS\System32\cfgmgr32.dll
0x00007ff96df40000 - 0x00007ff96df4f000 	E:\Programming\Android\Android Studio\jre\jre\bin\verify.dll
0x00007ff967ec0000 - 0x00007ff967ee9000 	E:\Programming\Android\Android Studio\jre\jre\bin\java.dll
0x00007ff96ca40000 - 0x00007ff96ca56000 	E:\Programming\Android\Android Studio\jre\jre\bin\zip.dll
0x00007ff972b50000 - 0x00007ff974059000 	C:\WINDOWS\System32\SHELL32.dll
0x00007ff971db0000 - 0x00007ff97248a000 	C:\WINDOWS\System32\windows.storage.dll
0x00007ff971440000 - 0x00007ff97148c000 	C:\WINDOWS\System32\powrprof.dll
0x00007ff9742b0000 - 0x00007ff974302000 	C:\WINDOWS\System32\shlwapi.dll
0x00007ff971490000 - 0x00007ff97149f000 	C:\WINDOWS\System32\kernel.appcore.dll
0x00007ff972490000 - 0x00007ff972539000 	C:\WINDOWS\System32\shcore.dll
0x00007ff971420000 - 0x00007ff971434000 	C:\WINDOWS\System32\profapi.dll

VM Arguments:
jvm_args: -Djava.awt.headless=true -Xmx1024M -Dfile.encoding=windows-1251 -Duser.country=RU -Duser.language=ru -Duser.variant 
java_command: com.android.dx.command.Main --dex --force-jumbo --num-threads=4 --multi-dex --output E:\Programming\JAVALABS\lw05\app\build\intermediates\transforms\dex\debug\folders\1000\10\com.android.support-support-media-compat-24.2.1_6865bfbf2f7ae391e8ca60750905fb2310fbb975 E:\Programming\JAVALABS\lw05\app\build\intermediates\exploded-aar\com.android.support\support-media-compat\24.2.1\jars\classes.jar
java_class_path (initial): E:\Programming\Android\sdk\build-tools\25.0.1\lib\dx.jar
Launcher Type: SUN_STANDARD

Environment Variables:
CLASSPATH=.;
PATH=C:\ProgramData\Oracle\Java\javapath;C:\Program Files (x86)\Lenovo\FusionEngine;C:\Windows\system32;C:\Windows;C:\Windows\System32\Wbem;C:\Windows\System32\WindowsPowerShell\v1.0\;C:\Program Files\Intel\WiFi\bin\;C:\Program Files\Common Files\Intel\WirelessCommon\;C:\Program Files (x86)\Skype\Phone\;C:\WINDOWS\system32;C:\WINDOWS;C:\WINDOWS\System32\Wbem;C:\WINDOWS\System32\WindowsPowerShell\v1.0\;C:\Program Files (x86)\NVIDIA Corporation\PhysX\Common;E:\Programming\Matlab R2015a\runtime\win64;E:\Programming\Matlab R2015a\bin;E:\Programming\Matlab R2015a\polyspace\bin;C:\WINDOWS\system32;C:\WINDOWS;C:\WINDOWS\System32\Wbem;C:\WINDOWS\System32\WindowsPowerShell\v1.0\;C:\Program Files\Java\jdk1.8.0_102\bin\\;C:\Program Files\Git\cmd;C:\Users\USER\AppData\Local\Microsoft\WindowsApps;
USERNAME=USER
OS=Windows_NT
PROCESSOR_IDENTIFIER=Intel64 Family 6 Model 60 Stepping 3, GenuineIntel



---------------  S Y S T E M  ---------------

OS: Windows 10.0 , 64 bit Build 14393 (10.0.14393.0)

CPU:total 8 (4 cores per cpu, 2 threads per core) family 6 model 60 stepping 3, cmov, cx8, fxsr, mmx, sse, sse2, sse3, ssse3, sse4.1, sse4.2, popcnt, avx, avx2, aes, clmul, erms, lzcnt, ht, tsc, tscinvbit, bmi1, bmi2

Memory: 4k page, physical 8298776k(2321480k free), swap 9609496k(5344k free)

vm_info: OpenJDK 64-Bit Server VM (25.76-b03) for windows-amd64 JRE (1.8.0_76-release-b03), built on Jun 29 2016 19:09:20 by "ralucas" with MS VC++ 10.0 (VS2010)

time: Mon Nov 28 22:35:33 2016
elapsed time: 1 seconds (0d 0h 0m 1s)

