#
# There is insufficient memory for the Java Runtime Environment to continue.
# Native memory allocation (malloc) failed to allocate 256176 bytes for Chunk::new
# Possible reasons:
#   The system is out of physical RAM or swap space
#   In 32 bit mode, the process size limit was hit
# Possible solutions:
#   Reduce memory load on the system
#   Increase physical memory or swap space
#   Check if swap backing store is full
#   Use 64 bit Java on a 64 bit OS
#   Decrease Java heap size (-Xmx/-Xms)
#   Decrease number of Java threads
#   Decrease Java thread stack sizes (-Xss)
#   Set larger code cache with -XX:ReservedCodeCacheSize=
# This output file may be truncated or incomplete.
#
#  Out of Memory Error (allocation.cpp:390), pid=14260, tid=0x0000000000003e94
#
# JRE version: OpenJDK Runtime Environment (8.0_76-b03) (build 1.8.0_76-release-b03)
# Java VM: OpenJDK 64-Bit Server VM (25.76-b03 mixed mode windows-amd64 compressed oops)
# Failed to write core dump. Minidumps are not enabled by default on client versions of Windows
#

---------------  T H R E A D  ---------------

Current thread (0x000000001787f000):  JavaThread "C2 CompilerThread1" daemon [_thread_in_native, id=16020, stack(0x0000000018140000,0x0000000018240000)]

Stack: [0x0000000018140000,0x0000000018240000]
[error occurred during error reporting (printing stack bounds), id 0xc0000005]

Native frames: (J=compiled Java code, j=interpreted, Vv=VM code, C=native code)


Current CompileTask:
C2:   2078  668   !   4       com.android.dx.rop.code.RegisterSpec::intern (70 bytes)


---------------  P R O C E S S  ---------------

Java Threads: ( => current thread )
  0x0000000017a74000 JavaThread "pool-2-thread-4" [_thread_in_Java, id=15888, stack(0x0000000018a40000,0x0000000018b40000)]
  0x0000000017a6c800 JavaThread "pool-2-thread-3" [_thread_in_Java, id=15900, stack(0x0000000018940000,0x0000000018a40000)]
  0x0000000017a68000 JavaThread "pool-2-thread-2" [_thread_blocked, id=15736, stack(0x0000000018840000,0x0000000018940000)]
  0x0000000017a5e800 JavaThread "pool-3-thread-1" [_thread_blocked, id=15876, stack(0x0000000018740000,0x0000000018840000)]
  0x0000000017a5d800 JavaThread "pool-2-thread-1" [_thread_blocked, id=16292, stack(0x0000000018640000,0x0000000018740000)]
  0x00000000178ea000 JavaThread "Service Thread" daemon [_thread_blocked, id=15928, stack(0x0000000018440000,0x0000000018540000)]
  0x00000000178e4000 JavaThread "C1 CompilerThread3" daemon [_thread_in_native, id=16052, stack(0x0000000018340000,0x0000000018440000)]
  0x00000000178df000 JavaThread "C2 CompilerThread2" daemon [_thread_blocked, id=16024, stack(0x0000000018240000,0x0000000018340000)]
=>0x000000001787f000 JavaThread "C2 CompilerThread1" daemon [_thread_in_native, id=16020, stack(0x0000000018140000,0x0000000018240000)]
  0x000000001787c000 JavaThread "C2 CompilerThread0" daemon [_thread_blocked, id=15992, stack(0x0000000018040000,0x0000000018140000)]
  0x000000001787a800 JavaThread "Attach Listener" daemon [_thread_blocked, id=15672, stack(0x0000000017f40000,0x0000000018040000)]
  0x0000000017879000 JavaThread "Signal Dispatcher" daemon [_thread_blocked, id=15668, stack(0x0000000017e40000,0x0000000017f40000)]
  0x0000000017870800 JavaThread "Finalizer" daemon [_thread_blocked, id=16092, stack(0x0000000017c50000,0x0000000017d50000)]
  0x0000000001914000 JavaThread "Reference Handler" daemon [_thread_blocked, id=16080, stack(0x0000000017750000,0x0000000017850000)]
  0x0000000001820800 JavaThread "main" [_thread_in_Java, id=15696, stack(0x0000000001720000,0x0000000001820000)]

Other Threads:
  0x0000000015945800 VMThread [stack: 0x0000000017650000,0x0000000017750000] [id=16076]
  0x00000000178eb000 WatcherThread [stack: 0x0000000018540000,0x0000000018640000] [id=7372]

VM state:not at safepoint (normal execution)

VM Mutex/Monitor currently owned by a thread: None

Heap:
 PSYoungGen      total 38400K, used 16239K [0x00000000eab00000, 0x00000000ed580000, 0x0000000100000000)
  eden space 33280K, 48% used [0x00000000eab00000,0x00000000ebadbef0,0x00000000ecb80000)
  from space 5120K, 0% used [0x00000000ed080000,0x00000000ed080000,0x00000000ed580000)
  to   space 5120K, 0% used [0x00000000ecb80000,0x00000000ecb80000,0x00000000ed080000)
 ParOldGen       total 87552K, used 0K [0x00000000c0000000, 0x00000000c5580000, 0x00000000eab00000)
  object space 87552K, 0% used [0x00000000c0000000,0x00000000c0000000,0x00000000c5580000)
 Metaspace       used 5577K, capacity 6640K, committed 6784K, reserved 1056768K
  class space    used 571K, capacity 616K, committed 640K, reserved 1048576K

Card table byte_map: [0x0000000001ce0000,0x0000000001ef0000] byte_map_base: 0x00000000016e0000

Marking Bits: (ParMarkBitMap*) 0x00000000614d9d00
 Begin Bits: [0x0000000012d60000, 0x0000000013d60000)
 End Bits:   [0x0000000013d60000, 0x0000000014d60000)

Polling page: 0x0000000000eb0000

CodeCache: size=245760Kb used=2510Kb max_used=2511Kb free=243249Kb
 bounds [0x0000000003400000, 0x0000000003680000, 0x0000000012400000]
 total_blobs=928 nmethods=659 adapters=182
 compilation: enabled

Compilation events (10 events):
Event: 2.073 Thread 0x00000000178e4000  603       3       com.android.dx.cf.code.ByteBlockList::set (7 bytes)
Event: 2.073 Thread 0x00000000178e4000 nmethod 603 0x0000000003671d50 code [0x0000000003671ec0, 0x0000000003672048]
Event: 2.073 Thread 0x00000000178e4000  617       3       com.android.dx.cf.code.ConcreteMethod::getCatches (8 bytes)
Event: 2.073 Thread 0x00000000178e4000 nmethod 617 0x00000000036720d0 code [0x0000000003672220, 0x0000000003672410]
Event: 2.074 Thread 0x00000000178e4000  675       3       com.android.dx.rop.code.RegisterSpec::intersect (169 bytes)
Event: 2.074 Thread 0x000000001787c000 nmethod 677 0x0000000003675210 code [0x0000000003675360, 0x0000000003675498]
Event: 2.075 Thread 0x00000000178e4000 nmethod 675 0x0000000003673b50 code [0x0000000003673da0, 0x0000000003674d48]
Event: 2.075 Thread 0x00000000178e4000  679       3       com.android.dx.util.IntList::<init> (6 bytes)
Event: 2.075 Thread 0x00000000178e4000 nmethod 679 0x00000000036737d0 code [0x0000000003673940, 0x0000000003673ac8]
Event: 2.075 Thread 0x00000000178e4000  658       3       com.android.dx.rop.code.RopMethod::labelToPredecessors (54 bytes)

GC Heap History (0 events):
No events

Deoptimization events (0 events):
No events

Internal exceptions (2 events):
Event: 0.148 Thread 0x0000000001820800 Exception <a 'java/lang/NoSuchMethodError': Method sun.misc.Unsafe.defineClass(Ljava/lang/String;[BII)Ljava/lang/Class; name or signature does not match> (0x00000000eab07cc0) thrown at [C:\src\android\AOSP-openjdk\external\jetbrains\jdk\hotspot\src\share\v{ý
Event: 0.148 Thread 0x0000000001820800 Exception <a 'java/lang/NoSuchMethodError': Method sun.misc.Unsafe.prefetchRead(Ljava/lang/Object;J)V name or signature does not match> (0x00000000eab07fa8) thrown at [C:\src\android\AOSP-openjdk\external\jetbrains\jdk\hotspot\src\share\vm\prims\jni.cpp, l

Events (10 events):
Event: 1.957 loading class com/android/dx/ssa/PhiInsn$Operand
Event: 1.957 loading class com/android/dx/ssa/PhiInsn$Operand done
Event: 1.975 loading class com/android/dx/cf/code/BytecodeArray$ConstantParserVisitor
Event: 1.975 loading class com/android/dx/cf/code/BytecodeArray$ConstantParserVisitor done
Event: 1.984 loading class com/android/dx/ssa/back/FirstFitLocalCombiningAllocator$Multiset
Event: 1.984 loading class com/android/dx/ssa/back/FirstFitLocalCombiningAllocator$Multiset done
Event: 1.993 loading class com/android/dx/dex/file/MethodAnnotationStruct
Event: 1.993 loading class com/android/dx/dex/file/MethodAnnotationStruct done
Event: 2.015 loading class java/util/ArrayList$1
Event: 2.016 loading class java/util/ArrayList$1 done


Dynamic libraries:
0x00007ff7eadd0000 - 0x00007ff7eae01000 	E:\Programming\Android\Android Studio\jre\bin\java.exe
0x00007ff974fb0000 - 0x00007ff975181000 	C:\WINDOWS\SYSTEM32\ntdll.dll
0x00007ff972570000 - 0x00007ff97261b000 	C:\WINDOWS\System32\KERNEL32.DLL
0x00007ff9714a0000 - 0x00007ff9716bd000 	C:\WINDOWS\System32\KERNELBASE.dll
0x00007ff972850000 - 0x00007ff9728f2000 	C:\WINDOWS\System32\ADVAPI32.dll
0x00007ff972ab0000 - 0x00007ff972b4e000 	C:\WINDOWS\System32\msvcrt.dll
0x00007ff974730000 - 0x00007ff974789000 	C:\WINDOWS\System32\sechost.dll
0x00007ff972720000 - 0x00007ff972841000 	C:\WINDOWS\System32\RPCRT4.dll
0x00007ff974e30000 - 0x00007ff974f95000 	C:\WINDOWS\System32\USER32.dll
0x00007ff971bd0000 - 0x00007ff971bee000 	C:\WINDOWS\System32\win32u.dll
0x00007ff974270000 - 0x00007ff9742a4000 	C:\WINDOWS\System32\GDI32.dll
0x00007ff971770000 - 0x00007ff9718f2000 	C:\WINDOWS\System32\gdi32full.dll
0x00007ff96c600000 - 0x00007ff96c879000 	C:\WINDOWS\WinSxS\amd64_microsoft.windows.common-controls_6595b64144ccf1df_6.0.14393.447_none_42191651c6827bb3\COMCTL32.dll
0x00007ff974370000 - 0x00007ff974637000 	C:\WINDOWS\System32\combase.dll
0x00007ff971ad0000 - 0x00007ff971bc5000 	C:\WINDOWS\System32\ucrtbase.dll
0x00007ff971bf0000 - 0x00007ff971c5a000 	C:\WINDOWS\System32\bcryptPrimitives.dll
0x00007ff972540000 - 0x00007ff97256e000 	C:\WINDOWS\System32\IMM32.DLL
0x0000000060c40000 - 0x0000000060d12000 	E:\Programming\Android\Android Studio\jre\jre\bin\msvcr100.dll
0x0000000060d20000 - 0x0000000061554000 	E:\Programming\Android\Android Studio\jre\jre\bin\server\jvm.dll
0x00007ff974fa0000 - 0x00007ff974fa8000 	C:\WINDOWS\System32\PSAPI.DLL
0x00007ff95f6c0000 - 0x00007ff95f6c9000 	C:\WINDOWS\SYSTEM32\WSOCK32.dll
0x00007ff974790000 - 0x00007ff9747fa000 	C:\WINDOWS\System32\WS2_32.dll
0x00007ff96f3b0000 - 0x00007ff96f3d3000 	C:\WINDOWS\SYSTEM32\WINMM.dll
0x00007ff96d3a0000 - 0x00007ff96d3aa000 	C:\WINDOWS\SYSTEM32\VERSION.dll
0x00007ff96f350000 - 0x00007ff96f37b000 	C:\WINDOWS\SYSTEM32\WINMMBASE.dll
0x00007ff971720000 - 0x00007ff971762000 	C:\WINDOWS\System32\cfgmgr32.dll
0x00007ff96df40000 - 0x00007ff96df4f000 	E:\Programming\Android\Android Studio\jre\jre\bin\verify.dll
0x00007ff967ec0000 - 0x00007ff967ee9000 	E:\Programming\Android\Android Studio\jre\jre\bin\java.dll
0x00007ff96ca40000 - 0x00007ff96ca56000 	E:\Programming\Android\Android Studio\jre\jre\bin\zip.dll
0x00007ff972b50000 - 0x00007ff974059000 	C:\WINDOWS\System32\SHELL32.dll
0x00007ff971db0000 - 0x00007ff97248a000 	C:\WINDOWS\System32\windows.storage.dll
0x00007ff971440000 - 0x00007ff97148c000 	C:\WINDOWS\System32\powrprof.dll
0x00007ff9742b0000 - 0x00007ff974302000 	C:\WINDOWS\System32\shlwapi.dll
0x00007ff971490000 - 0x00007ff97149f000 	C:\WINDOWS\System32\kernel.appcore.dll
0x00007ff972490000 - 0x00007ff972539000 	C:\WINDOWS\System32\shcore.dll
0x00007ff971420000 - 0x00007ff971434000 	C:\WINDOWS\System32\profapi.dll

VM Arguments:
jvm_args: -Djava.awt.headless=true -Xmx1024M -Dfile.encoding=windows-1251 -Duser.country=RU -Duser.language=ru -Duser.variant 
java_command: com.android.dx.command.Main --dex --force-jumbo --num-threads=4 --multi-dex --output E:\Programming\JAVALABS\lw05\app\build\intermediates\transforms\dex\debug\folders\1000\10\instant-run_76165ac6712cabd8e0f71eec50f2999190353dc7 E:\Programming\JAVALABS\lw05\app\build\intermediates\incremental-runtime-classes\debug\instant-run.jar
java_class_path (initial): E:\Programming\Android\sdk\build-tools\25.0.1\lib\dx.jar
Launcher Type: SUN_STANDARD

Environment Variables:
CLASSPATH=.;
PATH=C:\ProgramData\Oracle\Java\javapath;C:\Program Files (x86)\Lenovo\FusionEngine;C:\Windows\system32;C:\Windows;C:\Windows\System32\Wbem;C:\Windows\System32\WindowsPowerShell\v1.0\;C:\Program Files\Intel\WiFi\bin\;C:\Program Files\Common Files\Intel\WirelessCommon\;C:\Program Files (x86)\Skype\Phone\;C:\WINDOWS\system32;C:\WINDOWS;C:\WINDOWS\System32\Wbem;C:\WINDOWS\System32\WindowsPowerShell\v1.0\;C:\Program Files (x86)\NVIDIA Corporation\PhysX\Common;E:\Programming\Matlab R2015a\runtime\win64;E:\Programming\Matlab R2015a\bin;E:\Programming\Matlab R2015a\polyspace\bin;C:\WINDOWS\system32;C:\WINDOWS;C:\WINDOWS\System32\Wbem;C:\WINDOWS\System32\WindowsPowerShell\v1.0\;C:\Program Files\Java\jdk1.8.0_102\bin\\;C:\Program Files\Git\cmd;C:\Users\USER\AppData\Local\Microsoft\WindowsApps;
USERNAME=USER
OS=Windows_NT
PROCESSOR_IDENTIFIER=Intel64 Family 6 Model 60 Stepping 3, GenuineIntel



---------------  S Y S T E M  ---------------

OS: Windows 10.0 , 64 bit Build 14393 (10.0.14393.0)

CPU:total 8 (4 cores per cpu, 2 threads per core) family 6 model 60 stepping 3, cmov, cx8, fxsr, mmx, sse, sse2, sse3, ssse3, sse4.1, sse4.2, popcnt, avx, avx2, aes, clmul, erms, lzcnt, ht, tsc, tscinvbit, bmi1, bmi2

Memory: 4k page, physical 8298776k(2226408k free), swap 9609496k(3148k free)

vm_info: OpenJDK 64-Bit Server VM (25.76-b03) for windows-amd64 JRE (1.8.0_76-release-b03), built on Jun 29 2016 19:09:20 by "ralucas" with MS VC++ 10.0 (VS2010)

time: Mon Nov 28 22:33:16 2016
elapsed time: 2 seconds (0d 0h 0m 2s)

