#
# There is insufficient memory for the Java Runtime Environment to continue.
# Native memory allocation (malloc) failed to allocate 475536 bytes for Chunk::new
# Possible reasons:
#   The system is out of physical RAM or swap space
#   In 32 bit mode, the process size limit was hit
# Possible solutions:
#   Reduce memory load on the system
#   Increase physical memory or swap space
#   Check if swap backing store is full
#   Use 64 bit Java on a 64 bit OS
#   Decrease Java heap size (-Xmx/-Xms)
#   Decrease number of Java threads
#   Decrease Java thread stack sizes (-Xss)
#   Set larger code cache with -XX:ReservedCodeCacheSize=
# This output file may be truncated or incomplete.
#
#  Out of Memory Error (allocation.cpp:390), pid=9808, tid=0x000000000000199c
#
# JRE version: OpenJDK Runtime Environment (8.0_76-b03) (build 1.8.0_76-release-b03)
# Java VM: OpenJDK 64-Bit Server VM (25.76-b03 mixed mode windows-amd64 compressed oops)
# Failed to write core dump. Minidumps are not enabled by default on client versions of Windows
#

---------------  T H R E A D  ---------------

Current thread (0x00000000176da000):  JavaThread "C2 CompilerThread0" daemon [_thread_in_native, id=6556, stack(0x0000000017ea0000,0x0000000017fa0000)]

Stack: [0x0000000017ea0000,0x0000000017fa0000]
[error occurred during error reporting (printing stack bounds), id 0xc0000005]

Native frames: (J=compiled Java code, j=interpreted, Vv=VM code, C=native code)


Current CompileTask:
C2:   2649 1396   !   4       com.android.dx.cf.cst.ConstantPoolParser::parse0 (731 bytes)


---------------  P R O C E S S  ---------------

Java Threads: ( => current thread )
  0x000000001774b000 JavaThread "Service Thread" daemon [_thread_blocked, id=3780, stack(0x00000000182a0000,0x00000000183a0000)]
  0x00000000176e5000 JavaThread "C1 CompilerThread3" daemon [_thread_blocked, id=9072, stack(0x00000000181a0000,0x00000000182a0000)]
  0x00000000176df000 JavaThread "C2 CompilerThread2" daemon [_thread_in_native, id=14632, stack(0x00000000180a0000,0x00000000181a0000)]
  0x00000000176dd800 JavaThread "C2 CompilerThread1" daemon [_thread_blocked, id=9796, stack(0x0000000017fa0000,0x00000000180a0000)]
=>0x00000000176da000 JavaThread "C2 CompilerThread0" daemon [_thread_in_native, id=6556, stack(0x0000000017ea0000,0x0000000017fa0000)]
  0x00000000176d8800 JavaThread "Attach Listener" daemon [_thread_blocked, id=12892, stack(0x0000000017da0000,0x0000000017ea0000)]
  0x00000000176d7800 JavaThread "Signal Dispatcher" daemon [_thread_blocked, id=7116, stack(0x0000000017ca0000,0x0000000017da0000)]
  0x00000000017b7800 JavaThread "Finalizer" daemon [_thread_blocked, id=3664, stack(0x0000000017ab0000,0x0000000017bb0000)]
  0x00000000017b4000 JavaThread "Reference Handler" daemon [_thread_blocked, id=13152, stack(0x00000000175b0000,0x00000000176b0000)]
  0x00000000016c0800 JavaThread "main" [_thread_blocked, id=5616, stack(0x00000000014b0000,0x00000000015b0000)]

Other Threads:
  0x00000000157e5800 VMThread [stack: 0x00000000174b0000,0x00000000175b0000] [id=14360]
  0x0000000017750000 WatcherThread [stack: 0x00000000183a0000,0x00000000184a0000] [id=11368]

VM state:not at safepoint (normal execution)

VM Mutex/Monitor currently owned by a thread: None

Heap:
 PSYoungGen      total 38400K, used 18806K [0x00000000eab00000, 0x00000000ef600000, 0x0000000100000000)
  eden space 33280K, 41% used [0x00000000eab00000,0x00000000eb85f878,0x00000000ecb80000)
  from space 5120K, 99% used [0x00000000ecb80000,0x00000000ed07e098,0x00000000ed080000)
  to   space 5120K, 0% used [0x00000000ef100000,0x00000000ef100000,0x00000000ef600000)
 ParOldGen       total 87552K, used 1387K [0x00000000c0000000, 0x00000000c5580000, 0x00000000eab00000)
  object space 87552K, 1% used [0x00000000c0000000,0x00000000c015afc8,0x00000000c5580000)
 Metaspace       used 5957K, capacity 7024K, committed 7296K, reserved 1056768K
  class space    used 571K, capacity 616K, committed 640K, reserved 1048576K

Card table byte_map: [0x0000000001b80000,0x0000000001d90000] byte_map_base: 0x0000000001580000

Marking Bits: (ParMarkBitMap*) 0x00000000614d9d00
 Begin Bits: [0x0000000012c00000, 0x0000000013c00000)
 End Bits:   [0x0000000013c00000, 0x0000000014c00000)

Polling page: 0x00000000010e0000

CodeCache: size=245760Kb used=6167Kb max_used=6179Kb free=239592Kb
 bounds [0x0000000003400000, 0x0000000003a10000, 0x0000000012400000]
 total_blobs=1714 nmethods=1451 adapters=176
 compilation: disabled (not enough contiguous free space left)

Compilation events (10 events):
Event: 2.249 Thread 0x00000000176e5000 1425       3       com.android.dx.cf.iface.StdMember::getDescriptor (8 bytes)
Event: 2.250 Thread 0x00000000176e5000 nmethod 1425 0x00000000039bfe50 code [0x00000000039bffa0, 0x00000000039c0190]
Event: 2.250 Thread 0x00000000176e5000 1427       3       com.android.dx.rop.type.Prototype::intern (31 bytes)
Event: 2.250 Thread 0x00000000176e5000 nmethod 1427 0x00000000039cc950 code [0x00000000039ccae0, 0x00000000039cce68]
Event: 2.251 Thread 0x00000000176e5000 1433   !   3       com.android.dx.rop.code.RegisterSpecSet::remove (30 bytes)
Event: 2.251 Thread 0x00000000176e5000 nmethod 1433 0x00000000039bea90 code [0x00000000039bec20, 0x00000000039bf068]
Event: 2.252 Thread 0x00000000176e5000 1434       1       com.android.dx.cf.attrib.InnerClassList$Item::getOuterClass (5 bytes)
Event: 2.252 Thread 0x00000000176e5000 nmethod 1434 0x00000000039aa250 code [0x00000000039aa3a0, 0x00000000039aa4b0]
Event: 2.260 Thread 0x00000000176df000 nmethod 1429 0x00000000039da150 code [0x00000000039da300, 0x00000000039da988]
Event: 2.260 Thread 0x00000000176df000 1435       4       java.util.HashMap::resize (359 bytes)

GC Heap History (2 events):
Event: 1.654 GC heap before
{Heap before GC invocations=1 (full 0):
 PSYoungGen      total 38400K, used 33280K [0x00000000eab00000, 0x00000000ed580000, 0x0000000100000000)
  eden space 33280K, 100% used [0x00000000eab00000,0x00000000ecb80000,0x00000000ecb80000)
  from space 5120K, 0% used [0x00000000ed080000,0x00000000ed080000,0x00000000ed580000)
  to   space 5120K, 0% used [0x00000000ecb80000,0x00000000ecb80000,0x00000000ed080000)
 ParOldGen       total 87552K, used 0K [0x00000000c0000000, 0x00000000c5580000, 0x00000000eab00000)
  object space 87552K, 0% used [0x00000000c0000000,0x00000000c0000000,0x00000000c5580000)
 Metaspace       used 5851K, capacity 6960K, committed 7040K, reserved 1056768K
  class space    used 564K, capacity 616K, committed 640K, reserved 1048576K
Event: 1.718 GC heap after
Heap after GC invocations=1 (full 0):
 PSYoungGen      total 38400K, used 5112K [0x00000000eab00000, 0x00000000ef600000, 0x0000000100000000)
  eden space 33280K, 0% used [0x00000000eab00000,0x00000000eab00000,0x00000000ecb80000)
  from space 5120K, 99% used [0x00000000ecb80000,0x00000000ed07e098,0x00000000ed080000)
  to   space 5120K, 0% used [0x00000000ef100000,0x00000000ef100000,0x00000000ef600000)
 ParOldGen       total 87552K, used 1387K [0x00000000c0000000, 0x00000000c5580000, 0x00000000eab00000)
  object space 87552K, 1% used [0x00000000c0000000,0x00000000c015afc8,0x00000000c5580000)
 Metaspace       used 5851K, capacity 6960K, committed 7040K, reserved 1056768K
  class space    used 564K, capacity 616K, committed 640K, reserved 1048576K
}

Deoptimization events (10 events):
Event: 0.726 Thread 0x00000000016c0800 Uncommon trap: reason=unstable_if action=reinterpret pc=0x0000000003546f90 method=java.lang.String.indexOf(II)I @ 49
Event: 1.040 Thread 0x00000000016c0800 Uncommon trap: reason=unstable_if action=reinterpret pc=0x00000000036175f4 method=java.util.BitSet.ensureCapacity(I)V @ 6
Event: 1.041 Thread 0x00000000016c0800 Uncommon trap: reason=unstable_if action=reinterpret pc=0x00000000035f3430 method=java.util.BitSet.nextSetBit(I)I @ 87
Event: 1.138 Thread 0x00000000178cb000 Uncommon trap: reason=class_check action=maybe_recompile pc=0x00000000036d2afc method=com.android.dx.ssa.NormalSsaInsn.accept(Lcom/android/dx/ssa/SsaInsn$Visitor;)V @ 9
Event: 1.158 Thread 0x00000000178cb000 Uncommon trap: reason=null_check action=make_not_entrant pc=0x00000000036d3c7c method=com.android.dx.ssa.SsaRenamer.getLocalForNewReg(I)Lcom/android/dx/rop/code/LocalItem; @ 19
Event: 1.158 Thread 0x00000000178cb000 Uncommon trap: reason=null_check action=make_not_entrant pc=0x0000000003708e58 method=com.android.dx.ssa.SsaRenamer.getLocalForNewReg(I)Lcom/android/dx/rop/code/LocalItem; @ 19
Event: 1.290 Thread 0x00000000016c0800 Uncommon trap: reason=unstable_if action=reinterpret pc=0x00000000037236dc method=com.android.dx.rop.cst.Constant.compareTo(Lcom/android/dx/rop/cst/Constant;)I @ 12
Event: 1.312 Thread 0x00000000016c0800 Uncommon trap: reason=bimorphic action=maybe_recompile pc=0x0000000003619674 method=java.util.HashMap.getNode(ILjava/lang/Object;)Ljava/util/HashMap$Node; @ 126
Event: 1.312 Thread 0x00000000016c0800 Uncommon trap: reason=class_check action=maybe_recompile pc=0x000000000383751c method=java.util.HashMap.putVal(ILjava/lang/Object;Ljava/lang/Object;ZZ)Ljava/lang/Object; @ 203
Event: 1.852 Thread 0x000000001797d000 Uncommon trap: reason=null_check action=make_not_entrant pc=0x00000000039165a8 method=com.android.dx.rop.type.Type.equals(Ljava/lang/Object;)Z @ 8

Internal exceptions (5 events):
Event: 0.139 Thread 0x00000000016c0800 Exception <a 'java/lang/NoSuchMethodError': Method sun.misc.Unsafe.defineClass(Ljava/lang/String;[BII)Ljava/lang/Class; name or signature does not match> (0x00000000eab07cc0) thrown at [C:\src\android\AOSP-openjdk\external\jetbrains\jdk\hotspot\src\share\v63Û€‡“¡?
Event: 0.139 Thread 0x00000000016c0800 Exception <a 'java/lang/NoSuchMethodError': Method sun.misc.Unsafe.prefetchRead(Ljava/lang/Object;J)V name or signature does not match> (0x00000000eab07fa8) thrown at [C:\src\android\AOSP-openjdk\external\jetbrains\jdk\hotspot\src\share\vm\prims\jni.cpp, lÈo!∏õáÚ?
Event: 1.158 Thread 0x00000000178cb000 Implicit null exception at 0x00000000036d0a9a to 0x00000000036d3c39
Event: 1.158 Thread 0x00000000178cb000 Implicit null exception at 0x000000000370640a to 0x0000000003708e31
Event: 1.852 Thread 0x000000001797d000 Implicit null exception at 0x00000000039164a2 to 0x000000000391659a

Events (10 events):
Event: 1.852 Thread 0x000000001797d000 DEOPT PACKING pc=0x00000000039165a8 sp=0x000000001889e2d0
Event: 1.852 Thread 0x000000001797d000 DEOPT UNPACKING pc=0x000000000344556a sp=0x000000001889e258 mode 2
Event: 1.934 loading class com/android/dx/rop/code/RegisterSpec$1
Event: 1.934 loading class com/android/dx/rop/code/RegisterSpec$1 done
Event: 2.089 Thread 0x00000000178cb000 DEOPT PACKING pc=0x00000000037776bc sp=0x000000001879e760
Event: 2.127 Thread 0x00000000178cb000 DEOPT UNPACKING pc=0x00000000034475bf sp=0x000000001879e528 mode 0
Event: 2.246 loading class java/util/HashMap$KeySet
Event: 2.246 loading class java/util/HashMap$KeySet done
Event: 2.246 loading class java/util/HashMap$KeyIterator
Event: 2.247 loading class java/util/HashMap$KeyIterator done


Dynamic libraries:
0x00007ff7eadd0000 - 0x00007ff7eae01000 	E:\Programming\Android\Android Studio\jre\bin\java.exe
0x00007ff974fb0000 - 0x00007ff975181000 	C:\WINDOWS\SYSTEM32\ntdll.dll
0x00007ff972570000 - 0x00007ff97261b000 	C:\WINDOWS\System32\KERNEL32.DLL
0x00007ff9714a0000 - 0x00007ff9716bd000 	C:\WINDOWS\System32\KERNELBASE.dll
0x00007ff972850000 - 0x00007ff9728f2000 	C:\WINDOWS\System32\ADVAPI32.dll
0x00007ff972ab0000 - 0x00007ff972b4e000 	C:\WINDOWS\System32\msvcrt.dll
0x00007ff974730000 - 0x00007ff974789000 	C:\WINDOWS\System32\sechost.dll
0x00007ff972720000 - 0x00007ff972841000 	C:\WINDOWS\System32\RPCRT4.dll
0x00007ff974e30000 - 0x00007ff974f95000 	C:\WINDOWS\System32\USER32.dll
0x00007ff971bd0000 - 0x00007ff971bee000 	C:\WINDOWS\System32\win32u.dll
0x00007ff974270000 - 0x00007ff9742a4000 	C:\WINDOWS\System32\GDI32.dll
0x00007ff971770000 - 0x00007ff9718f2000 	C:\WINDOWS\System32\gdi32full.dll
0x00007ff96c600000 - 0x00007ff96c879000 	C:\WINDOWS\WinSxS\amd64_microsoft.windows.common-controls_6595b64144ccf1df_6.0.14393.447_none_42191651c6827bb3\COMCTL32.dll
0x00007ff974370000 - 0x00007ff974637000 	C:\WINDOWS\System32\combase.dll
0x00007ff971ad0000 - 0x00007ff971bc5000 	C:\WINDOWS\System32\ucrtbase.dll
0x00007ff971bf0000 - 0x00007ff971c5a000 	C:\WINDOWS\System32\bcryptPrimitives.dll
0x00007ff972540000 - 0x00007ff97256e000 	C:\WINDOWS\System32\IMM32.DLL
0x0000000060c40000 - 0x0000000060d12000 	E:\Programming\Android\Android Studio\jre\jre\bin\msvcr100.dll
0x0000000060d20000 - 0x0000000061554000 	E:\Programming\Android\Android Studio\jre\jre\bin\server\jvm.dll
0x00007ff974fa0000 - 0x00007ff974fa8000 	C:\WINDOWS\System32\PSAPI.DLL
0x00007ff95f6c0000 - 0x00007ff95f6c9000 	C:\WINDOWS\SYSTEM32\WSOCK32.dll
0x00007ff974790000 - 0x00007ff9747fa000 	C:\WINDOWS\System32\WS2_32.dll
0x00007ff96f3b0000 - 0x00007ff96f3d3000 	C:\WINDOWS\SYSTEM32\WINMM.dll
0x00007ff96d3a0000 - 0x00007ff96d3aa000 	C:\WINDOWS\SYSTEM32\VERSION.dll
0x00007ff96f350000 - 0x00007ff96f37b000 	C:\WINDOWS\SYSTEM32\WINMMBASE.dll
0x00007ff971720000 - 0x00007ff971762000 	C:\WINDOWS\System32\cfgmgr32.dll
0x00007ff96df40000 - 0x00007ff96df4f000 	E:\Programming\Android\Android Studio\jre\jre\bin\verify.dll
0x00007ff967ec0000 - 0x00007ff967ee9000 	E:\Programming\Android\Android Studio\jre\jre\bin\java.dll
0x00007ff96ca40000 - 0x00007ff96ca56000 	E:\Programming\Android\Android Studio\jre\jre\bin\zip.dll
0x00007ff972b50000 - 0x00007ff974059000 	C:\WINDOWS\System32\SHELL32.dll
0x00007ff971db0000 - 0x00007ff97248a000 	C:\WINDOWS\System32\windows.storage.dll
0x00007ff971440000 - 0x00007ff97148c000 	C:\WINDOWS\System32\powrprof.dll
0x00007ff9742b0000 - 0x00007ff974302000 	C:\WINDOWS\System32\shlwapi.dll
0x00007ff971490000 - 0x00007ff97149f000 	C:\WINDOWS\System32\kernel.appcore.dll
0x00007ff972490000 - 0x00007ff972539000 	C:\WINDOWS\System32\shcore.dll
0x00007ff971420000 - 0x00007ff971434000 	C:\WINDOWS\System32\profapi.dll

VM Arguments:
jvm_args: -Djava.awt.headless=true -Xmx1024M -Dfile.encoding=windows-1251 -Duser.country=RU -Duser.language=ru -Duser.variant 
java_command: com.android.dx.command.Main --dex --force-jumbo --num-threads=4 --multi-dex --output E:\Programming\JAVALABS\lw05\app\build\intermediates\transforms\dex\debug\folders\1000\10\com.android.support-support-core-utils-24.2.1_b8debdb4551f92afcfbfa5b5fb6546477955f1a5 E:\Programming\JAVALABS\lw05\app\build\intermediates\exploded-aar\com.android.support\support-core-utils\24.2.1\jars\classes.jar
java_class_path (initial): E:\Programming\Android\sdk\build-tools\25.0.1\lib\dx.jar
Launcher Type: SUN_STANDARD

Environment Variables:
CLASSPATH=.;
PATH=C:\ProgramData\Oracle\Java\javapath;C:\Program Files (x86)\Lenovo\FusionEngine;C:\Windows\system32;C:\Windows;C:\Windows\System32\Wbem;C:\Windows\System32\WindowsPowerShell\v1.0\;C:\Program Files\Intel\WiFi\bin\;C:\Program Files\Common Files\Intel\WirelessCommon\;C:\Program Files (x86)\Skype\Phone\;C:\WINDOWS\system32;C:\WINDOWS;C:\WINDOWS\System32\Wbem;C:\WINDOWS\System32\WindowsPowerShell\v1.0\;C:\Program Files (x86)\NVIDIA Corporation\PhysX\Common;E:\Programming\Matlab R2015a\runtime\win64;E:\Programming\Matlab R2015a\bin;E:\Programming\Matlab R2015a\polyspace\bin;C:\WINDOWS\system32;C:\WINDOWS;C:\WINDOWS\System32\Wbem;C:\WINDOWS\System32\WindowsPowerShell\v1.0\;C:\Program Files\Java\jdk1.8.0_102\bin\\;C:\Program Files\Git\cmd;C:\Users\USER\AppData\Local\Microsoft\WindowsApps;
USERNAME=USER
OS=Windows_NT
PROCESSOR_IDENTIFIER=Intel64 Family 6 Model 60 Stepping 3, GenuineIntel



---------------  S Y S T E M  ---------------

OS: Windows 10.0 , 64 bit Build 14393 (10.0.14393.0)

CPU:total 8 (4 cores per cpu, 2 threads per core) family 6 model 60 stepping 3, cmov, cx8, fxsr, mmx, sse, sse2, sse3, ssse3, sse4.1, sse4.2, popcnt, avx, avx2, aes, clmul, erms, lzcnt, ht, tsc, tscinvbit, bmi1, bmi2

Memory: 4k page, physical 8298776k(2219940k free), swap 9609496k(87408k free)

vm_info: OpenJDK 64-Bit Server VM (25.76-b03) for windows-amd64 JRE (1.8.0_76-release-b03), built on Jun 29 2016 19:09:20 by "ralucas" with MS VC++ 10.0 (VS2010)

time: Mon Nov 28 22:32:32 2016
elapsed time: 2 seconds (0d 0h 0m 2s)

