#
# There is insufficient memory for the Java Runtime Environment to continue.
# Native memory allocation (malloc) failed to allocate 255056 bytes for Chunk::new
# Possible reasons:
#   The system is out of physical RAM or swap space
#   In 32 bit mode, the process size limit was hit
# Possible solutions:
#   Reduce memory load on the system
#   Increase physical memory or swap space
#   Check if swap backing store is full
#   Use 64 bit Java on a 64 bit OS
#   Decrease Java heap size (-Xmx/-Xms)
#   Decrease number of Java threads
#   Decrease Java thread stack sizes (-Xss)
#   Set larger code cache with -XX:ReservedCodeCacheSize=
# This output file may be truncated or incomplete.
#
#  Out of Memory Error (allocation.cpp:390), pid=14000, tid=0x0000000000003e0c
#
# JRE version: OpenJDK Runtime Environment (8.0_76-b03) (build 1.8.0_76-release-b03)
# Java VM: OpenJDK 64-Bit Server VM (25.76-b03 mixed mode windows-amd64 compressed oops)
# Failed to write core dump. Minidumps are not enabled by default on client versions of Windows
#

---------------  T H R E A D  ---------------

Current thread (0x0000000017a5b800):  JavaThread "C2 CompilerThread0" daemon [_thread_in_native, id=15884, stack(0x0000000018220000,0x0000000018320000)]

Stack: [0x0000000018220000,0x0000000018320000]
[error occurred during error reporting (printing stack bounds), id 0xc0000005]

Native frames: (J=compiled Java code, j=interpreted, Vv=VM code, C=native code)


Current CompileTask:
C2:   2220 1302       4       com.android.dx.ssa.LiteralOpUpgrader$1::visitNonMoveInsn (203 bytes)


---------------  P R O C E S S  ---------------

Java Threads: ( => current thread )
  0x0000000017c22800 JavaThread "pool-2-thread-4" [_thread_in_Java, id=16376, stack(0x0000000018c20000,0x0000000018d20000)]
  0x0000000017c16800 JavaThread "pool-2-thread-2" [_thread_in_vm, id=10488, stack(0x0000000018a20000,0x0000000018b20000)]
  0x0000000017c12800 JavaThread "pool-3-thread-1" [_thread_blocked, id=3968, stack(0x0000000018920000,0x0000000018a20000)]
  0x0000000017abf000 JavaThread "Service Thread" daemon [_thread_blocked, id=10356, stack(0x0000000018620000,0x0000000018720000)]
  0x0000000017abb000 JavaThread "C1 CompilerThread3" daemon [_thread_blocked, id=10468, stack(0x0000000018520000,0x0000000018620000)]
  0x0000000017ab6000 JavaThread "C2 CompilerThread2" daemon [_thread_in_native, id=5280, stack(0x0000000018420000,0x0000000018520000)]
  0x0000000017ab4800 JavaThread "C2 CompilerThread1" daemon [_thread_in_native, id=15440, stack(0x0000000018320000,0x0000000018420000)]
=>0x0000000017a5b800 JavaThread "C2 CompilerThread0" daemon [_thread_in_native, id=15884, stack(0x0000000018220000,0x0000000018320000)]
  0x0000000017a5a000 JavaThread "Attach Listener" daemon [_thread_blocked, id=988, stack(0x0000000018120000,0x0000000018220000)]
  0x0000000017a59000 JavaThread "Signal Dispatcher" daemon [_thread_blocked, id=16364, stack(0x0000000018020000,0x0000000018120000)]
  0x0000000017a50800 JavaThread "Finalizer" daemon [_thread_blocked, id=15916, stack(0x0000000017e30000,0x0000000017f30000)]
  0x0000000001bb4000 JavaThread "Reference Handler" daemon [_thread_blocked, id=8972, stack(0x0000000017930000,0x0000000017a30000)]
  0x0000000001ac0800 JavaThread "main" [_thread_blocked, id=15080, stack(0x00000000019c0000,0x0000000001ac0000)]

Other Threads:
  0x0000000015b55800 VMThread [stack: 0x0000000017830000,0x0000000017930000] [id=8408]
  0x0000000017ac0000 WatcherThread [stack: 0x0000000018720000,0x0000000018820000] [id=15472]

VM state:not at safepoint (normal execution)

VM Mutex/Monitor currently owned by a thread: None

Heap:
 PSYoungGen      total 38400K, used 25335K [0x00000000eab00000, 0x00000000ef600000, 0x0000000100000000)
  eden space 33280K, 60% used [0x00000000eab00000,0x00000000ebec28c0,0x00000000ecb80000)
  from space 5120K, 99% used [0x00000000ecb80000,0x00000000ed07b608,0x00000000ed080000)
  to   space 5120K, 0% used [0x00000000ef100000,0x00000000ef100000,0x00000000ef600000)
 ParOldGen       total 87552K, used 1416K [0x00000000c0000000, 0x00000000c5580000, 0x00000000eab00000)
  object space 87552K, 1% used [0x00000000c0000000,0x00000000c0162010,0x00000000c5580000)
 Metaspace       used 5983K, capacity 6960K, committed 7040K, reserved 1056768K
  class space    used 576K, capacity 616K, committed 640K, reserved 1048576K

Card table byte_map: [0x0000000012400000,0x0000000012610000] byte_map_base: 0x0000000011e00000

Marking Bits: (ParMarkBitMap*) 0x00000000614d9d00
 Begin Bits: [0x0000000012f70000, 0x0000000013f70000)
 End Bits:   [0x0000000013f70000, 0x0000000014f70000)

Polling page: 0x00000000014b0000

CodeCache: size=245760Kb used=5501Kb max_used=5501Kb free=240258Kb
 bounds [0x0000000003400000, 0x0000000003970000, 0x0000000012400000]
 total_blobs=1580 nmethods=1312 adapters=182
 compilation: enabled

Compilation events (10 events):
Event: 2.176 Thread 0x0000000017ab6000 1270       4       java.util.Collections::unmodifiableList (27 bytes)
Event: 2.176 Thread 0x0000000017abb000 nmethod 1323 0x0000000003939790 code [0x0000000003939900, 0x0000000003939d28]
Event: 2.178 Thread 0x0000000017ab6000 nmethod 1270 0x0000000003949010 code [0x0000000003949160, 0x0000000003949258]
Event: 2.178 Thread 0x0000000017ab6000 1324       4       com.android.dx.ssa.back.FirstFitLocalCombiningAllocator$1::visitNonMoveInsn (6 bytes)
Event: 2.178 Thread 0x0000000017abb000 1325       3       java.util.Vector::<init> (49 bytes)
Event: 2.179 Thread 0x0000000017abb000 nmethod 1325 0x00000000039386d0 code [0x00000000039388c0, 0x00000000039392b8]
Event: 2.180 Thread 0x0000000017abb000 1326       3       com.android.dx.ssa.LocalVariableInfo::addAssignment (43 bytes)
Event: 2.180 Thread 0x0000000017abb000 nmethod 1326 0x000000000394b250 code [0x000000000394b440, 0x000000000394bcc8]
Event: 2.188 Thread 0x0000000017abb000 1327       3       com.android.dx.rop.code.BasicBlockList$RegCountVisitor::visitThrowingInsn (6 bytes)
Event: 2.188 Thread 0x0000000017abb000 nmethod 1327 0x0000000003948c90 code [0x0000000003948e00, 0x0000000003948f88]

GC Heap History (2 events):
Event: 1.834 GC heap before
{Heap before GC invocations=1 (full 0):
 PSYoungGen      total 38400K, used 33280K [0x00000000eab00000, 0x00000000ed580000, 0x0000000100000000)
  eden space 33280K, 100% used [0x00000000eab00000,0x00000000ecb80000,0x00000000ecb80000)
  from space 5120K, 0% used [0x00000000ed080000,0x00000000ed080000,0x00000000ed580000)
  to   space 5120K, 0% used [0x00000000ecb80000,0x00000000ecb80000,0x00000000ed080000)
 ParOldGen       total 87552K, used 0K [0x00000000c0000000, 0x00000000c5580000, 0x00000000eab00000)
  object space 87552K, 0% used [0x00000000c0000000,0x00000000c0000000,0x00000000c5580000)
 Metaspace       used 5909K, capacity 6896K, committed 7040K, reserved 1056768K
  class space    used 576K, capacity 616K, committed 640K, reserved 1048576K
Event: 1.870 GC heap after
Heap after GC invocations=1 (full 0):
 PSYoungGen      total 38400K, used 5101K [0x00000000eab00000, 0x00000000ef600000, 0x0000000100000000)
  eden space 33280K, 0% used [0x00000000eab00000,0x00000000eab00000,0x00000000ecb80000)
  from space 5120K, 99% used [0x00000000ecb80000,0x00000000ed07b608,0x00000000ed080000)
  to   space 5120K, 0% used [0x00000000ef100000,0x00000000ef100000,0x00000000ef600000)
 ParOldGen       total 87552K, used 1416K [0x00000000c0000000, 0x00000000c5580000, 0x00000000eab00000)
  object space 87552K, 1% used [0x00000000c0000000,0x00000000c0162010,0x00000000c5580000)
 Metaspace       used 5909K, capacity 6896K, committed 7040K, reserved 1056768K
  class space    used 576K, capacity 616K, committed 640K, reserved 1048576K
}

Deoptimization events (10 events):
Event: 1.485 Thread 0x0000000017c22800 Uncommon trap: reason=null_check action=make_not_entrant pc=0x00000000036fddc4 method=com.android.dx.ssa.SsaRenamer.getLocalForNewReg(I)Lcom/android/dx/rop/code/LocalItem; @ 19
Event: 1.485 Thread 0x0000000017c22800 Uncommon trap: reason=unstable_if action=reinterpret pc=0x000000000377e408 method=com.android.dx.ssa.SsaRenamer$BlockRenamer.addMapping(ILcom/android/dx/rop/code/RegisterSpec;)V @ 120
Event: 1.489 Thread 0x0000000017c22800 Uncommon trap: reason=bimorphic action=maybe_recompile pc=0x0000000003647870 method=java.util.HashMap.getNode(ILjava/lang/Object;)Ljava/util/HashMap$Node; @ 126
Event: 1.489 Thread 0x0000000017c22800 Uncommon trap: reason=class_check action=maybe_recompile pc=0x000000000379f244 method=java.util.HashMap.putVal(ILjava/lang/Object;Ljava/lang/Object;ZZ)Ljava/lang/Object; @ 203
Event: 1.589 Thread 0x0000000017c12000 Uncommon trap: reason=unstable_if action=reinterpret pc=0x00000000037d55dc method=com.android.dx.rop.cst.Constant.compareTo(Lcom/android/dx/rop/cst/Constant;)I @ 12
Event: 1.994 Thread 0x0000000017c16800 Uncommon trap: reason=class_check action=maybe_recompile pc=0x0000000003861c68 method=com.android.dx.ssa.SCCP.setLatticeValueTo(IILcom/android/dx/rop/cst/Constant;)Z @ 43
Event: 1.994 Thread 0x0000000017c16800 Uncommon trap: reason=class_check action=maybe_recompile pc=0x0000000003861c68 method=com.android.dx.ssa.SCCP.setLatticeValueTo(IILcom/android/dx/rop/cst/Constant;)Z @ 43
Event: 1.994 Thread 0x0000000017c16800 Uncommon trap: reason=class_check action=maybe_recompile pc=0x0000000003861c68 method=com.android.dx.ssa.SCCP.setLatticeValueTo(IILcom/android/dx/rop/cst/Constant;)Z @ 43
Event: 1.995 Thread 0x0000000017c16800 Uncommon trap: reason=class_check action=maybe_recompile pc=0x0000000003861c68 method=com.android.dx.ssa.SCCP.setLatticeValueTo(IILcom/android/dx/rop/cst/Constant;)Z @ 43
Event: 2.161 Thread 0x0000000017c18000 Uncommon trap: reason=unstable_if action=reinterpret pc=0x0000000003927050 method=com.android.dx.rop.code.RegisterSpecSet.localItemToSpec(Lcom/android/dx/rop/code/LocalItem;)Lcom/android/dx/rop/code/RegisterSpec; @ 35

Internal exceptions (4 events):
Event: 0.177 Thread 0x0000000001ac0800 Exception <a 'java/lang/NoSuchMethodError': Method sun.misc.Unsafe.defineClass(Ljava/lang/String;[BII)Ljava/lang/Class; name or signature does not match> (0x00000000eab07cc0) thrown at [C:\src\android\AOSP-openjdk\external\jetbrains\jdk\hotspot\src\share\vŒÏ¸ÉÇ®∆?
Event: 0.177 Thread 0x0000000001ac0800 Exception <a 'java/lang/NoSuchMethodError': Method sun.misc.Unsafe.prefetchRead(Ljava/lang/Object;J)V name or signature does not match> (0x00000000eab07fa8) thrown at [C:\src\android\AOSP-openjdk\external\jetbrains\jdk\hotspot\src\share\vm\prims\jni.cpp, léS9‡Ù Ù?
Event: 1.300 Thread 0x0000000017c12000 Implicit null exception at 0x00000000036c2be2 to 0x00000000036c2cda
Event: 1.485 Thread 0x0000000017c22800 Implicit null exception at 0x00000000036fb46d to 0x00000000036fdd79

Events (10 events):
Event: 2.077 Thread 0x0000000017c22800 DEOPT UNPACKING pc=0x00000000034475bf sp=0x0000000018d1e570 mode 0
Event: 2.084 Thread 0x0000000017c22800 DEOPT PACKING pc=0x00000000037d96c1 sp=0x0000000018d1e600
Event: 2.084 Thread 0x0000000017c22800 DEOPT UNPACKING pc=0x00000000034475bf sp=0x0000000018d1e3c8 mode 0
Event: 2.088 Thread 0x0000000017c22800 DEOPT PACKING pc=0x00000000037469a5 sp=0x0000000018d1e6e0
Event: 2.088 Thread 0x0000000017c22800 DEOPT UNPACKING pc=0x00000000034475bf sp=0x0000000018d1e4c0 mode 0
Event: 2.125 Thread 0x0000000017c12000 Thread exited: 0x0000000017c12000
Event: 2.161 Thread 0x0000000017c18000 Uncommon trap: trap_request=0xffffff65 fr.pc=0x0000000003927050
Event: 2.161 Thread 0x0000000017c18000 DEOPT PACKING pc=0x0000000003927050 sp=0x0000000018c1eba0
Event: 2.161 Thread 0x0000000017c18000 DEOPT UNPACKING pc=0x000000000344556a sp=0x0000000018c1eb18 mode 2
Event: 2.189 Thread 0x0000000017c18000 Thread exited: 0x0000000017c18000


Dynamic libraries:
0x00007ff7eadd0000 - 0x00007ff7eae01000 	E:\Programming\Android\Android Studio\jre\bin\java.exe
0x00007ff974fb0000 - 0x00007ff975181000 	C:\WINDOWS\SYSTEM32\ntdll.dll
0x00007ff972570000 - 0x00007ff97261b000 	C:\WINDOWS\System32\KERNEL32.DLL
0x00007ff9714a0000 - 0x00007ff9716bd000 	C:\WINDOWS\System32\KERNELBASE.dll
0x00007ff972850000 - 0x00007ff9728f2000 	C:\WINDOWS\System32\ADVAPI32.dll
0x00007ff972ab0000 - 0x00007ff972b4e000 	C:\WINDOWS\System32\msvcrt.dll
0x00007ff974730000 - 0x00007ff974789000 	C:\WINDOWS\System32\sechost.dll
0x00007ff972720000 - 0x00007ff972841000 	C:\WINDOWS\System32\RPCRT4.dll
0x00007ff974e30000 - 0x00007ff974f95000 	C:\WINDOWS\System32\USER32.dll
0x00007ff971bd0000 - 0x00007ff971bee000 	C:\WINDOWS\System32\win32u.dll
0x00007ff974270000 - 0x00007ff9742a4000 	C:\WINDOWS\System32\GDI32.dll
0x00007ff971770000 - 0x00007ff9718f2000 	C:\WINDOWS\System32\gdi32full.dll
0x00007ff96c600000 - 0x00007ff96c879000 	C:\WINDOWS\WinSxS\amd64_microsoft.windows.common-controls_6595b64144ccf1df_6.0.14393.447_none_42191651c6827bb3\COMCTL32.dll
0x00007ff974370000 - 0x00007ff974637000 	C:\WINDOWS\System32\combase.dll
0x00007ff971ad0000 - 0x00007ff971bc5000 	C:\WINDOWS\System32\ucrtbase.dll
0x00007ff971bf0000 - 0x00007ff971c5a000 	C:\WINDOWS\System32\bcryptPrimitives.dll
0x00007ff972540000 - 0x00007ff97256e000 	C:\WINDOWS\System32\IMM32.DLL
0x0000000060c40000 - 0x0000000060d12000 	E:\Programming\Android\Android Studio\jre\jre\bin\msvcr100.dll
0x0000000060d20000 - 0x0000000061554000 	E:\Programming\Android\Android Studio\jre\jre\bin\server\jvm.dll
0x00007ff974fa0000 - 0x00007ff974fa8000 	C:\WINDOWS\System32\PSAPI.DLL
0x00007ff95f6c0000 - 0x00007ff95f6c9000 	C:\WINDOWS\SYSTEM32\WSOCK32.dll
0x00007ff974790000 - 0x00007ff9747fa000 	C:\WINDOWS\System32\WS2_32.dll
0x00007ff96f3b0000 - 0x00007ff96f3d3000 	C:\WINDOWS\SYSTEM32\WINMM.dll
0x00007ff96d3a0000 - 0x00007ff96d3aa000 	C:\WINDOWS\SYSTEM32\VERSION.dll
0x00007ff96f350000 - 0x00007ff96f37b000 	C:\WINDOWS\SYSTEM32\WINMMBASE.dll
0x00007ff971720000 - 0x00007ff971762000 	C:\WINDOWS\System32\cfgmgr32.dll
0x00007ff96df40000 - 0x00007ff96df4f000 	E:\Programming\Android\Android Studio\jre\jre\bin\verify.dll
0x00007ff967ec0000 - 0x00007ff967ee9000 	E:\Programming\Android\Android Studio\jre\jre\bin\java.dll
0x00007ff96ca40000 - 0x00007ff96ca56000 	E:\Programming\Android\Android Studio\jre\jre\bin\zip.dll
0x00007ff972b50000 - 0x00007ff974059000 	C:\WINDOWS\System32\SHELL32.dll
0x00007ff971db0000 - 0x00007ff97248a000 	C:\WINDOWS\System32\windows.storage.dll
0x00007ff971440000 - 0x00007ff97148c000 	C:\WINDOWS\System32\powrprof.dll
0x00007ff9742b0000 - 0x00007ff974302000 	C:\WINDOWS\System32\shlwapi.dll
0x00007ff971490000 - 0x00007ff97149f000 	C:\WINDOWS\System32\kernel.appcore.dll
0x00007ff972490000 - 0x00007ff972539000 	C:\WINDOWS\System32\shcore.dll
0x00007ff971420000 - 0x00007ff971434000 	C:\WINDOWS\System32\profapi.dll

VM Arguments:
jvm_args: -Djava.awt.headless=true -Xmx1024M -Dfile.encoding=windows-1251 -Duser.country=RU -Duser.language=ru -Duser.variant 
java_command: com.android.dx.command.Main --dex --force-jumbo --num-threads=4 --multi-dex --output E:\Programming\JAVALABS\lw05\app\build\intermediates\transforms\dex\debug\folders\1000\10\instant-run_76165ac6712cabd8e0f71eec50f2999190353dc7 E:\Programming\JAVALABS\lw05\app\build\intermediates\incremental-runtime-classes\debug\instant-run.jar
java_class_path (initial): E:\Programming\Android\sdk\build-tools\25.0.1\lib\dx.jar
Launcher Type: SUN_STANDARD

Environment Variables:
CLASSPATH=.;
PATH=C:\ProgramData\Oracle\Java\javapath;C:\Program Files (x86)\Lenovo\FusionEngine;C:\Windows\system32;C:\Windows;C:\Windows\System32\Wbem;C:\Windows\System32\WindowsPowerShell\v1.0\;C:\Program Files\Intel\WiFi\bin\;C:\Program Files\Common Files\Intel\WirelessCommon\;C:\Program Files (x86)\Skype\Phone\;C:\WINDOWS\system32;C:\WINDOWS;C:\WINDOWS\System32\Wbem;C:\WINDOWS\System32\WindowsPowerShell\v1.0\;C:\Program Files (x86)\NVIDIA Corporation\PhysX\Common;E:\Programming\Matlab R2015a\runtime\win64;E:\Programming\Matlab R2015a\bin;E:\Programming\Matlab R2015a\polyspace\bin;C:\WINDOWS\system32;C:\WINDOWS;C:\WINDOWS\System32\Wbem;C:\WINDOWS\System32\WindowsPowerShell\v1.0\;C:\Program Files\Java\jdk1.8.0_102\bin\\;C:\Program Files\Git\cmd;C:\Users\USER\AppData\Local\Microsoft\WindowsApps;
USERNAME=USER
OS=Windows_NT
PROCESSOR_IDENTIFIER=Intel64 Family 6 Model 60 Stepping 3, GenuineIntel



---------------  S Y S T E M  ---------------

OS: Windows 10.0 , 64 bit Build 14393 (10.0.14393.0)

CPU:total 8 (4 cores per cpu, 2 threads per core) family 6 model 60 stepping 3, cmov, cx8, fxsr, mmx, sse, sse2, sse3, ssse3, sse4.1, sse4.2, popcnt, avx, avx2, aes, clmul, erms, lzcnt, ht, tsc, tscinvbit, bmi1, bmi2

Memory: 4k page, physical 8298776k(2296424k free), swap 9609496k(5136k free)

vm_info: OpenJDK 64-Bit Server VM (25.76-b03) for windows-amd64 JRE (1.8.0_76-release-b03), built on Jun 29 2016 19:09:20 by "ralucas" with MS VC++ 10.0 (VS2010)

time: Mon Nov 28 22:35:37 2016
elapsed time: 2 seconds (0d 0h 0m 2s)

