#
# There is insufficient memory for the Java Runtime Environment to continue.
# Native memory allocation (malloc) failed to allocate 32744 bytes for ChunkPool::allocate
# Possible reasons:
#   The system is out of physical RAM or swap space
#   In 32 bit mode, the process size limit was hit
# Possible solutions:
#   Reduce memory load on the system
#   Increase physical memory or swap space
#   Check if swap backing store is full
#   Use 64 bit Java on a 64 bit OS
#   Decrease Java heap size (-Xmx/-Xms)
#   Decrease number of Java threads
#   Decrease Java thread stack sizes (-Xss)
#   Set larger code cache with -XX:ReservedCodeCacheSize=
# This output file may be truncated or incomplete.
#
#  Out of Memory Error (allocation.cpp:273), pid=9012, tid=0x00000000000027a4
#
# JRE version: OpenJDK Runtime Environment (8.0_76-b03) (build 1.8.0_76-release-b03)
# Java VM: OpenJDK 64-Bit Server VM (25.76-b03 mixed mode windows-amd64 compressed oops)
# Failed to write core dump. Minidumps are not enabled by default on client versions of Windows
#

---------------  T H R E A D  ---------------

Current thread (0x00000000178fb800):  JavaThread "C2 CompilerThread0" daemon [_thread_in_native, id=10148, stack(0x00000000181c0000,0x00000000182c0000)]

Stack: [0x00000000181c0000,0x00000000182c0000]
[error occurred during error reporting (printing stack bounds), id 0xc0000005]

Native frames: (J=compiled Java code, j=interpreted, Vv=VM code, C=native code)


Current CompileTask:
C2:   3421 1813   !   4       com.android.dx.cf.cst.ConstantPoolParser::parse0 (731 bytes)


---------------  P R O C E S S  ---------------

Java Threads: ( => current thread )
  0x0000000017c48000 JavaThread "pool-2-thread-4" [_thread_blocked, id=13832, stack(0x00000000193c0000,0x00000000194c0000)]
  0x0000000017c29800 JavaThread "pool-2-thread-3" [_thread_blocked, id=10796, stack(0x00000000192c0000,0x00000000193c0000)]
  0x0000000017c26800 JavaThread "pool-2-thread-2" [_thread_blocked, id=236, stack(0x00000000191c0000,0x00000000192c0000)]
  0x0000000017c22000 JavaThread "pool-3-thread-1" [_thread_blocked, id=12460, stack(0x00000000190c0000,0x00000000191c0000)]
  0x0000000017c21000 JavaThread "pool-2-thread-1" [_thread_blocked, id=15872, stack(0x0000000018fc0000,0x00000000190c0000)]
  0x0000000015a0e800 JavaThread "Service Thread" daemon [_thread_blocked, id=16252, stack(0x00000000185c0000,0x00000000186c0000)]
  0x0000000015a09000 JavaThread "C1 CompilerThread3" daemon [_thread_blocked, id=14260, stack(0x00000000184c0000,0x00000000185c0000)]
  0x0000000017901000 JavaThread "C2 CompilerThread2" daemon [_thread_in_native, id=14568, stack(0x00000000183c0000,0x00000000184c0000)]
  0x00000000178fe800 JavaThread "C2 CompilerThread1" daemon [_thread_in_native, id=14360, stack(0x00000000182c0000,0x00000000183c0000)]
=>0x00000000178fb800 JavaThread "C2 CompilerThread0" daemon [_thread_in_native, id=10148, stack(0x00000000181c0000,0x00000000182c0000)]
  0x00000000178fa000 JavaThread "Attach Listener" daemon [_thread_blocked, id=14152, stack(0x00000000180c0000,0x00000000181c0000)]
  0x00000000178f9800 JavaThread "Signal Dispatcher" daemon [_thread_blocked, id=5544, stack(0x0000000017fc0000,0x00000000180c0000)]
  0x00000000178f0800 JavaThread "Finalizer" daemon [_thread_blocked, id=15384, stack(0x0000000017cd0000,0x0000000017dd0000)]
  0x0000000001a64000 JavaThread "Reference Handler" daemon [_thread_blocked, id=6388, stack(0x00000000177d0000,0x00000000178d0000)]
  0x0000000001970800 JavaThread "main" [_thread_blocked, id=17164, stack(0x0000000001870000,0x0000000001970000)]

Other Threads:
  0x00000000159f5000 VMThread [stack: 0x00000000176d0000,0x00000000177d0000] [id=17392]
  0x0000000017911800 WatcherThread [stack: 0x00000000186c0000,0x00000000187c0000] [id=15988]

VM state:not at safepoint (normal execution)

VM Mutex/Monitor currently owned by a thread:  ([mutex/lock_event])
[0x000000000186bdd0] Heap_lock - owner thread: 0x0000000017c21000

Heap:
 PSYoungGen      total 71680K, used 7845K [0x00000000eab00000, 0x00000000ef600000, 0x0000000100000000)
  eden space 66560K, 4% used [0x00000000eab00000,0x00000000eadb0710,0x00000000eec00000)
  from space 5120K, 99% used [0x00000000ef100000,0x00000000ef5f8ef0,0x00000000ef600000)
  to   space 5120K, 0% used [0x00000000eec00000,0x00000000eec00000,0x00000000ef100000)
 ParOldGen       total 87552K, used 24575K [0x00000000c0000000, 0x00000000c5580000, 0x00000000eab00000)
  object space 87552K, 28% used [0x00000000c0000000,0x00000000c17ffe70,0x00000000c5580000)
 Metaspace       used 6210K, capacity 7152K, committed 7296K, reserved 1056768K
  class space    used 585K, capacity 616K, committed 640K, reserved 1048576K

Card table byte_map: [0x0000000012400000,0x0000000012610000] byte_map_base: 0x0000000011e00000

Marking Bits: (ParMarkBitMap*) 0x00000000614d9d00
 Begin Bits: [0x0000000012e10000, 0x0000000013e10000)
 End Bits:   [0x0000000013e10000, 0x0000000014e10000)

Polling page: 0x0000000001260000

CodeCache: size=245760Kb used=7472Kb max_used=7472Kb free=238287Kb
 bounds [0x0000000003400000, 0x0000000003b60000, 0x0000000012400000]
 total_blobs=2062 nmethods=1800 adapters=176
 compilation: enabled

Compilation events (10 events):
Event: 3.200 Thread 0x0000000015a09000 1884       2       com.android.dx.ssa.LiteralOpUpgrader$1::visitNonMoveInsn (203 bytes)
Event: 3.203 Thread 0x0000000015a09000 nmethod 1884 0x0000000003b4a990 code [0x0000000003b4ace0, 0x0000000003b4bb28]
Event: 3.211 Thread 0x0000000015a09000 1885       2       com.android.dx.rop.cst.CstString::<init> (42 bytes)
Event: 3.212 Thread 0x0000000015a09000 nmethod 1885 0x0000000003b410d0 code [0x0000000003b41260, 0x0000000003b41578]
Event: 3.217 Thread 0x0000000015a09000 1886 %     3       com.android.dx.cf.code.Merger::mergeLocals @ 35 (122 bytes)
Event: 3.219 Thread 0x0000000015a09000 nmethod 1886% 0x0000000003b4cfd0 code [0x0000000003b4d260, 0x0000000003b4e408]
Event: 3.219 Thread 0x0000000015a09000 1887       2       com.android.dx.ssa.LocalVariableExtractor::processBlock (383 bytes)
Event: 3.221 Thread 0x0000000015a09000 nmethod 1887 0x0000000003b4f090 code [0x0000000003b4f400, 0x0000000003b505f8]
Event: 3.221 Thread 0x0000000015a09000 1888       2       com.android.dx.ssa.LocalVariableInfo::mutableCopyOfStarts (29 bytes)
Event: 3.222 Thread 0x0000000015a09000 nmethod 1888 0x0000000003b52690 code [0x0000000003b52820, 0x0000000003b52bb8]

GC Heap History (8 events):
Event: 0.791 GC heap before
{Heap before GC invocations=1 (full 0):
 PSYoungGen      total 38400K, used 33280K [0x00000000eab00000, 0x00000000ed580000, 0x0000000100000000)
  eden space 33280K, 100% used [0x00000000eab00000,0x00000000ecb80000,0x00000000ecb80000)
  from space 5120K, 0% used [0x00000000ed080000,0x00000000ed080000,0x00000000ed580000)
  to   space 5120K, 0% used [0x00000000ecb80000,0x00000000ecb80000,0x00000000ed080000)
 ParOldGen       total 87552K, used 0K [0x00000000c0000000, 0x00000000c5580000, 0x00000000eab00000)
  object space 87552K, 0% used [0x00000000c0000000,0x00000000c0000000,0x00000000c5580000)
 Metaspace       used 5729K, capacity 6832K, committed 7040K, reserved 1056768K
  class space    used 565K, capacity 616K, committed 640K, reserved 1048576K
Event: 0.801 GC heap after
Heap after GC invocations=1 (full 0):
 PSYoungGen      total 38400K, used 5089K [0x00000000eab00000, 0x00000000ef600000, 0x0000000100000000)
  eden space 33280K, 0% used [0x00000000eab00000,0x00000000eab00000,0x00000000ecb80000)
  from space 5120K, 99% used [0x00000000ecb80000,0x00000000ed078450,0x00000000ed080000)
  to   space 5120K, 0% used [0x00000000ef100000,0x00000000ef100000,0x00000000ef600000)
 ParOldGen       total 87552K, used 1018K [0x00000000c0000000, 0x00000000c5580000, 0x00000000eab00000)
  object space 87552K, 1% used [0x00000000c0000000,0x00000000c00febf8,0x00000000c5580000)
 Metaspace       used 5729K, capacity 6832K, committed 7040K, reserved 1056768K
  class space    used 565K, capacity 616K, committed 640K, reserved 1048576K
}
Event: 1.106 GC heap before
{Heap before GC invocations=2 (full 0):
 PSYoungGen      total 38400K, used 38369K [0x00000000eab00000, 0x00000000ef600000, 0x0000000100000000)
  eden space 33280K, 100% used [0x00000000eab00000,0x00000000ecb80000,0x00000000ecb80000)
  from space 5120K, 99% used [0x00000000ecb80000,0x00000000ed078450,0x00000000ed080000)
  to   space 5120K, 0% used [0x00000000ef100000,0x00000000ef100000,0x00000000ef600000)
 ParOldGen       total 87552K, used 1018K [0x00000000c0000000, 0x00000000c5580000, 0x00000000eab00000)
  object space 87552K, 1% used [0x00000000c0000000,0x00000000c00febf8,0x00000000c5580000)
 Metaspace       used 5974K, capacity 7088K, committed 7296K, reserved 1056768K
  class space    used 565K, capacity 616K, committed 640K, reserved 1048576K
Event: 1.134 GC heap after
Heap after GC invocations=2 (full 0):
 PSYoungGen      total 71680K, used 5088K [0x00000000eab00000, 0x00000000ef600000, 0x0000000100000000)
  eden space 66560K, 0% used [0x00000000eab00000,0x00000000eab00000,0x00000000eec00000)
  from space 5120K, 99% used [0x00000000ef100000,0x00000000ef5f83d8,0x00000000ef600000)
  to   space 5120K, 0% used [0x00000000eec00000,0x00000000eec00000,0x00000000ef100000)
 ParOldGen       total 87552K, used 5398K [0x00000000c0000000, 0x00000000c5580000, 0x00000000eab00000)
  object space 87552K, 6% used [0x00000000c0000000,0x00000000c0545988,0x00000000c5580000)
 Metaspace       used 5974K, capacity 7088K, committed 7296K, reserved 1056768K
  class space    used 565K, capacity 616K, committed 640K, reserved 1048576K
}
Event: 2.240 GC heap before
{Heap before GC invocations=3 (full 0):
 PSYoungGen      total 71680K, used 71648K [0x00000000eab00000, 0x00000000ef600000, 0x0000000100000000)
  eden space 66560K, 100% used [0x00000000eab00000,0x00000000eec00000,0x00000000eec00000)
  from space 5120K, 99% used [0x00000000ef100000,0x00000000ef5f83d8,0x00000000ef600000)
  to   space 5120K, 0% used [0x00000000eec00000,0x00000000eec00000,0x00000000ef100000)
 ParOldGen       total 87552K, used 5398K [0x00000000c0000000, 0x00000000c5580000, 0x00000000eab00000)
  object space 87552K, 6% used [0x00000000c0000000,0x00000000c0545988,0x00000000c5580000)
 Metaspace       used 6089K, capacity 7152K, committed 7296K, reserved 1056768K
  class space    used 566K, capacity 616K, committed 640K, reserved 1048576K
Event: 2.354 GC heap after
Heap after GC invocations=3 (full 0):
 PSYoungGen      total 71680K, used 5118K [0x00000000eab00000, 0x00000000ef600000, 0x0000000100000000)
  eden space 66560K, 0% used [0x00000000eab00000,0x00000000eab00000,0x00000000eec00000)
  from space 5120K, 99% used [0x00000000eec00000,0x00000000ef0ffb60,0x00000000ef100000)
  to   space 5120K, 0% used [0x00000000ef100000,0x00000000ef100000,0x00000000ef600000)
 ParOldGen       total 87552K, used 14754K [0x00000000c0000000, 0x00000000c5580000, 0x00000000eab00000)
  object space 87552K, 16% used [0x00000000c0000000,0x00000000c0e68b38,0x00000000c5580000)
 Metaspace       used 6089K, capacity 7152K, committed 7296K, reserved 1056768K
  class space    used 566K, capacity 616K, committed 640K, reserved 1048576K
}
Event: 3.237 GC heap before
{Heap before GC invocations=4 (full 0):
 PSYoungGen      total 71680K, used 71678K [0x00000000eab00000, 0x00000000ef600000, 0x0000000100000000)
  eden space 66560K, 100% used [0x00000000eab00000,0x00000000eec00000,0x00000000eec00000)
  from space 5120K, 99% used [0x00000000eec00000,0x00000000ef0ffb60,0x00000000ef100000)
  to   space 5120K, 0% used [0x00000000ef100000,0x00000000ef100000,0x00000000ef600000)
 ParOldGen       total 87552K, used 14754K [0x00000000c0000000, 0x00000000c5580000, 0x00000000eab00000)
  object space 87552K, 16% used [0x00000000c0000000,0x00000000c0e68b38,0x00000000c5580000)
 Metaspace       used 6210K, capacity 7152K, committed 7296K, reserved 1056768K
  class space    used 585K, capacity 616K, committed 640K, reserved 1048576K
Event: 3.390 GC heap after
Heap after GC invocations=4 (full 0):
 PSYoungGen      total 71680K, used 5091K [0x00000000eab00000, 0x00000000ef600000, 0x0000000100000000)
  eden space 66560K, 0% used [0x00000000eab00000,0x00000000eab00000,0x00000000eec00000)
  from space 5120K, 99% used [0x00000000ef100000,0x00000000ef5f8ef0,0x00000000ef600000)
  to   space 5120K, 0% used [0x00000000eec00000,0x00000000eec00000,0x00000000ef100000)
 ParOldGen       total 87552K, used 24575K [0x00000000c0000000, 0x00000000c5580000, 0x00000000eab00000)
  object space 87552K, 28% used [0x00000000c0000000,0x00000000c17ffe70,0x00000000c5580000)
 Metaspace       used 6210K, capacity 7152K, committed 7296K, reserved 1056768K
  class space    used 585K, capacity 616K, committed 640K, reserved 1048576K
}

Deoptimization events (10 events):
Event: 1.690 Thread 0x0000000017c26800 Uncommon trap: reason=unstable_if action=reinterpret pc=0x000000000376465c method=com.android.dx.ssa.SsaMethod.updateOneDefinition(Lcom/android/dx/ssa/SsaInsn;Lcom/android/dx/rop/code/RegisterSpec;)V @ 4
Event: 2.881 Thread 0x0000000017c29800 Uncommon trap: reason=bimorphic action=maybe_recompile pc=0x0000000003845bcc method=java.util.HashMap.putVal(ILjava/lang/Object;Ljava/lang/Object;ZZ)Ljava/lang/Object; @ 203
Event: 2.881 Thread 0x0000000017c29800 Uncommon trap: reason=bimorphic action=maybe_recompile pc=0x0000000003845bcc method=java.util.HashMap.putVal(ILjava/lang/Object;Ljava/lang/Object;ZZ)Ljava/lang/Object; @ 203
Event: 2.885 Thread 0x0000000017c29800 Uncommon trap: reason=unstable_if action=reinterpret pc=0x00000000036944c8 method=java.util.HashMap.putVal(ILjava/lang/Object;Ljava/lang/Object;ZZ)Ljava/lang/Object; @ 162
Event: 2.902 Thread 0x0000000017c29800 Uncommon trap: reason=unstable_if action=reinterpret pc=0x000000000395b410 method=java.util.HashMap.getNode(ILjava/lang/Object;)Ljava/util/HashMap$Node; @ 84
Event: 3.036 Thread 0x0000000001970800 Uncommon trap: reason=unstable_if action=reinterpret pc=0x0000000003845704 method=java.util.HashMap.putVal(ILjava/lang/Object;Ljava/lang/Object;ZZ)Ljava/lang/Object; @ 162
Event: 3.085 Thread 0x0000000017c48000 Uncommon trap: reason=bimorphic action=maybe_recompile pc=0x0000000003a13e74 method=com.android.dx.rop.code.RegisterSpec.withSimpleType()Lcom/android/dx/rop/code/RegisterSpec; @ 21
Event: 3.199 Thread 0x0000000017c29800 Uncommon trap: reason=unstable_if action=reinterpret pc=0x0000000003a5ac08 method=com.android.dx.ssa.LiteralOpUpgrader$1.visitNonMoveInsn(Lcom/android/dx/ssa/NormalSsaInsn;)V @ 176
Event: 3.209 Thread 0x0000000017c29800 Uncommon trap: reason=bimorphic action=maybe_recompile pc=0x0000000003a13e74 method=com.android.dx.rop.code.RegisterSpec.withSimpleType()Lcom/android/dx/rop/code/RegisterSpec; @ 21
Event: 3.214 Thread 0x0000000017c29800 Uncommon trap: reason=bimorphic action=maybe_recompile pc=0x0000000003a36690 method=com.android.dx.ssa.LiteralOpUpgrader.tryReplacingWithConstant(Lcom/android/dx/ssa/NormalSsaInsn;)Z @ 62

Internal exceptions (5 events):
Event: 0.060 Thread 0x0000000001970800 Exception <a 'java/lang/NoSuchMethodError': Method sun.misc.Unsafe.defineClass(Ljava/lang/String;[BII)Ljava/lang/Class; name or signature does not match> (0x00000000eab07cc0) thrown at [C:\src\android\AOSP-openjdk\external\jetbrains\jdk\hotspot\src\share\v]™Â85ß®?
Event: 0.060 Thread 0x0000000001970800 Exception <a 'java/lang/NoSuchMethodError': Method sun.misc.Unsafe.prefetchRead(Ljava/lang/Object;J)V name or signature does not match> (0x00000000eab07fa8) thrown at [C:\src\android\AOSP-openjdk\external\jetbrains\jdk\hotspot\src\share\vm\prims\jni.cpp, l£,˜ñK@
Event: 2.887 Thread 0x0000000017c29800 Exception <a 'java/lang/ArrayIndexOutOfBoundsException': 18> (0x00000000edc6f338) thrown at [C:\src\android\AOSP-openjdk\external\jetbrains\jdk\hotspot\src\share\vm\interpreter\interpreterRuntime.cpp, line 366]
Event: 2.888 Thread 0x0000000017c29800 Exception <a 'java/lang/ArrayIndexOutOfBoundsException': 145> (0x00000000edc70eb8) thrown at [C:\src\android\AOSP-openjdk\external\jetbrains\jdk\hotspot\src\share\vm\interpreter\interpreterRuntime.cpp, line 366]
Event: 2.889 Thread 0x0000000017c29800 Exception <a 'java/lang/ArrayIndexOutOfBoundsException'> (0x00000000edc721a0) thrown at [C:\src\android\AOSP-openjdk\external\jetbrains\jdk\hotspot\src\share\vm\runtime\sharedRuntime.cpp, line 605]

Events (10 events):
Event: 3.209 Thread 0x0000000017c29800 DEOPT UNPACKING pc=0x000000000344556a sp=0x00000000193be798 mode 2
Event: 3.214 Thread 0x0000000017c29800 Uncommon trap: trap_request=0xffffffc6 fr.pc=0x0000000003a36690
Event: 3.214 Thread 0x0000000017c29800 DEOPT PACKING pc=0x0000000003a36690 sp=0x00000000193be600
Event: 3.218 Thread 0x0000000017c29800 DEOPT UNPACKING pc=0x000000000344556a sp=0x00000000193be5f0 mode 2
Event: 3.224 Thread 0x0000000017c21000 DEOPT PACKING pc=0x0000000003701377 sp=0x00000000190be3a0
Event: 3.224 Thread 0x0000000017c21000 DEOPT UNPACKING pc=0x00000000034475bf sp=0x00000000190be110 mode 0
Event: 3.229 Executing VM operation: ParallelGCFailedAllocation
Event: 3.390 Executing VM operation: ParallelGCFailedAllocation done
Event: 3.395 Thread 0x0000000017c26800 DEOPT PACKING pc=0x000000000388c8b8 sp=0x00000000192be560
Event: 3.395 Thread 0x0000000017c26800 DEOPT UNPACKING pc=0x00000000034475bf sp=0x00000000192be390 mode 0


Dynamic libraries:
0x00007ff7eadd0000 - 0x00007ff7eae01000 	E:\Programming\Android\Android Studio\jre\bin\java.exe
0x00007ff974fb0000 - 0x00007ff975181000 	C:\WINDOWS\SYSTEM32\ntdll.dll
0x00007ff972570000 - 0x00007ff97261b000 	C:\WINDOWS\System32\KERNEL32.DLL
0x00007ff9714a0000 - 0x00007ff9716bd000 	C:\WINDOWS\System32\KERNELBASE.dll
0x00007ff972850000 - 0x00007ff9728f2000 	C:\WINDOWS\System32\ADVAPI32.dll
0x00007ff972ab0000 - 0x00007ff972b4e000 	C:\WINDOWS\System32\msvcrt.dll
0x00007ff974730000 - 0x00007ff974789000 	C:\WINDOWS\System32\sechost.dll
0x00007ff972720000 - 0x00007ff972841000 	C:\WINDOWS\System32\RPCRT4.dll
0x00007ff974e30000 - 0x00007ff974f95000 	C:\WINDOWS\System32\USER32.dll
0x00007ff971bd0000 - 0x00007ff971bee000 	C:\WINDOWS\System32\win32u.dll
0x00007ff974270000 - 0x00007ff9742a4000 	C:\WINDOWS\System32\GDI32.dll
0x00007ff971770000 - 0x00007ff9718f2000 	C:\WINDOWS\System32\gdi32full.dll
0x00007ff96c600000 - 0x00007ff96c879000 	C:\WINDOWS\WinSxS\amd64_microsoft.windows.common-controls_6595b64144ccf1df_6.0.14393.447_none_42191651c6827bb3\COMCTL32.dll
0x00007ff974370000 - 0x00007ff974637000 	C:\WINDOWS\System32\combase.dll
0x00007ff971ad0000 - 0x00007ff971bc5000 	C:\WINDOWS\System32\ucrtbase.dll
0x00007ff971bf0000 - 0x00007ff971c5a000 	C:\WINDOWS\System32\bcryptPrimitives.dll
0x00007ff972540000 - 0x00007ff97256e000 	C:\WINDOWS\System32\IMM32.DLL
0x0000000060c40000 - 0x0000000060d12000 	E:\Programming\Android\Android Studio\jre\jre\bin\msvcr100.dll
0x0000000060d20000 - 0x0000000061554000 	E:\Programming\Android\Android Studio\jre\jre\bin\server\jvm.dll
0x00007ff974fa0000 - 0x00007ff974fa8000 	C:\WINDOWS\System32\PSAPI.DLL
0x00007ff95f6c0000 - 0x00007ff95f6c9000 	C:\WINDOWS\SYSTEM32\WSOCK32.dll
0x00007ff974790000 - 0x00007ff9747fa000 	C:\WINDOWS\System32\WS2_32.dll
0x00007ff96d3a0000 - 0x00007ff96d3aa000 	C:\WINDOWS\SYSTEM32\VERSION.dll
0x00007ff96f3b0000 - 0x00007ff96f3d3000 	C:\WINDOWS\SYSTEM32\WINMM.dll
0x0000000000fb0000 - 0x0000000000fdb000 	C:\WINDOWS\SYSTEM32\WINMMBASE.dll
0x00007ff971720000 - 0x00007ff971762000 	C:\WINDOWS\System32\cfgmgr32.dll
0x00007ff96df40000 - 0x00007ff96df4f000 	E:\Programming\Android\Android Studio\jre\jre\bin\verify.dll
0x00007ff967ec0000 - 0x00007ff967ee9000 	E:\Programming\Android\Android Studio\jre\jre\bin\java.dll
0x00007ff96ca40000 - 0x00007ff96ca56000 	E:\Programming\Android\Android Studio\jre\jre\bin\zip.dll
0x00007ff972b50000 - 0x00007ff974059000 	C:\WINDOWS\System32\SHELL32.dll
0x00007ff971db0000 - 0x00007ff97248a000 	C:\WINDOWS\System32\windows.storage.dll
0x00007ff971440000 - 0x00007ff97148c000 	C:\WINDOWS\System32\powrprof.dll
0x00007ff9742b0000 - 0x00007ff974302000 	C:\WINDOWS\System32\shlwapi.dll
0x00007ff971490000 - 0x00007ff97149f000 	C:\WINDOWS\System32\kernel.appcore.dll
0x00007ff972490000 - 0x00007ff972539000 	C:\WINDOWS\System32\shcore.dll
0x00007ff971420000 - 0x00007ff971434000 	C:\WINDOWS\System32\profapi.dll

VM Arguments:
jvm_args: -Djava.awt.headless=true -Xmx1024M -Dfile.encoding=windows-1251 -Duser.country=RU -Duser.language=ru -Duser.variant 
java_command: com.android.dx.command.Main --dex --force-jumbo --num-threads=4 --multi-dex --output E:\Programming\JAVALABS\lw05\app\build\intermediates\transforms\dex\debug\folders\1000\10\com.android.support-appcompat-v7-24.2.1_88553bef267646b10ab6e90b4b2e8a03f984dae8 E:\Programming\JAVALABS\lw05\app\build\intermediates\exploded-aar\com.android.support\appcompat-v7\24.2.1\jars\classes.jar
java_class_path (initial): E:\Programming\Android\sdk\build-tools\25.0.1\lib\dx.jar
Launcher Type: SUN_STANDARD

Environment Variables:
CLASSPATH=.;
PATH=C:\ProgramData\Oracle\Java\javapath;C:\Program Files (x86)\Lenovo\FusionEngine;C:\Windows\system32;C:\Windows;C:\Windows\System32\Wbem;C:\Windows\System32\WindowsPowerShell\v1.0\;C:\Program Files\Intel\WiFi\bin\;C:\Program Files\Common Files\Intel\WirelessCommon\;C:\Program Files (x86)\Skype\Phone\;C:\WINDOWS\system32;C:\WINDOWS;C:\WINDOWS\System32\Wbem;C:\WINDOWS\System32\WindowsPowerShell\v1.0\;C:\Program Files (x86)\NVIDIA Corporation\PhysX\Common;E:\Programming\Matlab R2015a\runtime\win64;E:\Programming\Matlab R2015a\bin;E:\Programming\Matlab R2015a\polyspace\bin;C:\WINDOWS\system32;C:\WINDOWS;C:\WINDOWS\System32\Wbem;C:\WINDOWS\System32\WindowsPowerShell\v1.0\;C:\Program Files\Java\jdk1.8.0_102\bin\\;C:\Program Files\Git\cmd;C:\Users\USER\AppData\Local\Microsoft\WindowsApps;
USERNAME=USER
OS=Windows_NT
PROCESSOR_IDENTIFIER=Intel64 Family 6 Model 60 Stepping 3, GenuineIntel



---------------  S Y S T E M  ---------------

OS: Windows 10.0 , 64 bit Build 14393 (10.0.14393.0)

CPU:total 8 (4 cores per cpu, 2 threads per core) family 6 model 60 stepping 3, cmov, cx8, fxsr, mmx, sse, sse2, sse3, ssse3, sse4.1, sse4.2, popcnt, avx, avx2, aes, clmul, erms, lzcnt, ht, tsc, tscinvbit, bmi1, bmi2

Memory: 4k page, physical 8298776k(2225104k free), swap 9609496k(3160k free)

vm_info: OpenJDK 64-Bit Server VM (25.76-b03) for windows-amd64 JRE (1.8.0_76-release-b03), built on Jun 29 2016 19:09:20 by "ralucas" with MS VC++ 10.0 (VS2010)

time: Mon Nov 28 22:39:57 2016
elapsed time: 3 seconds (0d 0h 0m 3s)

