#
# There is insufficient memory for the Java Runtime Environment to continue.
# Native memory allocation (malloc) failed to allocate 364016 bytes for Chunk::new
# Possible reasons:
#   The system is out of physical RAM or swap space
#   In 32 bit mode, the process size limit was hit
# Possible solutions:
#   Reduce memory load on the system
#   Increase physical memory or swap space
#   Check if swap backing store is full
#   Use 64 bit Java on a 64 bit OS
#   Decrease Java heap size (-Xmx/-Xms)
#   Decrease number of Java threads
#   Decrease Java thread stack sizes (-Xss)
#   Set larger code cache with -XX:ReservedCodeCacheSize=
# This output file may be truncated or incomplete.
#
#  Out of Memory Error (allocation.cpp:390), pid=14568, tid=0x0000000000002c84
#
# JRE version: OpenJDK Runtime Environment (8.0_76-b03) (build 1.8.0_76-release-b03)
# Java VM: OpenJDK 64-Bit Server VM (25.76-b03 mixed mode windows-amd64 compressed oops)
# Failed to write core dump. Minidumps are not enabled by default on client versions of Windows
#

---------------  T H R E A D  ---------------

Current thread (0x0000000017c17000):  JavaThread "C2 CompilerThread1" daemon [_thread_in_native, id=11396, stack(0x00000000184e0000,0x00000000185e0000)]

Stack: [0x00000000184e0000,0x00000000185e0000]
[error occurred during error reporting (printing stack bounds), id 0xc0000005]

Native frames: (J=compiled Java code, j=interpreted, Vv=VM code, C=native code)


Current CompileTask:
C2:   1958 1316       4       com.android.dx.ssa.SCCP::simulateBranch (666 bytes)


---------------  P R O C E S S  ---------------

Java Threads: ( => current thread )
  0x0000000017de1800 JavaThread "pool-3-thread-1" [_thread_blocked, id=15976, stack(0x0000000018ae0000,0x0000000018be0000)]
  0x0000000017ca5000 JavaThread "Service Thread" daemon [_thread_blocked, id=16212, stack(0x00000000187e0000,0x00000000188e0000)]
  0x0000000017c1f000 JavaThread "C1 CompilerThread3" daemon [_thread_blocked, id=16132, stack(0x00000000186e0000,0x00000000187e0000)]
  0x0000000017c19800 JavaThread "C2 CompilerThread2" daemon [_thread_in_native, id=12484, stack(0x00000000185e0000,0x00000000186e0000)]
=>0x0000000017c17000 JavaThread "C2 CompilerThread1" daemon [_thread_in_native, id=11396, stack(0x00000000184e0000,0x00000000185e0000)]
  0x0000000017c14800 JavaThread "C2 CompilerThread0" daemon [_thread_in_native, id=11860, stack(0x00000000183e0000,0x00000000184e0000)]
  0x0000000017c25000 JavaThread "Attach Listener" daemon [_thread_blocked, id=13860, stack(0x00000000182e0000,0x00000000183e0000)]
  0x0000000017c24000 JavaThread "Signal Dispatcher" daemon [_thread_blocked, id=14016, stack(0x00000000181e0000,0x00000000182e0000)]
  0x0000000001cd7800 JavaThread "Finalizer" daemon [_thread_blocked, id=9384, stack(0x0000000017ff0000,0x00000000180f0000)]
  0x0000000001cd4000 JavaThread "Reference Handler" daemon [_thread_blocked, id=2240, stack(0x0000000017af0000,0x0000000017bf0000)]
  0x0000000001be0800 JavaThread "main" [_thread_blocked, id=16368, stack(0x0000000001ae0000,0x0000000001be0000)]

Other Threads:
  0x0000000015d05000 VMThread [stack: 0x00000000179f0000,0x0000000017af0000] [id=16336]
  0x0000000017cc6000 WatcherThread [stack: 0x00000000188e0000,0x00000000189e0000] [id=16220]

VM state:not at safepoint (normal execution)

VM Mutex/Monitor currently owned by a thread: None

Heap:
 PSYoungGen      total 38400K, used 19336K [0x00000000eab00000, 0x00000000ef600000, 0x0000000100000000)
  eden space 33280K, 42% used [0x00000000eab00000,0x00000000eb8e7d50,0x00000000ecb80000)
  from space 5120K, 99% used [0x00000000ecb80000,0x00000000ed07a480,0x00000000ed080000)
  to   space 5120K, 0% used [0x00000000ef100000,0x00000000ef100000,0x00000000ef600000)
 ParOldGen       total 87552K, used 1158K [0x00000000c0000000, 0x00000000c5580000, 0x00000000eab00000)
  object space 87552K, 1% used [0x00000000c0000000,0x00000000c0121bd8,0x00000000c5580000)
 Metaspace       used 5908K, capacity 7024K, committed 7296K, reserved 1056768K
  class space    used 566K, capacity 616K, committed 640K, reserved 1048576K

Card table byte_map: [0x0000000001ce0000,0x0000000001ef0000] byte_map_base: 0x00000000016e0000

Marking Bits: (ParMarkBitMap*) 0x00000000614d9d00
 Begin Bits: [0x0000000013120000, 0x0000000014120000)
 End Bits:   [0x0000000014120000, 0x0000000015120000)

Polling page: 0x00000000012d0000

CodeCache: size=245760Kb used=5591Kb max_used=5617Kb free=240168Kb
 bounds [0x0000000003400000, 0x0000000003990000, 0x0000000012400000]
 total_blobs=1630 nmethods=1368 adapters=176
 compilation: enabled

Compilation events (10 events):
Event: 1.798 Thread 0x0000000017c1f000 1381       3       com.android.dx.dex.file.EncodedMethod::<init> (68 bytes)
Event: 1.798 Thread 0x0000000017c1f000 nmethod 1381 0x0000000003964350 code [0x00000000039644e0, 0x0000000003964998]
Event: 1.798 Thread 0x0000000017c1f000 1382       3       com.android.dx.dex.cf.AttributeTranslator::getParameterAnnotations (69 bytes)
Event: 1.799 Thread 0x0000000017c1f000 nmethod 1382 0x0000000003963590 code [0x0000000003963780, 0x0000000003964078]
Event: 1.922 Thread 0x0000000017c1f000 1383       3       com.android.dx.rop.code.AccessFlags::isSynchronized (13 bytes)
Event: 1.922 Thread 0x0000000017c1f000 nmethod 1383 0x0000000003963210 code [0x0000000003963360, 0x00000000039634f0]
Event: 1.923 Thread 0x0000000017c17000 nmethod 1311 0x0000000003977990 code [0x0000000003977ce0, 0x000000000397bc70]
Event: 1.924 Thread 0x0000000017c17000 1316       4       com.android.dx.ssa.SCCP::simulateBranch (666 bytes)
Event: 1.924 Thread 0x0000000017c1f000 1384       3       java.util.HashMap$HashIterator::<init> (79 bytes)
Event: 1.924 Thread 0x0000000017c1f000 nmethod 1384 0x0000000003962b90 code [0x0000000003962d00, 0x0000000003963090]

GC Heap History (2 events):
Event: 1.395 GC heap before
{Heap before GC invocations=1 (full 0):
 PSYoungGen      total 38400K, used 33280K [0x00000000eab00000, 0x00000000ed580000, 0x0000000100000000)
  eden space 33280K, 100% used [0x00000000eab00000,0x00000000ecb80000,0x00000000ecb80000)
  from space 5120K, 0% used [0x00000000ed080000,0x00000000ed080000,0x00000000ed580000)
  to   space 5120K, 0% used [0x00000000ecb80000,0x00000000ecb80000,0x00000000ed080000)
 ParOldGen       total 87552K, used 0K [0x00000000c0000000, 0x00000000c5580000, 0x00000000eab00000)
  object space 87552K, 0% used [0x00000000c0000000,0x00000000c0000000,0x00000000c5580000)
 Metaspace       used 5819K, capacity 6960K, committed 7040K, reserved 1056768K
  class space    used 564K, capacity 616K, committed 640K, reserved 1048576K
Event: 1.533 GC heap after
Heap after GC invocations=1 (full 0):
 PSYoungGen      total 38400K, used 5097K [0x00000000eab00000, 0x00000000ef600000, 0x0000000100000000)
  eden space 33280K, 0% used [0x00000000eab00000,0x00000000eab00000,0x00000000ecb80000)
  from space 5120K, 99% used [0x00000000ecb80000,0x00000000ed07a480,0x00000000ed080000)
  to   space 5120K, 0% used [0x00000000ef100000,0x00000000ef100000,0x00000000ef600000)
 ParOldGen       total 87552K, used 1158K [0x00000000c0000000, 0x00000000c5580000, 0x00000000eab00000)
  object space 87552K, 1% used [0x00000000c0000000,0x00000000c0121bd8,0x00000000c5580000)
 Metaspace       used 5819K, capacity 6960K, committed 7040K, reserved 1056768K
  class space    used 564K, capacity 616K, committed 640K, reserved 1048576K
}

Deoptimization events (10 events):
Event: 1.138 Thread 0x0000000017e0a000 Uncommon trap: reason=unstable_if action=reinterpret pc=0x000000000372079c method=com.android.dx.rop.cst.Constant.compareTo(Lcom/android/dx/rop/cst/Constant;)I @ 12
Event: 1.354 Thread 0x0000000017e03000 Uncommon trap: reason=null_check action=make_not_entrant pc=0x000000000384f0a8 method=com.android.dx.rop.type.Type.equals(Ljava/lang/Object;)Z @ 8
Event: 1.602 Thread 0x0000000017e03000 Uncommon trap: reason=bimorphic action=maybe_recompile pc=0x0000000003691568 method=java.util.HashMap.getNode(ILjava/lang/Object;)Ljava/util/HashMap$Node; @ 126
Event: 1.602 Thread 0x0000000017e03000 Uncommon trap: reason=class_check action=maybe_recompile pc=0x0000000003810528 method=java.util.HashMap.putVal(ILjava/lang/Object;Ljava/lang/Object;ZZ)Ljava/lang/Object; @ 203
Event: 1.741 Thread 0x0000000017e03000 Uncommon trap: reason=bimorphic action=maybe_recompile pc=0x000000000391d030 method=com.android.dx.ssa.SCCP.simulatePhi(Lcom/android/dx/ssa/PhiInsn;)V @ 124
Event: 1.742 Thread 0x0000000017e03000 Uncommon trap: reason=bimorphic action=maybe_recompile pc=0x000000000391d030 method=com.android.dx.ssa.SCCP.simulatePhi(Lcom/android/dx/ssa/PhiInsn;)V @ 124
Event: 1.742 Thread 0x0000000017e03000 Uncommon trap: reason=bimorphic action=maybe_recompile pc=0x000000000391d030 method=com.android.dx.ssa.SCCP.simulatePhi(Lcom/android/dx/ssa/PhiInsn;)V @ 124
Event: 1.751 Thread 0x0000000017e03000 Uncommon trap: reason=bimorphic action=maybe_recompile pc=0x000000000391d030 method=com.android.dx.ssa.SCCP.simulatePhi(Lcom/android/dx/ssa/PhiInsn;)V @ 124
Event: 1.774 Thread 0x0000000017de0800 Uncommon trap: reason=bimorphic action=maybe_recompile pc=0x00000000038e73a4 method=com.android.dx.cf.code.BytecodeArray.parseInstruction(ILcom/android/dx/cf/code/BytecodeArray$Visitor;)I @ 1161
Event: 1.774 Thread 0x0000000017de0800 Uncommon trap: reason=bimorphic action=maybe_recompile pc=0x00000000038e73a4 method=com.android.dx.cf.code.BytecodeArray.parseInstruction(ILcom/android/dx/cf/code/BytecodeArray$Visitor;)I @ 1161

Internal exceptions (4 events):
Event: 0.067 Thread 0x0000000001be0800 Exception <a 'java/lang/NoSuchMethodError': Method sun.misc.Unsafe.defineClass(Ljava/lang/String;[BII)Ljava/lang/Class; name or signature does not match> (0x00000000eab07cc0) thrown at [C:\src\android\AOSP-openjdk\external\jetbrains\jdk\hotspot\src\share\v∆G#e7±?
Event: 0.067 Thread 0x0000000001be0800 Exception <a 'java/lang/NoSuchMethodError': Method sun.misc.Unsafe.prefetchRead(Ljava/lang/Object;J)V name or signature does not match> (0x00000000eab07fa8) thrown at [C:\src\android\AOSP-openjdk\external\jetbrains\jdk\hotspot\src\share\vm\prims\jni.cpp, lÕﬁç∑ìÍ?
Event: 0.816 Thread 0x0000000017e0a000 Implicit null exception at 0x000000000369bb48 to 0x000000000369dfe9
Event: 1.354 Thread 0x0000000017e03000 Implicit null exception at 0x000000000384efa2 to 0x000000000384f09a

Events (10 events):
Event: 1.773 loading class com/android/dx/cf/code/BytecodeArray$ConstantParserVisitor
Event: 1.773 loading class com/android/dx/cf/code/BytecodeArray$ConstantParserVisitor done
Event: 1.774 Thread 0x0000000017de0800 Uncommon trap: trap_request=0xffffffc6 fr.pc=0x00000000038e73a4
Event: 1.774 Thread 0x0000000017de0800 DEOPT PACKING pc=0x00000000038e73a4 sp=0x0000000018ade830
Event: 1.774 Thread 0x0000000017de0800 DEOPT UNPACKING pc=0x000000000344556a sp=0x0000000018ade7b8 mode 2
Event: 1.774 Thread 0x0000000017de0800 Uncommon trap: trap_request=0xffffffc6 fr.pc=0x00000000038e73a4
Event: 1.774 Thread 0x0000000017de0800 DEOPT PACKING pc=0x00000000038e73a4 sp=0x0000000018ade610
Event: 1.774 Thread 0x0000000017de0800 DEOPT UNPACKING pc=0x000000000344556a sp=0x0000000018ade598 mode 2
Event: 1.775 Thread 0x0000000017de0800 Thread exited: 0x0000000017de0800
Event: 1.924 Thread 0x0000000017e03000 Thread exited: 0x0000000017e03000


Dynamic libraries:
0x00007ff7eadd0000 - 0x00007ff7eae01000 	E:\Programming\Android\Android Studio\jre\bin\java.exe
0x00007ff974fb0000 - 0x00007ff975181000 	C:\WINDOWS\SYSTEM32\ntdll.dll
0x00007ff972570000 - 0x00007ff97261b000 	C:\WINDOWS\System32\KERNEL32.DLL
0x00007ff9714a0000 - 0x00007ff9716bd000 	C:\WINDOWS\System32\KERNELBASE.dll
0x00007ff972850000 - 0x00007ff9728f2000 	C:\WINDOWS\System32\ADVAPI32.dll
0x00007ff972ab0000 - 0x00007ff972b4e000 	C:\WINDOWS\System32\msvcrt.dll
0x00007ff974730000 - 0x00007ff974789000 	C:\WINDOWS\System32\sechost.dll
0x00007ff972720000 - 0x00007ff972841000 	C:\WINDOWS\System32\RPCRT4.dll
0x00007ff974e30000 - 0x00007ff974f95000 	C:\WINDOWS\System32\USER32.dll
0x00007ff971bd0000 - 0x00007ff971bee000 	C:\WINDOWS\System32\win32u.dll
0x00007ff974270000 - 0x00007ff9742a4000 	C:\WINDOWS\System32\GDI32.dll
0x00007ff971770000 - 0x00007ff9718f2000 	C:\WINDOWS\System32\gdi32full.dll
0x00007ff96c600000 - 0x00007ff96c879000 	C:\WINDOWS\WinSxS\amd64_microsoft.windows.common-controls_6595b64144ccf1df_6.0.14393.447_none_42191651c6827bb3\COMCTL32.dll
0x00007ff974370000 - 0x00007ff974637000 	C:\WINDOWS\System32\combase.dll
0x00007ff971ad0000 - 0x00007ff971bc5000 	C:\WINDOWS\System32\ucrtbase.dll
0x00007ff971bf0000 - 0x00007ff971c5a000 	C:\WINDOWS\System32\bcryptPrimitives.dll
0x00007ff972540000 - 0x00007ff97256e000 	C:\WINDOWS\System32\IMM32.DLL
0x0000000060c40000 - 0x0000000060d12000 	E:\Programming\Android\Android Studio\jre\jre\bin\msvcr100.dll
0x0000000060d20000 - 0x0000000061554000 	E:\Programming\Android\Android Studio\jre\jre\bin\server\jvm.dll
0x00007ff974fa0000 - 0x00007ff974fa8000 	C:\WINDOWS\System32\PSAPI.DLL
0x00007ff95f6c0000 - 0x00007ff95f6c9000 	C:\WINDOWS\SYSTEM32\WSOCK32.dll
0x00007ff974790000 - 0x00007ff9747fa000 	C:\WINDOWS\System32\WS2_32.dll
0x00007ff96f3b0000 - 0x00007ff96f3d3000 	C:\WINDOWS\SYSTEM32\WINMM.dll
0x00007ff96d3a0000 - 0x00007ff96d3aa000 	C:\WINDOWS\SYSTEM32\VERSION.dll
0x00007ff96f350000 - 0x00007ff96f37b000 	C:\WINDOWS\SYSTEM32\WINMMBASE.dll
0x00007ff971720000 - 0x00007ff971762000 	C:\WINDOWS\System32\cfgmgr32.dll
0x00007ff96df40000 - 0x00007ff96df4f000 	E:\Programming\Android\Android Studio\jre\jre\bin\verify.dll
0x00007ff967ec0000 - 0x00007ff967ee9000 	E:\Programming\Android\Android Studio\jre\jre\bin\java.dll
0x00007ff96ca40000 - 0x00007ff96ca56000 	E:\Programming\Android\Android Studio\jre\jre\bin\zip.dll
0x00007ff972b50000 - 0x00007ff974059000 	C:\WINDOWS\System32\SHELL32.dll
0x00007ff971db0000 - 0x00007ff97248a000 	C:\WINDOWS\System32\windows.storage.dll
0x00007ff971440000 - 0x00007ff97148c000 	C:\WINDOWS\System32\powrprof.dll
0x00007ff9742b0000 - 0x00007ff974302000 	C:\WINDOWS\System32\shlwapi.dll
0x00007ff971490000 - 0x00007ff97149f000 	C:\WINDOWS\System32\kernel.appcore.dll
0x00007ff972490000 - 0x00007ff972539000 	C:\WINDOWS\System32\shcore.dll
0x00007ff971420000 - 0x00007ff971434000 	C:\WINDOWS\System32\profapi.dll

VM Arguments:
jvm_args: -Djava.awt.headless=true -Xmx1024M -Dfile.encoding=windows-1251 -Duser.country=RU -Duser.language=ru -Duser.variant 
java_command: com.android.dx.command.Main --dex --force-jumbo --num-threads=4 --multi-dex --output E:\Programming\JAVALABS\lw05\app\build\intermediates\transforms\dex\debug\folders\1000\10\com.android.support-support-core-utils-24.2.1_b8debdb4551f92afcfbfa5b5fb6546477955f1a5 E:\Programming\JAVALABS\lw05\app\build\intermediates\exploded-aar\com.android.support\support-core-utils\24.2.1\jars\classes.jar
java_class_path (initial): E:\Programming\Android\sdk\build-tools\25.0.1\lib\dx.jar
Launcher Type: SUN_STANDARD

Environment Variables:
CLASSPATH=.;
PATH=C:\ProgramData\Oracle\Java\javapath;C:\Program Files (x86)\Lenovo\FusionEngine;C:\Windows\system32;C:\Windows;C:\Windows\System32\Wbem;C:\Windows\System32\WindowsPowerShell\v1.0\;C:\Program Files\Intel\WiFi\bin\;C:\Program Files\Common Files\Intel\WirelessCommon\;C:\Program Files (x86)\Skype\Phone\;C:\WINDOWS\system32;C:\WINDOWS;C:\WINDOWS\System32\Wbem;C:\WINDOWS\System32\WindowsPowerShell\v1.0\;C:\Program Files (x86)\NVIDIA Corporation\PhysX\Common;E:\Programming\Matlab R2015a\runtime\win64;E:\Programming\Matlab R2015a\bin;E:\Programming\Matlab R2015a\polyspace\bin;C:\WINDOWS\system32;C:\WINDOWS;C:\WINDOWS\System32\Wbem;C:\WINDOWS\System32\WindowsPowerShell\v1.0\;C:\Program Files\Java\jdk1.8.0_102\bin\\;C:\Program Files\Git\cmd;C:\Users\USER\AppData\Local\Microsoft\WindowsApps;
USERNAME=USER
OS=Windows_NT
PROCESSOR_IDENTIFIER=Intel64 Family 6 Model 60 Stepping 3, GenuineIntel



---------------  S Y S T E M  ---------------

OS: Windows 10.0 , 64 bit Build 14393 (10.0.14393.0)

CPU:total 8 (4 cores per cpu, 2 threads per core) family 6 model 60 stepping 3, cmov, cx8, fxsr, mmx, sse, sse2, sse3, ssse3, sse4.1, sse4.2, popcnt, avx, avx2, aes, clmul, erms, lzcnt, ht, tsc, tscinvbit, bmi1, bmi2

Memory: 4k page, physical 8298776k(2279068k free), swap 9609496k(5364k free)

vm_info: OpenJDK 64-Bit Server VM (25.76-b03) for windows-amd64 JRE (1.8.0_76-release-b03), built on Jun 29 2016 19:09:20 by "ralucas" with MS VC++ 10.0 (VS2010)

time: Mon Nov 28 22:33:14 2016
elapsed time: 1 seconds (0d 0h 0m 1s)

