#
# There is insufficient memory for the Java Runtime Environment to continue.
# Native memory allocation (malloc) failed to allocate 525616 bytes for Chunk::new
# Possible reasons:
#   The system is out of physical RAM or swap space
#   In 32 bit mode, the process size limit was hit
# Possible solutions:
#   Reduce memory load on the system
#   Increase physical memory or swap space
#   Check if swap backing store is full
#   Use 64 bit Java on a 64 bit OS
#   Decrease Java heap size (-Xmx/-Xms)
#   Decrease number of Java threads
#   Decrease Java thread stack sizes (-Xss)
#   Set larger code cache with -XX:ReservedCodeCacheSize=
# This output file may be truncated or incomplete.
#
#  Out of Memory Error (allocation.cpp:390), pid=16220, tid=0x0000000000003f48
#
# JRE version: OpenJDK Runtime Environment (8.0_76-b03) (build 1.8.0_76-release-b03)
# Java VM: OpenJDK 64-Bit Server VM (25.76-b03 mixed mode windows-amd64 compressed oops)
# Failed to write core dump. Minidumps are not enabled by default on client versions of Windows
#

---------------  T H R E A D  ---------------

Current thread (0x00000000171eb000):  JavaThread "C2 CompilerThread0" daemon [_thread_in_native, id=16200, stack(0x00000000179b0000,0x0000000017ab0000)]

Stack: [0x00000000179b0000,0x0000000017ab0000]
[error occurred during error reporting (printing stack bounds), id 0xc0000005]

Native frames: (J=compiled Java code, j=interpreted, Vv=VM code, C=native code)


Current CompileTask:
C2:   1307 1432       4       com.android.dx.ssa.LocalVariableExtractor::processBlock (383 bytes)


---------------  P R O C E S S  ---------------

Java Threads: ( => current thread )
  0x00000000174ae000 JavaThread "pool-2-thread-3" [_thread_in_Java, id=5520, stack(0x00000000182b0000,0x00000000183b0000)]
  0x000000001741b800 JavaThread "pool-3-thread-1" [_thread_blocked, id=2856, stack(0x00000000180b0000,0x00000000181b0000)]
  0x0000000017285800 JavaThread "Service Thread" daemon [_thread_blocked, id=12548, stack(0x0000000017db0000,0x0000000017eb0000)]
  0x00000000152fd000 JavaThread "C1 CompilerThread3" daemon [_thread_blocked, id=8428, stack(0x0000000017cb0000,0x0000000017db0000)]
  0x00000000171f6000 JavaThread "C2 CompilerThread2" daemon [_thread_in_native, id=5888, stack(0x0000000017bb0000,0x0000000017cb0000)]
  0x00000000171ee000 JavaThread "C2 CompilerThread1" daemon [_thread_in_native, id=9380, stack(0x0000000017ab0000,0x0000000017bb0000)]
=>0x00000000171eb000 JavaThread "C2 CompilerThread0" daemon [_thread_in_native, id=16200, stack(0x00000000179b0000,0x0000000017ab0000)]
  0x00000000171ea000 JavaThread "Attach Listener" daemon [_thread_blocked, id=16356, stack(0x00000000178b0000,0x00000000179b0000)]
  0x00000000171e9000 JavaThread "Signal Dispatcher" daemon [_thread_blocked, id=2936, stack(0x00000000177b0000,0x00000000178b0000)]
  0x0000000001358800 JavaThread "Finalizer" daemon [_thread_blocked, id=14000, stack(0x00000000175c0000,0x00000000176c0000)]
  0x0000000001354000 JavaThread "Reference Handler" daemon [_thread_blocked, id=15896, stack(0x00000000170c0000,0x00000000171c0000)]
  0x0000000001260800 JavaThread "main" [_thread_blocked, id=7564, stack(0x00000000010f0000,0x00000000011f0000)]

Other Threads:
  0x00000000152e5800 VMThread [stack: 0x0000000016fc0000,0x00000000170c0000] [id=8396]
  0x0000000017240800 WatcherThread [stack: 0x0000000017eb0000,0x0000000017fb0000] [id=576]

VM state:not at safepoint (normal execution)

VM Mutex/Monitor currently owned by a thread: None

Heap:
 PSYoungGen      total 71680K, used 32880K [0x00000000eab00000, 0x00000000ef600000, 0x0000000100000000)
  eden space 66560K, 41% used [0x00000000eab00000,0x00000000ec624240,0x00000000eec00000)
  from space 5120K, 99% used [0x00000000ef100000,0x00000000ef5f80b0,0x00000000ef600000)
  to   space 5120K, 0% used [0x00000000eec00000,0x00000000eec00000,0x00000000ef100000)
 ParOldGen       total 87552K, used 6468K [0x00000000c0000000, 0x00000000c5580000, 0x00000000eab00000)
  object space 87552K, 7% used [0x00000000c0000000,0x00000000c0651398,0x00000000c5580000)
 Metaspace       used 5948K, capacity 7088K, committed 7296K, reserved 1056768K
  class space    used 567K, capacity 616K, committed 640K, reserved 1048576K

Card table byte_map: [0x0000000001720000,0x0000000001930000] byte_map_base: 0x0000000001120000

Marking Bits: (ParMarkBitMap*) 0x00000000614d9d00
 Begin Bits: [0x0000000012700000, 0x0000000013700000)
 End Bits:   [0x0000000013700000, 0x0000000014700000)

Polling page: 0x0000000000800000

CodeCache: size=245760Kb used=5761Kb max_used=5761Kb free=239998Kb
 bounds [0x0000000003400000, 0x00000000039b0000, 0x0000000012400000]
 total_blobs=1704 nmethods=1442 adapters=176
 compilation: enabled

Compilation events (10 events):
Event: 1.262 Thread 0x00000000152fd000 nmethod 1458 0x000000000398f8d0 code [0x000000000398ff80, 0x0000000003992c08]
Event: 1.262 Thread 0x00000000152fd000 1459       2       com.android.dx.rop.code.RegisterSpec::withLocalItem (41 bytes)
Event: 1.262 Thread 0x00000000152fd000 nmethod 1459 0x0000000003985c90 code [0x0000000003985e00, 0x0000000003986058]
Event: 1.262 Thread 0x00000000152fd000 1457       2       com.android.dx.rop.type.Type::isReference (15 bytes)
Event: 1.262 Thread 0x00000000152fd000 nmethod 1457 0x00000000039845d0 code [0x0000000003984720, 0x0000000003984890]
Event: 1.262 Thread 0x00000000152fd000 1462       2       com.android.dx.dex.file.CodeItem::<init> (81 bytes)
Event: 1.263 Thread 0x00000000152fd000 nmethod 1462 0x0000000003969f90 code [0x000000000396a140, 0x000000000396a558]
Event: 1.263 Thread 0x00000000152fd000 1461       2       com.android.dx.cf.code.LineNumberList::concat (92 bytes)
Event: 1.264 Thread 0x00000000152fd000 nmethod 1461 0x0000000003998390 code [0x0000000003998600, 0x0000000003999208]
Event: 1.264 Thread 0x00000000152fd000 1455       2       com.android.dx.cf.code.Ropper::addSynchExceptionHandlerBlock (206 bytes)

GC Heap History (4 events):
Event: 0.835 GC heap before
{Heap before GC invocations=1 (full 0):
 PSYoungGen      total 38400K, used 33280K [0x00000000eab00000, 0x00000000ed580000, 0x0000000100000000)
  eden space 33280K, 100% used [0x00000000eab00000,0x00000000ecb80000,0x00000000ecb80000)
  from space 5120K, 0% used [0x00000000ed080000,0x00000000ed080000,0x00000000ed580000)
  to   space 5120K, 0% used [0x00000000ecb80000,0x00000000ecb80000,0x00000000ed080000)
 ParOldGen       total 87552K, used 0K [0x00000000c0000000, 0x00000000c5580000, 0x00000000eab00000)
  object space 87552K, 0% used [0x00000000c0000000,0x00000000c0000000,0x00000000c5580000)
 Metaspace       used 5733K, capacity 6896K, committed 7040K, reserved 1056768K
  class space    used 566K, capacity 616K, committed 640K, reserved 1048576K
Event: 0.847 GC heap after
Heap after GC invocations=1 (full 0):
 PSYoungGen      total 38400K, used 5119K [0x00000000eab00000, 0x00000000ef600000, 0x0000000100000000)
  eden space 33280K, 0% used [0x00000000eab00000,0x00000000eab00000,0x00000000ecb80000)
  from space 5120K, 99% used [0x00000000ecb80000,0x00000000ed07ff58,0x00000000ed080000)
  to   space 5120K, 0% used [0x00000000ef100000,0x00000000ef100000,0x00000000ef600000)
 ParOldGen       total 87552K, used 1815K [0x00000000c0000000, 0x00000000c5580000, 0x00000000eab00000)
  object space 87552K, 2% used [0x00000000c0000000,0x00000000c01c5cd8,0x00000000c5580000)
 Metaspace       used 5733K, capacity 6896K, committed 7040K, reserved 1056768K
  class space    used 566K, capacity 616K, committed 640K, reserved 1048576K
}
Event: 1.086 GC heap before
{Heap before GC invocations=2 (full 0):
 PSYoungGen      total 38400K, used 38399K [0x00000000eab00000, 0x00000000ef600000, 0x0000000100000000)
  eden space 33280K, 100% used [0x00000000eab00000,0x00000000ecb80000,0x00000000ecb80000)
  from space 5120K, 99% used [0x00000000ecb80000,0x00000000ed07ff58,0x00000000ed080000)
  to   space 5120K, 0% used [0x00000000ef100000,0x00000000ef100000,0x00000000ef600000)
 ParOldGen       total 87552K, used 1815K [0x00000000c0000000, 0x00000000c5580000, 0x00000000eab00000)
  object space 87552K, 2% used [0x00000000c0000000,0x00000000c01c5cd8,0x00000000c5580000)
 Metaspace       used 5901K, capacity 7024K, committed 7296K, reserved 1056768K
  class space    used 566K, capacity 616K, committed 640K, reserved 1048576K
Event: 1.103 GC heap after
Heap after GC invocations=2 (full 0):
 PSYoungGen      total 71680K, used 5088K [0x00000000eab00000, 0x00000000ef600000, 0x0000000100000000)
  eden space 66560K, 0% used [0x00000000eab00000,0x00000000eab00000,0x00000000eec00000)
  from space 5120K, 99% used [0x00000000ef100000,0x00000000ef5f80b0,0x00000000ef600000)
  to   space 5120K, 0% used [0x00000000eec00000,0x00000000eec00000,0x00000000ef100000)
 ParOldGen       total 87552K, used 6468K [0x00000000c0000000, 0x00000000c5580000, 0x00000000eab00000)
  object space 87552K, 7% used [0x00000000c0000000,0x00000000c0651398,0x00000000c5580000)
 Metaspace       used 5901K, capacity 7024K, committed 7296K, reserved 1056768K
  class space    used 566K, capacity 616K, committed 640K, reserved 1048576K
}

Deoptimization events (10 events):
Event: 1.104 Thread 0x00000000174ad800 Uncommon trap: reason=bimorphic action=maybe_recompile pc=0x0000000003908db0 method=com.android.dx.cf.code.BytecodeArray.parseInstruction(ILcom/android/dx/cf/code/BytecodeArray$Visitor;)I @ 1224
Event: 1.104 Thread 0x00000000174ad800 Uncommon trap: reason=bimorphic action=maybe_recompile pc=0x0000000003907130 method=com.android.dx.cf.code.BytecodeArray.parseInstruction(ILcom/android/dx/cf/code/BytecodeArray$Visitor;)I @ 923
Event: 1.107 Thread 0x00000000174ad800 Uncommon trap: reason=bimorphic action=maybe_recompile pc=0x00000000036ce908 method=java.util.HashMap.getNode(ILjava/lang/Object;)Ljava/util/HashMap$Node; @ 126
Event: 1.107 Thread 0x00000000174ad800 Uncommon trap: reason=class_check action=maybe_recompile pc=0x00000000037d5994 method=java.util.HashMap.putVal(ILjava/lang/Object;Ljava/lang/Object;ZZ)Ljava/lang/Object; @ 203
Event: 1.107 Thread 0x00000000174ad800 Uncommon trap: reason=bimorphic action=maybe_recompile pc=0x00000000036ce908 method=java.util.HashMap.getNode(ILjava/lang/Object;)Ljava/util/HashMap$Node; @ 126
Event: 1.107 Thread 0x00000000174ad800 Uncommon trap: reason=class_check action=maybe_recompile pc=0x00000000037d5994 method=java.util.HashMap.putVal(ILjava/lang/Object;Ljava/lang/Object;ZZ)Ljava/lang/Object; @ 203
Event: 1.107 Thread 0x00000000174ad800 Uncommon trap: reason=bimorphic action=maybe_recompile pc=0x00000000036ce908 method=java.util.HashMap.getNode(ILjava/lang/Object;)Ljava/util/HashMap$Node; @ 126
Event: 1.107 Thread 0x00000000174ad800 Uncommon trap: reason=bimorphic action=maybe_recompile pc=0x00000000036ce908 method=java.util.HashMap.getNode(ILjava/lang/Object;)Ljava/util/HashMap$Node; @ 126
Event: 1.107 Thread 0x00000000174ad800 Uncommon trap: reason=class_check action=maybe_recompile pc=0x00000000037d5994 method=java.util.HashMap.putVal(ILjava/lang/Object;Ljava/lang/Object;ZZ)Ljava/lang/Object; @ 203
Event: 1.188 Thread 0x00000000174ae000 Uncommon trap: reason=unstable_if action=reinterpret pc=0x000000000397f0e0 method=com.android.dx.ssa.SsaRenamer$BlockRenamer.visitMoveInsn(Lcom/android/dx/ssa/NormalSsaInsn;)V @ 104

Internal exceptions (3 events):
Event: 0.042 Thread 0x0000000001260800 Exception <a 'java/lang/NoSuchMethodError': Method sun.misc.Unsafe.defineClass(Ljava/lang/String;[BII)Ljava/lang/Class; name or signature does not match> (0x00000000eab07cc0) thrown at [C:\src\android\AOSP-openjdk\external\jetbrains\jdk\hotspot\src\share\v¯ªî `Ã•?
Event: 0.043 Thread 0x0000000001260800 Exception <a 'java/lang/NoSuchMethodError': Method sun.misc.Unsafe.prefetchRead(Ljava/lang/Object;J)V name or signature does not match> (0x00000000eab07fa8) thrown at [C:\src\android\AOSP-openjdk\external\jetbrains\jdk\hotspot\src\share\vm\prims\jni.cpp, lôÅíôR∫Ó?
Event: 0.960 Thread 0x00000000174ad800 Implicit null exception at 0x0000000003735443 to 0x0000000003736955

Events (10 events):
Event: 1.159 loading class java/util/HashMap$KeySet
Event: 1.159 loading class java/util/HashMap$KeySet done
Event: 1.159 loading class java/util/HashMap$KeyIterator
Event: 1.159 loading class java/util/HashMap$KeyIterator done
Event: 1.161 Thread 0x0000000017438000 Thread exited: 0x0000000017438000
Event: 1.161 Thread 0x00000000174ad800 Thread exited: 0x00000000174ad800
Event: 1.188 Thread 0x00000000174ae000 Uncommon trap: trap_request=0xffffff65 fr.pc=0x000000000397f0e0
Event: 1.188 Thread 0x00000000174ae000 DEOPT PACKING pc=0x000000000397f0e0 sp=0x00000000183ae670
Event: 1.188 Thread 0x00000000174ae000 DEOPT UNPACKING pc=0x000000000344556a sp=0x00000000183ae588 mode 2
Event: 1.232 Thread 0x00000000174b4000 Thread exited: 0x00000000174b4000


Dynamic libraries:
0x00007ff7eadd0000 - 0x00007ff7eae01000 	E:\Programming\Android\Android Studio\jre\bin\java.exe
0x00007ff974fb0000 - 0x00007ff975181000 	C:\WINDOWS\SYSTEM32\ntdll.dll
0x00007ff972570000 - 0x00007ff97261b000 	C:\WINDOWS\System32\KERNEL32.DLL
0x00007ff9714a0000 - 0x00007ff9716bd000 	C:\WINDOWS\System32\KERNELBASE.dll
0x00007ff972850000 - 0x00007ff9728f2000 	C:\WINDOWS\System32\ADVAPI32.dll
0x00007ff972ab0000 - 0x00007ff972b4e000 	C:\WINDOWS\System32\msvcrt.dll
0x00007ff974730000 - 0x00007ff974789000 	C:\WINDOWS\System32\sechost.dll
0x00007ff972720000 - 0x00007ff972841000 	C:\WINDOWS\System32\RPCRT4.dll
0x00007ff974e30000 - 0x00007ff974f95000 	C:\WINDOWS\System32\USER32.dll
0x00007ff971bd0000 - 0x00007ff971bee000 	C:\WINDOWS\System32\win32u.dll
0x00007ff974270000 - 0x00007ff9742a4000 	C:\WINDOWS\System32\GDI32.dll
0x00007ff971770000 - 0x00007ff9718f2000 	C:\WINDOWS\System32\gdi32full.dll
0x00007ff96c600000 - 0x00007ff96c879000 	C:\WINDOWS\WinSxS\amd64_microsoft.windows.common-controls_6595b64144ccf1df_6.0.14393.447_none_42191651c6827bb3\COMCTL32.dll
0x00007ff974370000 - 0x00007ff974637000 	C:\WINDOWS\System32\combase.dll
0x00007ff971ad0000 - 0x00007ff971bc5000 	C:\WINDOWS\System32\ucrtbase.dll
0x00007ff971bf0000 - 0x00007ff971c5a000 	C:\WINDOWS\System32\bcryptPrimitives.dll
0x00007ff972540000 - 0x00007ff97256e000 	C:\WINDOWS\System32\IMM32.DLL
0x0000000060c40000 - 0x0000000060d12000 	E:\Programming\Android\Android Studio\jre\jre\bin\msvcr100.dll
0x0000000060d20000 - 0x0000000061554000 	E:\Programming\Android\Android Studio\jre\jre\bin\server\jvm.dll
0x00007ff974fa0000 - 0x00007ff974fa8000 	C:\WINDOWS\System32\PSAPI.DLL
0x00007ff95f6c0000 - 0x00007ff95f6c9000 	C:\WINDOWS\SYSTEM32\WSOCK32.dll
0x00007ff96f3b0000 - 0x00007ff96f3d3000 	C:\WINDOWS\SYSTEM32\WINMM.dll
0x00007ff96d3a0000 - 0x00007ff96d3aa000 	C:\WINDOWS\SYSTEM32\VERSION.dll
0x00007ff974790000 - 0x00007ff9747fa000 	C:\WINDOWS\System32\WS2_32.dll
0x00007ff96f350000 - 0x00007ff96f37b000 	C:\WINDOWS\SYSTEM32\WINMMBASE.dll
0x00007ff971720000 - 0x00007ff971762000 	C:\WINDOWS\System32\cfgmgr32.dll
0x00007ff96df40000 - 0x00007ff96df4f000 	E:\Programming\Android\Android Studio\jre\jre\bin\verify.dll
0x00007ff967ec0000 - 0x00007ff967ee9000 	E:\Programming\Android\Android Studio\jre\jre\bin\java.dll
0x00007ff96ca40000 - 0x00007ff96ca56000 	E:\Programming\Android\Android Studio\jre\jre\bin\zip.dll
0x00007ff972b50000 - 0x00007ff974059000 	C:\WINDOWS\System32\SHELL32.dll
0x00007ff971db0000 - 0x00007ff97248a000 	C:\WINDOWS\System32\windows.storage.dll
0x00007ff971440000 - 0x00007ff97148c000 	C:\WINDOWS\System32\powrprof.dll
0x00007ff9742b0000 - 0x00007ff974302000 	C:\WINDOWS\System32\shlwapi.dll
0x00007ff971490000 - 0x00007ff97149f000 	C:\WINDOWS\System32\kernel.appcore.dll
0x00007ff972490000 - 0x00007ff972539000 	C:\WINDOWS\System32\shcore.dll
0x00007ff971420000 - 0x00007ff971434000 	C:\WINDOWS\System32\profapi.dll

VM Arguments:
jvm_args: -Djava.awt.headless=true -Xmx1024M -Dfile.encoding=windows-1251 -Duser.country=RU -Duser.language=ru -Duser.variant 
java_command: com.android.dx.command.Main --dex --force-jumbo --num-threads=4 --multi-dex --output E:\Programming\JAVALABS\lw05\app\build\intermediates\transforms\dex\debug\folders\1000\10\com.android.support-support-fragment-24.2.1_994c8604cfbd3424b982af12297d7e16a21c4610 E:\Programming\JAVALABS\lw05\app\build\intermediates\exploded-aar\com.android.support\support-fragment\24.2.1\jars\classes.jar
java_class_path (initial): E:\Programming\Android\sdk\build-tools\25.0.1\lib\dx.jar
Launcher Type: SUN_STANDARD

Environment Variables:
CLASSPATH=.;
PATH=C:\ProgramData\Oracle\Java\javapath;C:\Program Files (x86)\Lenovo\FusionEngine;C:\Windows\system32;C:\Windows;C:\Windows\System32\Wbem;C:\Windows\System32\WindowsPowerShell\v1.0\;C:\Program Files\Intel\WiFi\bin\;C:\Program Files\Common Files\Intel\WirelessCommon\;C:\Program Files (x86)\Skype\Phone\;C:\WINDOWS\system32;C:\WINDOWS;C:\WINDOWS\System32\Wbem;C:\WINDOWS\System32\WindowsPowerShell\v1.0\;C:\Program Files (x86)\NVIDIA Corporation\PhysX\Common;E:\Programming\Matlab R2015a\runtime\win64;E:\Programming\Matlab R2015a\bin;E:\Programming\Matlab R2015a\polyspace\bin;C:\WINDOWS\system32;C:\WINDOWS;C:\WINDOWS\System32\Wbem;C:\WINDOWS\System32\WindowsPowerShell\v1.0\;C:\Program Files\Java\jdk1.8.0_102\bin\\;C:\Program Files\Git\cmd;C:\Users\USER\AppData\Local\Microsoft\WindowsApps;
USERNAME=USER
OS=Windows_NT
PROCESSOR_IDENTIFIER=Intel64 Family 6 Model 60 Stepping 3, GenuineIntel



---------------  S Y S T E M  ---------------

OS: Windows 10.0 , 64 bit Build 14393 (10.0.14393.0)

CPU:total 8 (4 cores per cpu, 2 threads per core) family 6 model 60 stepping 3, cmov, cx8, fxsr, mmx, sse, sse2, sse3, ssse3, sse4.1, sse4.2, popcnt, avx, avx2, aes, clmul, erms, lzcnt, ht, tsc, tscinvbit, bmi1, bmi2

Memory: 4k page, physical 8298776k(2367384k free), swap 9609496k(439408k free)

vm_info: OpenJDK 64-Bit Server VM (25.76-b03) for windows-amd64 JRE (1.8.0_76-release-b03), built on Jun 29 2016 19:09:20 by "ralucas" with MS VC++ 10.0 (VS2010)

time: Mon Nov 28 22:35:30 2016
elapsed time: 1 seconds (0d 0h 0m 1s)

