#
# There is insufficient memory for the Java Runtime Environment to continue.
# Native memory allocation (malloc) failed to allocate 574656 bytes for Chunk::new
# Possible reasons:
#   The system is out of physical RAM or swap space
#   In 32 bit mode, the process size limit was hit
# Possible solutions:
#   Reduce memory load on the system
#   Increase physical memory or swap space
#   Check if swap backing store is full
#   Use 64 bit Java on a 64 bit OS
#   Decrease Java heap size (-Xmx/-Xms)
#   Decrease number of Java threads
#   Decrease Java thread stack sizes (-Xss)
#   Set larger code cache with -XX:ReservedCodeCacheSize=
# This output file may be truncated or incomplete.
#
#  Out of Memory Error (allocation.cpp:390), pid=14632, tid=0x0000000000003d50
#
# JRE version: OpenJDK Runtime Environment (8.0_76-b03) (build 1.8.0_76-release-b03)
# Java VM: OpenJDK 64-Bit Server VM (25.76-b03 mixed mode windows-amd64 compressed oops)
# Failed to write core dump. Minidumps are not enabled by default on client versions of Windows
#

---------------  T H R E A D  ---------------

Current thread (0x0000000017713800):  JavaThread "C2 CompilerThread2" daemon [_thread_in_native, id=15696, stack(0x00000000180d0000,0x00000000181d0000)]

Stack: [0x00000000180d0000,0x00000000181d0000]
[error occurred during error reporting (printing stack bounds), id 0xc0000005]

Native frames: (J=compiled Java code, j=interpreted, Vv=VM code, C=native code)


Current CompileTask:
C2:   2390 1381   !   4       com.android.dx.cf.cst.ConstantPoolParser::parse0 (731 bytes)


---------------  P R O C E S S  ---------------

Java Threads: ( => current thread )
  0x0000000017a3b000 JavaThread "pool-2-thread-4" [_thread_blocked, id=13476, stack(0x00000000190d0000,0x00000000191d0000)]
  0x0000000017a40800 JavaThread "pool-2-thread-3" [_thread_blocked, id=1600, stack(0x0000000018fd0000,0x00000000190d0000)]
  0x0000000017a3f800 JavaThread "pool-2-thread-2" [_thread_blocked, id=15120, stack(0x0000000018ed0000,0x0000000018fd0000)]
  0x00000000179b8000 JavaThread "pool-3-thread-1" [_thread_blocked, id=16072, stack(0x0000000018dd0000,0x0000000018ed0000)]
  0x00000000179fd800 JavaThread "pool-2-thread-1" [_thread_blocked, id=6312, stack(0x0000000018cd0000,0x0000000018dd0000)]
  0x000000001779c000 JavaThread "Service Thread" daemon [_thread_blocked, id=15164, stack(0x00000000182d0000,0x00000000183d0000)]
  0x000000001772f000 JavaThread "C1 CompilerThread3" daemon [_thread_blocked, id=13200, stack(0x00000000181d0000,0x00000000182d0000)]
=>0x0000000017713800 JavaThread "C2 CompilerThread2" daemon [_thread_in_native, id=15696, stack(0x00000000180d0000,0x00000000181d0000)]
  0x000000001770f800 JavaThread "C2 CompilerThread1" daemon [_thread_in_native, id=11072, stack(0x0000000017fd0000,0x00000000180d0000)]
  0x000000001770c000 JavaThread "C2 CompilerThread0" daemon [_thread_in_native, id=11172, stack(0x0000000017ed0000,0x0000000017fd0000)]
  0x000000001770b000 JavaThread "Attach Listener" daemon [_thread_blocked, id=10756, stack(0x0000000017dd0000,0x0000000017ed0000)]
  0x0000000017709800 JavaThread "Signal Dispatcher" daemon [_thread_blocked, id=7888, stack(0x0000000017cd0000,0x0000000017dd0000)]
  0x0000000017700800 JavaThread "Finalizer" daemon [_thread_blocked, id=15112, stack(0x0000000017ae0000,0x0000000017be0000)]
  0x00000000017f4000 JavaThread "Reference Handler" daemon [_thread_blocked, id=9176, stack(0x00000000175e0000,0x00000000176e0000)]
  0x0000000001700800 JavaThread "main" [_thread_in_Java, id=12824, stack(0x00000000015a0000,0x00000000016a0000)]

Other Threads:
  0x00000000157e5000 VMThread [stack: 0x00000000174e0000,0x00000000175e0000] [id=1604]
  0x000000001779d000 WatcherThread [stack: 0x00000000183d0000,0x00000000184d0000] [id=15796]

VM state:not at safepoint (normal execution)

VM Mutex/Monitor currently owned by a thread: None

Heap:
 PSYoungGen      total 38400K, used 14336K [0x00000000eab00000, 0x00000000ef600000, 0x0000000100000000)
  eden space 33280K, 27% used [0x00000000eab00000,0x00000000eb401080,0x00000000ecb80000)
  from space 5120K, 99% used [0x00000000ecb80000,0x00000000ed07f0c8,0x00000000ed080000)
  to   space 5120K, 0% used [0x00000000ef100000,0x00000000ef100000,0x00000000ef600000)
 ParOldGen       total 87552K, used 10098K [0x00000000c0000000, 0x00000000c5580000, 0x00000000eab00000)
  object space 87552K, 11% used [0x00000000c0000000,0x00000000c09dc8c8,0x00000000c5580000)
 Metaspace       used 6083K, capacity 7152K, committed 7296K, reserved 1056768K
  class space    used 566K, capacity 616K, committed 640K, reserved 1048576K

Card table byte_map: [0x0000000001c40000,0x0000000001e50000] byte_map_base: 0x0000000001640000

Marking Bits: (ParMarkBitMap*) 0x00000000614d9d00
 Begin Bits: [0x0000000012c00000, 0x0000000013c00000)
 End Bits:   [0x0000000013c00000, 0x0000000014c00000)

Polling page: 0x00000000011a0000

CodeCache: size=245760Kb used=6464Kb max_used=6464Kb free=239295Kb
 bounds [0x0000000003400000, 0x0000000003a60000, 0x0000000012400000]
 total_blobs=1947 nmethods=1684 adapters=176
 compilation: enabled

Compilation events (10 events):
Event: 2.371 Thread 0x000000001772f000 1709       2       com.android.dx.rop.code.LocalVariableInfo::<init> (82 bytes)
Event: 2.372 Thread 0x000000001772f000 nmethod 1709 0x0000000003a53390 code [0x0000000003a53560, 0x0000000003a53b08]
Event: 2.372 Thread 0x000000001772f000 1711       2       com.android.dx.rop.code.Insn$BaseVisitor::visitThrowingInsn (1 bytes)
Event: 2.372 Thread 0x000000001772f000 nmethod 1711 0x0000000003a53e10 code [0x0000000003a53f60, 0x0000000003a540b0]
Event: 2.372 Thread 0x000000001772f000 1712       2       com.android.dx.dex.code.RopTranslator$LocalVariableAwareTranslationVisitor::visitThrowingInsn (11 bytes)
Event: 2.373 Thread 0x000000001772f000 nmethod 1712 0x0000000003a54150 code [0x0000000003a54300, 0x0000000003a54718]
Event: 2.373 Thread 0x000000001772f000 1714       2       com.android.dx.command.dexer.Main::access$1800 (4 bytes)
Event: 2.374 Thread 0x000000001772f000 nmethod 1714 0x0000000003a54b90 code [0x0000000003a54ce0, 0x0000000003a54e10]
Event: 2.374 Thread 0x000000001772f000 1715       2       com.android.dx.command.dexer.Main::access$2000 (4 bytes)
Event: 2.374 Thread 0x000000001772f000 nmethod 1715 0x0000000003a54e90 code [0x0000000003a54fe0, 0x0000000003a55110]

GC Heap History (6 events):
Event: 1.831 GC heap before
{Heap before GC invocations=1 (full 0):
 PSYoungGen      total 38400K, used 33280K [0x00000000eab00000, 0x00000000ed580000, 0x0000000100000000)
  eden space 33280K, 100% used [0x00000000eab00000,0x00000000ecb80000,0x00000000ecb80000)
  from space 5120K, 0% used [0x00000000ed080000,0x00000000ed080000,0x00000000ed580000)
  to   space 5120K, 0% used [0x00000000ecb80000,0x00000000ecb80000,0x00000000ed080000)
 ParOldGen       total 87552K, used 0K [0x00000000c0000000, 0x00000000c5580000, 0x00000000eab00000)
  object space 87552K, 0% used [0x00000000c0000000,0x00000000c0000000,0x00000000c5580000)
 Metaspace       used 5779K, capacity 6896K, committed 7040K, reserved 1056768K
  class space    used 566K, capacity 616K, committed 640K, reserved 1048576K
Event: 1.840 GC heap after
Heap after GC invocations=1 (full 0):
 PSYoungGen      total 38400K, used 5091K [0x00000000eab00000, 0x00000000ed580000, 0x0000000100000000)
  eden space 33280K, 0% used [0x00000000eab00000,0x00000000eab00000,0x00000000ecb80000)
  from space 5120K, 99% used [0x00000000ecb80000,0x00000000ed078c68,0x00000000ed080000)
  to   space 5120K, 0% used [0x00000000ed080000,0x00000000ed080000,0x00000000ed580000)
 ParOldGen       total 87552K, used 678K [0x00000000c0000000, 0x00000000c5580000, 0x00000000eab00000)
  object space 87552K, 0% used [0x00000000c0000000,0x00000000c00a99a0,0x00000000c5580000)
 Metaspace       used 5779K, capacity 6896K, committed 7040K, reserved 1056768K
  class space    used 566K, capacity 616K, committed 640K, reserved 1048576K
}
Event: 2.056 GC heap before
{Heap before GC invocations=2 (full 0):
 PSYoungGen      total 38400K, used 38371K [0x00000000eab00000, 0x00000000ed580000, 0x0000000100000000)
  eden space 33280K, 100% used [0x00000000eab00000,0x00000000ecb80000,0x00000000ecb80000)
  from space 5120K, 99% used [0x00000000ecb80000,0x00000000ed078c68,0x00000000ed080000)
  to   space 5120K, 0% used [0x00000000ed080000,0x00000000ed080000,0x00000000ed580000)
 ParOldGen       total 87552K, used 678K [0x00000000c0000000, 0x00000000c5580000, 0x00000000eab00000)
  object space 87552K, 0% used [0x00000000c0000000,0x00000000c00a99a0,0x00000000c5580000)
 Metaspace       used 5972K, capacity 7024K, committed 7296K, reserved 1056768K
  class space    used 566K, capacity 616K, committed 640K, reserved 1048576K
Event: 2.070 GC heap after
Heap after GC invocations=2 (full 0):
 PSYoungGen      total 38400K, used 5095K [0x00000000eab00000, 0x00000000ef600000, 0x0000000100000000)
  eden space 33280K, 0% used [0x00000000eab00000,0x00000000eab00000,0x00000000ecb80000)
  from space 5120K, 99% used [0x00000000ed080000,0x00000000ed579c78,0x00000000ed580000)
  to   space 5120K, 0% used [0x00000000ecb80000,0x00000000ecb80000,0x00000000ed080000)
 ParOldGen       total 87552K, used 4516K [0x00000000c0000000, 0x00000000c5580000, 0x00000000eab00000)
  object space 87552K, 5% used [0x00000000c0000000,0x00000000c0469398,0x00000000c5580000)
 Metaspace       used 5972K, capacity 7024K, committed 7296K, reserved 1056768K
  class space    used 566K, capacity 616K, committed 640K, reserved 1048576K
}
Event: 2.335 GC heap before
{Heap before GC invocations=3 (full 0):
 PSYoungGen      total 38400K, used 38375K [0x00000000eab00000, 0x00000000ef600000, 0x0000000100000000)
  eden space 33280K, 100% used [0x00000000eab00000,0x00000000ecb80000,0x00000000ecb80000)
  from space 5120K, 99% used [0x00000000ed080000,0x00000000ed579c78,0x00000000ed580000)
  to   space 5120K, 0% used [0x00000000ecb80000,0x00000000ecb80000,0x00000000ed080000)
 ParOldGen       total 87552K, used 4516K [0x00000000c0000000, 0x00000000c5580000, 0x00000000eab00000)
  object space 87552K, 5% used [0x00000000c0000000,0x00000000c0469398,0x00000000c5580000)
 Metaspace       used 6077K, capacity 7152K, committed 7296K, reserved 1056768K
  class space    used 566K, capacity 616K, committed 640K, reserved 1048576K
Event: 2.354 GC heap after
Heap after GC invocations=3 (full 0):
 PSYoungGen      total 38400K, used 5116K [0x00000000eab00000, 0x00000000ef600000, 0x0000000100000000)
  eden space 33280K, 0% used [0x00000000eab00000,0x00000000eab00000,0x00000000ecb80000)
  from space 5120K, 99% used [0x00000000ecb80000,0x00000000ed07f0c8,0x00000000ed080000)
  to   space 5120K, 0% used [0x00000000ef100000,0x00000000ef100000,0x00000000ef600000)
 ParOldGen       total 87552K, used 10098K [0x00000000c0000000, 0x00000000c5580000, 0x00000000eab00000)
  object space 87552K, 11% used [0x00000000c0000000,0x00000000c09dc8c8,0x00000000c5580000)
 Metaspace       used 6077K, capacity 7152K, committed 7296K, reserved 1056768K
  class space    used 566K, capacity 616K, committed 640K, reserved 1048576K
}

Deoptimization events (10 events):
Event: 1.657 Thread 0x0000000017a3f800 Uncommon trap: reason=class_check action=maybe_recompile pc=0x0000000003641370 method=com.android.dx.ssa.NormalSsaInsn.accept(Lcom/android/dx/ssa/SsaInsn$Visitor;)V @ 9
Event: 1.657 Thread 0x0000000017a3b000 Uncommon trap: reason=class_check action=maybe_recompile pc=0x0000000003641370 method=com.android.dx.ssa.NormalSsaInsn.accept(Lcom/android/dx/ssa/SsaInsn$Visitor;)V @ 9
Event: 1.819 Thread 0x0000000017a3b000 Uncommon trap: reason=unstable_if action=reinterpret pc=0x0000000003702b6c method=com.android.dx.rop.code.RegisterSpecSet.put(Lcom/android/dx/rop/code/RegisterSpec;)V @ 77
Event: 1.830 Thread 0x00000000179fd800 Uncommon trap: reason=unstable_if action=reinterpret pc=0x000000000376fa4c method=java.util.HashMap.getNode(ILjava/lang/Object;)Ljava/util/HashMap$Node; @ 129
Event: 1.923 Thread 0x0000000017a3b000 Uncommon trap: reason=null_check action=make_not_entrant pc=0x000000000383191c method=com.android.dx.ssa.SsaRenamer.getLocalForNewReg(I)Lcom/android/dx/rop/code/LocalItem; @ 19
Event: 2.013 Thread 0x0000000017a3b000 Uncommon trap: reason=unstable_if action=reinterpret pc=0x00000000036a6bdc method=com.android.dx.rop.cst.Constant.compareTo(Lcom/android/dx/rop/cst/Constant;)I @ 12
Event: 2.017 Thread 0x0000000017a3b000 Uncommon trap: reason=null_check action=make_not_entrant pc=0x000000000375c468 method=com.android.dx.rop.type.Type.equals(Ljava/lang/Object;)Z @ 8
Event: 2.272 Thread 0x0000000017a3f800 Uncommon trap: reason=unstable_if action=reinterpret pc=0x00000000039d1564 method=com.android.dx.ssa.SCCP.simulateStmt(Lcom/android/dx/ssa/SsaInsn;)V @ 53
Event: 2.315 Thread 0x0000000017a3b000 Uncommon trap: reason=unstable_if action=reinterpret pc=0x00000000038206bc method=com.android.dx.util.IntList.binarysearch(I)I @ 105
Event: 2.364 Thread 0x0000000017a3b000 Uncommon trap: reason=unstable_if action=reinterpret pc=0x00000000036ddea0 method=com.android.dx.rop.code.RegisterSpec.equals(ILcom/android/dx/rop/type/TypeBearer;Lcom/android/dx/rop/code/LocalItem;)Z @ 16

Internal exceptions (4 events):
Event: 0.150 Thread 0x0000000001700800 Exception <a 'java/lang/NoSuchMethodError': Method sun.misc.Unsafe.defineClass(Ljava/lang/String;[BII)Ljava/lang/Class; name or signature does not match> (0x00000000eab07cc0) thrown at [C:\src\android\AOSP-openjdk\external\jetbrains\jdk\hotspot\src\share\vR;™8Ž.Ã?
Event: 0.150 Thread 0x0000000001700800 Exception <a 'java/lang/NoSuchMethodError': Method sun.misc.Unsafe.prefetchRead(Ljava/lang/Object;J)V name or signature does not match> (0x00000000eab07fa8) thrown at [C:\src\android\AOSP-openjdk\external\jetbrains\jdk\hotspot\src\share\vm\prims\jni.cpp, l;ƒáD€Âþ?
Event: 1.922 Thread 0x0000000017a3b000 Implicit null exception at 0x000000000382ee29 to 0x00000000038318f9
Event: 2.017 Thread 0x0000000017a3b000 Implicit null exception at 0x000000000375c362 to 0x000000000375c45a

Events (10 events):
Event: 2.272 Thread 0x0000000017a3f800 DEOPT PACKING pc=0x00000000039d1564 sp=0x0000000018fce6c0
Event: 2.272 Thread 0x0000000017a3f800 DEOPT UNPACKING pc=0x000000000344556a sp=0x0000000018fce6a8 mode 2
Event: 2.315 Thread 0x0000000017a3b000 Uncommon trap: trap_request=0xffffff65 fr.pc=0x00000000038206bc
Event: 2.315 Thread 0x0000000017a3b000 DEOPT PACKING pc=0x00000000038206bc sp=0x00000000191ce2d0
Event: 2.315 Thread 0x0000000017a3b000 DEOPT UNPACKING pc=0x000000000344556a sp=0x00000000191ce248 mode 2
Event: 2.324 Executing VM operation: ParallelGCFailedAllocation
Event: 2.354 Executing VM operation: ParallelGCFailedAllocation done
Event: 2.364 Thread 0x0000000017a3b000 Uncommon trap: trap_request=0xffffff65 fr.pc=0x00000000036ddea0
Event: 2.364 Thread 0x0000000017a3b000 DEOPT PACKING pc=0x00000000036ddea0 sp=0x00000000191ce310
Event: 2.364 Thread 0x0000000017a3b000 DEOPT UNPACKING pc=0x000000000344556a sp=0x00000000191ce168 mode 2


Dynamic libraries:
0x00007ff7eadd0000 - 0x00007ff7eae01000 	E:\Programming\Android\Android Studio\jre\bin\java.exe
0x00007ff974fb0000 - 0x00007ff975181000 	C:\WINDOWS\SYSTEM32\ntdll.dll
0x00007ff972570000 - 0x00007ff97261b000 	C:\WINDOWS\System32\KERNEL32.DLL
0x00007ff9714a0000 - 0x00007ff9716bd000 	C:\WINDOWS\System32\KERNELBASE.dll
0x00007ff972850000 - 0x00007ff9728f2000 	C:\WINDOWS\System32\ADVAPI32.dll
0x00007ff972ab0000 - 0x00007ff972b4e000 	C:\WINDOWS\System32\msvcrt.dll
0x00007ff974730000 - 0x00007ff974789000 	C:\WINDOWS\System32\sechost.dll
0x00007ff972720000 - 0x00007ff972841000 	C:\WINDOWS\System32\RPCRT4.dll
0x00007ff974e30000 - 0x00007ff974f95000 	C:\WINDOWS\System32\USER32.dll
0x00007ff971bd0000 - 0x00007ff971bee000 	C:\WINDOWS\System32\win32u.dll
0x00007ff974270000 - 0x00007ff9742a4000 	C:\WINDOWS\System32\GDI32.dll
0x00007ff971770000 - 0x00007ff9718f2000 	C:\WINDOWS\System32\gdi32full.dll
0x00007ff96c600000 - 0x00007ff96c879000 	C:\WINDOWS\WinSxS\amd64_microsoft.windows.common-controls_6595b64144ccf1df_6.0.14393.447_none_42191651c6827bb3\COMCTL32.dll
0x00007ff974370000 - 0x00007ff974637000 	C:\WINDOWS\System32\combase.dll
0x00007ff971ad0000 - 0x00007ff971bc5000 	C:\WINDOWS\System32\ucrtbase.dll
0x00007ff971bf0000 - 0x00007ff971c5a000 	C:\WINDOWS\System32\bcryptPrimitives.dll
0x00007ff972540000 - 0x00007ff97256e000 	C:\WINDOWS\System32\IMM32.DLL
0x0000000060c40000 - 0x0000000060d12000 	E:\Programming\Android\Android Studio\jre\jre\bin\msvcr100.dll
0x0000000060d20000 - 0x0000000061554000 	E:\Programming\Android\Android Studio\jre\jre\bin\server\jvm.dll
0x00007ff974fa0000 - 0x00007ff974fa8000 	C:\WINDOWS\System32\PSAPI.DLL
0x00007ff95f6c0000 - 0x00007ff95f6c9000 	C:\WINDOWS\SYSTEM32\WSOCK32.dll
0x00007ff96f3b0000 - 0x00007ff96f3d3000 	C:\WINDOWS\SYSTEM32\WINMM.dll
0x00007ff974790000 - 0x00007ff9747fa000 	C:\WINDOWS\System32\WS2_32.dll
0x00007ff96d3a0000 - 0x00007ff96d3aa000 	C:\WINDOWS\SYSTEM32\VERSION.dll
0x00007ff96f350000 - 0x00007ff96f37b000 	C:\WINDOWS\SYSTEM32\WINMMBASE.dll
0x00007ff971720000 - 0x00007ff971762000 	C:\WINDOWS\System32\cfgmgr32.dll
0x00007ff96df40000 - 0x00007ff96df4f000 	E:\Programming\Android\Android Studio\jre\jre\bin\verify.dll
0x00007ff967ec0000 - 0x00007ff967ee9000 	E:\Programming\Android\Android Studio\jre\jre\bin\java.dll
0x00007ff96ca40000 - 0x00007ff96ca56000 	E:\Programming\Android\Android Studio\jre\jre\bin\zip.dll
0x00007ff972b50000 - 0x00007ff974059000 	C:\WINDOWS\System32\SHELL32.dll
0x00007ff971db0000 - 0x00007ff97248a000 	C:\WINDOWS\System32\windows.storage.dll
0x00007ff971440000 - 0x00007ff97148c000 	C:\WINDOWS\System32\powrprof.dll
0x00007ff9742b0000 - 0x00007ff974302000 	C:\WINDOWS\System32\shlwapi.dll
0x00007ff971490000 - 0x00007ff97149f000 	C:\WINDOWS\System32\kernel.appcore.dll
0x00007ff972490000 - 0x00007ff972539000 	C:\WINDOWS\System32\shcore.dll
0x00007ff971420000 - 0x00007ff971434000 	C:\WINDOWS\System32\profapi.dll

VM Arguments:
jvm_args: -Djava.awt.headless=true -Xmx1024M -Dfile.encoding=windows-1251 -Duser.country=RU -Duser.language=ru -Duser.variant 
java_command: com.android.dx.command.Main --dex --force-jumbo --num-threads=4 --multi-dex --output E:\Programming\JAVALABS\lw05\app\build\intermediates\transforms\dex\debug\folders\1000\10\com.android.support-support-compat-24.2.1_e7e954b522a6346a1f500cddb58d00fe8012997f E:\Programming\JAVALABS\lw05\app\build\intermediates\exploded-aar\com.android.support\support-compat\24.2.1\jars\classes.jar
java_class_path (initial): E:\Programming\Android\sdk\build-tools\25.0.1\lib\dx.jar
Launcher Type: SUN_STANDARD

Environment Variables:
CLASSPATH=.;
PATH=C:\ProgramData\Oracle\Java\javapath;C:\Program Files (x86)\Lenovo\FusionEngine;C:\Windows\system32;C:\Windows;C:\Windows\System32\Wbem;C:\Windows\System32\WindowsPowerShell\v1.0\;C:\Program Files\Intel\WiFi\bin\;C:\Program Files\Common Files\Intel\WirelessCommon\;C:\Program Files (x86)\Skype\Phone\;C:\WINDOWS\system32;C:\WINDOWS;C:\WINDOWS\System32\Wbem;C:\WINDOWS\System32\WindowsPowerShell\v1.0\;C:\Program Files (x86)\NVIDIA Corporation\PhysX\Common;E:\Programming\Matlab R2015a\runtime\win64;E:\Programming\Matlab R2015a\bin;E:\Programming\Matlab R2015a\polyspace\bin;C:\WINDOWS\system32;C:\WINDOWS;C:\WINDOWS\System32\Wbem;C:\WINDOWS\System32\WindowsPowerShell\v1.0\;C:\Program Files\Java\jdk1.8.0_102\bin\\;C:\Program Files\Git\cmd;C:\Users\USER\AppData\Local\Microsoft\WindowsApps;
USERNAME=USER
OS=Windows_NT
PROCESSOR_IDENTIFIER=Intel64 Family 6 Model 60 Stepping 3, GenuineIntel



---------------  S Y S T E M  ---------------

OS: Windows 10.0 , 64 bit Build 14393 (10.0.14393.0)

CPU:total 8 (4 cores per cpu, 2 threads per core) family 6 model 60 stepping 3, cmov, cx8, fxsr, mmx, sse, sse2, sse3, ssse3, sse4.1, sse4.2, popcnt, avx, avx2, aes, clmul, erms, lzcnt, ht, tsc, tscinvbit, bmi1, bmi2

Memory: 4k page, physical 8298776k(2320076k free), swap 9609496k(5196k free)

vm_info: OpenJDK 64-Bit Server VM (25.76-b03) for windows-amd64 JRE (1.8.0_76-release-b03), built on Jun 29 2016 19:09:20 by "ralucas" with MS VC++ 10.0 (VS2010)

time: Mon Nov 28 22:35:35 2016
elapsed time: 2 seconds (0d 0h 0m 2s)

